Xilinx Platform Studio (XPS)
Xilinx EDK 12.1 Build EDK_MS1.53d

Copyright (c) 1995-2010 Xilinx, Inc.  All rights reserved.

Generating Block Diagram to Buffer 

/opt/Xilinx/12.1/ISE_DS/EDK/data/xml/xslscripts/ConvertEdwardVersion.xsl

Generated Block Diagram SVG

At Local date and time: Mon May 31 23:44:56 2010
 make -f system.make download started...

*********************************************
Initializing BRAM contents of the bitstream
*********************************************
bitinit -p xc5vfx70tff1136-1 system.mhs   -pe ppc440_0  bootloops/ppc440_0.elf  \
	-bt implementation/system.bit -o implementation/download.bit
bitinit version Xilinx EDK 12.1 Build EDK_MS1.53d
Copyright (c) Xilinx Inc. 2002.
Parsing MHS File system.mhs...
Overriding IP level properties ...
orig_family is virtex5
INFO:EDK:1560 - IPNAME:ppc440mc_ddr2 INSTANCE:DDR2_SDRAM -
   /opt/Xilinx/12.1/ISE_DS/EDK/hw/XilinxProcessorIPLib/pcores/ppc440mc_ddr2_v3_0
   0_b/data/ppc440mc_ddr2_v2_1_0.mpd line 103 - tcl is overriding PARAMETER
   C_IODELAY_GRP value to DDR2_SDRAM
Performing IP level DRCs on properties...
Running DRC Tcl procedures for OPTION IPLEVEL_DRC_PROC...
Address Map for Processor ppc440_0
  (0b0000000000-0b0011111111) ppc440_0	
  (0000000000-0x0fffffff) ppc440_0	plb_v46_0
  (0000000000-0x0fffffff) DDR2_SDRAM	ppc440_0_PPC440MC
  (0x81000000-0x8100ffff) Ethernet_MAC	plb_v46_0
  (0x81400000-0x8140ffff) Push_Buttons_5Bit	plb_v46_0
  (0x81420000-0x8142ffff) LEDs_Positions	plb_v46_0
  (0x81440000-0x8144ffff) LEDs_8Bit	plb_v46_0
  (0x81460000-0x8146ffff) DIP_Switches_8Bit	plb_v46_0
  (0x81480000-0x8148ffff) plbv46_2_wb_enconder_0	plb_v46_0
  (0x81600000-0x8160ffff) IIC_EEPROM	plb_v46_0
  (0x81800000-0x8180ffff) xps_intc_0	plb_v46_0
  (0x83600000-0x8360ffff) SysACE_CompactFlash	plb_v46_0
  (0x83a00000-0x83a0ffff) xps_timebase_wdt_0	plb_v46_0
  (0x83c00000-0x83c0ffff) xps_timer_0	plb_v46_0
  (0x84000000-0x8400ffff) RS232_Uart_1	plb_v46_0
  (0x86a00000-0x86a0ffff) xps_ps2_0	plb_v46_0
  (0x86e00000-0x86e0ffff) xps_tft_0	plb_v46_0
  (0x8c000000-0x8dffffff) FLASH	plb_v46_0
  (0xffff0000-0xffffffff) xps_bram_if_cntlr_1	plb_v46_0
INFO:EDK:1560 - IPNAME:ppc440_virtex5 INSTANCE:ppc440_0 -
   /opt/Xilinx/12.1/ISE_DS/EDK/hw/XilinxProcessorIPLib/pcores/ppc440_virtex5_v1_
   01_a/data/ppc440_virtex5_v2_1_0.mpd line 173 - tool is overriding PARAMETER
   C_SPLB0_P2P value to 0
Computing clock values...
INFO:EDK:1560 - IPNAME:ppc440_virtex5 INSTANCE:ppc440_0 -
   /opt/Xilinx/12.1/ISE_DS/EDK/hw/XilinxProcessorIPLib/pcores/ppc440_virtex5_v1_
   01_a/data/ppc440_virtex5_v2_1_0.mpd line 168 - tool is overriding PARAMETER
   C_SPLB0_NUM_MASTERS value to 2
INFO:EDK:1560 - IPNAME:plb_v46 INSTANCE:plb_v46_0 -
   /opt/Xilinx/12.1/ISE_DS/EDK/hw/XilinxProcessorIPLib/pcores/plb_v46_v1_04_a/da
   ta/plb_v46_v2_1_0.mpd line 68 - tool is overriding PARAMETER
   C_PLBV46_NUM_MASTERS value to 2
INFO:EDK:1560 - IPNAME:plb_v46 INSTANCE:plb_v46_0 -
   /opt/Xilinx/12.1/ISE_DS/EDK/hw/XilinxProcessorIPLib/pcores/plb_v46_v1_04_a/da
   ta/plb_v46_v2_1_0.mpd line 69 - tool is overriding PARAMETER
   C_PLBV46_NUM_SLAVES value to 17
INFO:EDK:1560 - IPNAME:plb_v46 INSTANCE:plb_v46_0 -
   /opt/Xilinx/12.1/ISE_DS/EDK/hw/XilinxProcessorIPLib/pcores/plb_v46_v1_04_a/da
   ta/plb_v46_v2_1_0.mpd line 70 - tool is overriding PARAMETER
   C_PLBV46_MID_WIDTH value to 1
INFO:EDK:1560 - IPNAME:plb_v46 INSTANCE:plb_v46_0 -
   /opt/Xilinx/12.1/ISE_DS/EDK/hw/XilinxProcessorIPLib/pcores/plb_v46_v1_04_a/da
   ta/plb_v46_v2_1_0.mpd line 72 - tool is overriding PARAMETER C_PLBV46_DWIDTH
   value to 128
INFO:EDK:1560 - IPNAME:xps_bram_if_cntlr INSTANCE:xps_bram_if_cntlr_1 -
   /opt/Xilinx/12.1/ISE_DS/EDK/hw/XilinxProcessorIPLib/pcores/xps_bram_if_cntlr_
   v1_00_b/data/xps_bram_if_cntlr_v2_1_0.mpd line 73 - tool is overriding
   PARAMETER C_SPLB_DWIDTH value to 128
INFO:EDK:1560 - IPNAME:xps_bram_if_cntlr INSTANCE:xps_bram_if_cntlr_1 -
   /opt/Xilinx/12.1/ISE_DS/EDK/hw/XilinxProcessorIPLib/pcores/xps_bram_if_cntlr_
   v1_00_b/data/xps_bram_if_cntlr_v2_1_0.mpd line 78 - tool is overriding
   PARAMETER C_SPLB_SMALLEST_MASTER value to 64
INFO:EDK:1560 - IPNAME:bram_block INSTANCE:xps_bram_if_cntlr_1_bram -
   /opt/Xilinx/12.1/ISE_DS/EDK/hw/XilinxProcessorIPLib/pcores/bram_block_v1_00_a
   /data/bram_block_v2_1_0.mpd line 67 - tool is overriding PARAMETER C_MEMSIZE
   value to 0x10000
INFO:EDK:1560 - IPNAME:bram_block INSTANCE:xps_bram_if_cntlr_1_bram -
   /opt/Xilinx/12.1/ISE_DS/EDK/hw/XilinxProcessorIPLib/pcores/bram_block_v1_00_a
   /data/bram_block_v2_1_0.mpd line 68 - tool is overriding PARAMETER
   C_PORT_DWIDTH value to 64
INFO:EDK:1560 - IPNAME:bram_block INSTANCE:xps_bram_if_cntlr_1_bram -
   /opt/Xilinx/12.1/ISE_DS/EDK/hw/XilinxProcessorIPLib/pcores/bram_block_v1_00_a
   /data/bram_block_v2_1_0.mpd line 70 - tool is overriding PARAMETER C_NUM_WE
   value to 8
INFO:EDK:1560 - IPNAME:xps_uartlite INSTANCE:RS232_Uart_1 -
   /opt/Xilinx/12.1/ISE_DS/EDK/hw/XilinxProcessorIPLib/pcores/xps_uartlite_v1_01
   _a/data/xps_uartlite_v2_1_0.mpd line 71 - tool is overriding PARAMETER
   C_SPLB_DWIDTH value to 128
INFO:EDK:1560 - IPNAME:xps_uartlite INSTANCE:RS232_Uart_1 -
   /opt/Xilinx/12.1/ISE_DS/EDK/hw/XilinxProcessorIPLib/pcores/xps_uartlite_v1_01
   _a/data/xps_uartlite_v2_1_0.mpd line 74 - tool is overriding PARAMETER
   C_SPLB_NUM_MASTERS value to 2
INFO:EDK:1560 - IPNAME:xps_gpio INSTANCE:LEDs_8Bit -
   /opt/Xilinx/12.1/ISE_DS/EDK/hw/XilinxProcessorIPLib/pcores/xps_gpio_v2_00_a/d
   ata/xps_gpio_v2_1_0.mpd line 69 - tool is overriding PARAMETER C_SPLB_DWIDTH
   value to 128
INFO:EDK:1560 - IPNAME:xps_gpio INSTANCE:LEDs_8Bit -
   /opt/Xilinx/12.1/ISE_DS/EDK/hw/XilinxProcessorIPLib/pcores/xps_gpio_v2_00_a/d
   ata/xps_gpio_v2_1_0.mpd line 72 - tool is overriding PARAMETER
   C_SPLB_NUM_MASTERS value to 2
INFO:EDK:1560 - IPNAME:xps_gpio INSTANCE:LEDs_Positions -
   /opt/Xilinx/12.1/ISE_DS/EDK/hw/XilinxProcessorIPLib/pcores/xps_gpio_v2_00_a/d
   ata/xps_gpio_v2_1_0.mpd line 69 - tool is overriding PARAMETER C_SPLB_DWIDTH
   value to 128
INFO:EDK:1560 - IPNAME:xps_gpio INSTANCE:LEDs_Positions -
   /opt/Xilinx/12.1/ISE_DS/EDK/hw/XilinxProcessorIPLib/pcores/xps_gpio_v2_00_a/d
   ata/xps_gpio_v2_1_0.mpd line 72 - tool is overriding PARAMETER
   C_SPLB_NUM_MASTERS value to 2
INFO:EDK:1560 - IPNAME:xps_gpio INSTANCE:Push_Buttons_5Bit -
   /opt/Xilinx/12.1/ISE_DS/EDK/hw/XilinxProcessorIPLib/pcores/xps_gpio_v2_00_a/d
   ata/xps_gpio_v2_1_0.mpd line 69 - tool is overriding PARAMETER C_SPLB_DWIDTH
   value to 128
INFO:EDK:1560 - IPNAME:xps_gpio INSTANCE:Push_Buttons_5Bit -
   /opt/Xilinx/12.1/ISE_DS/EDK/hw/XilinxProcessorIPLib/pcores/xps_gpio_v2_00_a/d
   ata/xps_gpio_v2_1_0.mpd line 72 - tool is overriding PARAMETER
   C_SPLB_NUM_MASTERS value to 2
INFO:EDK:1560 - IPNAME:xps_gpio INSTANCE:DIP_Switches_8Bit -
   /opt/Xilinx/12.1/ISE_DS/EDK/hw/XilinxProcessorIPLib/pcores/xps_gpio_v2_00_a/d
   ata/xps_gpio_v2_1_0.mpd line 69 - tool is overriding PARAMETER C_SPLB_DWIDTH
   value to 128
INFO:EDK:1560 - IPNAME:xps_gpio INSTANCE:DIP_Switches_8Bit -
   /opt/Xilinx/12.1/ISE_DS/EDK/hw/XilinxProcessorIPLib/pcores/xps_gpio_v2_00_a/d
   ata/xps_gpio_v2_1_0.mpd line 72 - tool is overriding PARAMETER
   C_SPLB_NUM_MASTERS value to 2
INFO:EDK:1560 - IPNAME:xps_iic INSTANCE:IIC_EEPROM -
   /opt/Xilinx/12.1/ISE_DS/EDK/hw/XilinxProcessorIPLib/pcores/xps_iic_v2_03_a/da
   ta/xps_iic_v2_1_0.mpd line 75 - tool is overriding PARAMETER
   C_SPLB_NUM_MASTERS value to 2
INFO:EDK:1560 - IPNAME:xps_iic INSTANCE:IIC_EEPROM -
   /opt/Xilinx/12.1/ISE_DS/EDK/hw/XilinxProcessorIPLib/pcores/xps_iic_v2_03_a/da
   ta/xps_iic_v2_1_0.mpd line 77 - tool is overriding PARAMETER C_SPLB_DWIDTH
   value to 128
INFO:EDK:1560 - IPNAME:xps_ethernetlite INSTANCE:Ethernet_MAC -
   /opt/Xilinx/12.1/ISE_DS/EDK/hw/XilinxProcessorIPLib/pcores/xps_ethernetlite_v
   4_00_a/data/xps_ethernetlite_v2_1_0.mpd line 74 - tool is overriding
   PARAMETER C_SPLB_DWIDTH value to 128
INFO:EDK:1560 - IPNAME:xps_ethernetlite INSTANCE:Ethernet_MAC -
   /opt/Xilinx/12.1/ISE_DS/EDK/hw/XilinxProcessorIPLib/pcores/xps_ethernetlite_v
   4_00_a/data/xps_ethernetlite_v2_1_0.mpd line 77 - tool is overriding
   PARAMETER C_SPLB_NUM_MASTERS value to 2
INFO:EDK:1560 - IPNAME:xps_ethernetlite INSTANCE:Ethernet_MAC -
   /opt/Xilinx/12.1/ISE_DS/EDK/hw/XilinxProcessorIPLib/pcores/xps_ethernetlite_v
   4_00_a/data/xps_ethernetlite_v2_1_0.mpd line 79 - tool is overriding
   PARAMETER C_SPLB_SMALLEST_MASTER value to 64
INFO:EDK:1560 - IPNAME:xps_sysace INSTANCE:SysACE_CompactFlash -
   /opt/Xilinx/12.1/ISE_DS/EDK/hw/XilinxProcessorIPLib/pcores/xps_sysace_v1_01_a
   /data/xps_sysace_v2_1_0.mpd line 70 - tool is overriding PARAMETER
   C_SPLB_DWIDTH value to 128
INFO:EDK:1560 - IPNAME:xps_sysace INSTANCE:SysACE_CompactFlash -
   /opt/Xilinx/12.1/ISE_DS/EDK/hw/XilinxProcessorIPLib/pcores/xps_sysace_v1_01_a
   /data/xps_sysace_v2_1_0.mpd line 72 - tool is overriding PARAMETER
   C_SPLB_MID_WIDTH value to 1
INFO:EDK:1560 - IPNAME:xps_sysace INSTANCE:SysACE_CompactFlash -
   /opt/Xilinx/12.1/ISE_DS/EDK/hw/XilinxProcessorIPLib/pcores/xps_sysace_v1_01_a
   /data/xps_sysace_v2_1_0.mpd line 73 - tool is overriding PARAMETER
   C_SPLB_NUM_MASTERS value to 2
INFO:EDK:1560 - IPNAME:xps_mch_emc INSTANCE:FLASH -
   /opt/Xilinx/12.1/ISE_DS/EDK/hw/XilinxProcessorIPLib/pcores/xps_mch_emc_v3_01_
   a/data/xps_mch_emc_v2_1_0.mpd line 78 - tool is overriding PARAMETER
   C_SPLB_NUM_MASTERS value to 2
INFO:EDK:1560 - IPNAME:xps_mch_emc INSTANCE:FLASH -
   /opt/Xilinx/12.1/ISE_DS/EDK/hw/XilinxProcessorIPLib/pcores/xps_mch_emc_v3_01_
   a/data/xps_mch_emc_v2_1_0.mpd line 80 - tool is overriding PARAMETER
   C_SPLB_DWIDTH value to 128
INFO:EDK:1560 - IPNAME:xps_mch_emc INSTANCE:FLASH -
   /opt/Xilinx/12.1/ISE_DS/EDK/hw/XilinxProcessorIPLib/pcores/xps_mch_emc_v3_01_
   a/data/xps_mch_emc_v2_1_0.mpd line 82 - tool is overriding PARAMETER
   C_SPLB_SMALLEST_MASTER value to 64
INFO:EDK:1560 - IPNAME:xps_timebase_wdt INSTANCE:xps_timebase_wdt_0 -
   /opt/Xilinx/12.1/ISE_DS/EDK/hw/XilinxProcessorIPLib/pcores/xps_timebase_wdt_v
   1_01_a/data/xps_timebase_wdt_v2_1_0.mpd line 71 - tool is overriding
   PARAMETER C_SPLB_DWIDTH value to 128
INFO:EDK:1560 - IPNAME:xps_timebase_wdt INSTANCE:xps_timebase_wdt_0 -
   /opt/Xilinx/12.1/ISE_DS/EDK/hw/XilinxProcessorIPLib/pcores/xps_timebase_wdt_v
   1_01_a/data/xps_timebase_wdt_v2_1_0.mpd line 74 - tool is overriding
   PARAMETER C_SPLB_NUM_MASTERS value to 2
INFO:EDK:1560 - IPNAME:xps_timer INSTANCE:xps_timer_0 -
   /opt/Xilinx/12.1/ISE_DS/EDK/hw/XilinxProcessorIPLib/pcores/xps_timer_v1_02_a/
   data/xps_timer_v2_1_0.mpd line 75 - tool is overriding PARAMETER
   C_SPLB_DWIDTH value to 128
INFO:EDK:1560 - IPNAME:xps_timer INSTANCE:xps_timer_0 -
   /opt/Xilinx/12.1/ISE_DS/EDK/hw/XilinxProcessorIPLib/pcores/xps_timer_v1_02_a/
   data/xps_timer_v2_1_0.mpd line 77 - tool is overriding PARAMETER
   C_SPLB_MID_WIDTH value to 1
INFO:EDK:1560 - IPNAME:xps_timer INSTANCE:xps_timer_0 -
   /opt/Xilinx/12.1/ISE_DS/EDK/hw/XilinxProcessorIPLib/pcores/xps_timer_v1_02_a/
   data/xps_timer_v2_1_0.mpd line 78 - tool is overriding PARAMETER
   C_SPLB_NUM_MASTERS value to 2
INFO:EDK:1560 - IPNAME:xps_intc INSTANCE:xps_intc_0 -
   /opt/Xilinx/12.1/ISE_DS/EDK/hw/XilinxProcessorIPLib/pcores/xps_intc_v2_01_a/d
   ata/xps_intc_v2_1_0.mpd line 71 - tool is overriding PARAMETER C_SPLB_DWIDTH
   value to 128
INFO:EDK:1560 - IPNAME:xps_intc INSTANCE:xps_intc_0 -
   /opt/Xilinx/12.1/ISE_DS/EDK/hw/XilinxProcessorIPLib/pcores/xps_intc_v2_01_a/d
   ata/xps_intc_v2_1_0.mpd line 73 - tool is overriding PARAMETER
   C_SPLB_NUM_MASTERS value to 2
INFO:EDK:1560 - IPNAME:xps_tft INSTANCE:xps_tft_0 -
   /opt/Xilinx/12.1/ISE_DS/EDK/hw/XilinxProcessorIPLib/pcores/xps_tft_v2_01_a/da
   ta/xps_tft_v2_1_0.mpd line 76 - tool is overriding PARAMETER C_MPLB_DWIDTH
   value to 128
INFO:EDK:1560 - IPNAME:xps_tft INSTANCE:xps_tft_0 -
   /opt/Xilinx/12.1/ISE_DS/EDK/hw/XilinxProcessorIPLib/pcores/xps_tft_v2_01_a/da
   ta/xps_tft_v2_1_0.mpd line 80 - tool is overriding PARAMETER C_SPLB_DWIDTH
   value to 128
INFO:EDK:1560 - IPNAME:xps_tft INSTANCE:xps_tft_0 -
   /opt/Xilinx/12.1/ISE_DS/EDK/hw/XilinxProcessorIPLib/pcores/xps_tft_v2_01_a/da
   ta/xps_tft_v2_1_0.mpd line 83 - tool is overriding PARAMETER
   C_SPLB_NUM_MASTERS value to 2
INFO:EDK:1560 - IPNAME:xps_ps2 INSTANCE:xps_ps2_0 -
   /opt/Xilinx/12.1/ISE_DS/EDK/hw/XilinxProcessorIPLib/pcores/xps_ps2_v1_01_b/da
   ta/xps_ps2_v2_1_0.mpd line 68 - tool is overriding PARAMETER C_SPLB_DWIDTH
   value to 128
INFO:EDK:1560 - IPNAME:xps_ps2 INSTANCE:xps_ps2_0 -
   /opt/Xilinx/12.1/ISE_DS/EDK/hw/XilinxProcessorIPLib/pcores/xps_ps2_v1_01_b/da
   ta/xps_ps2_v2_1_0.mpd line 71 - tool is overriding PARAMETER
   C_SPLB_NUM_MASTERS value to 2
INFO:EDK:1560 - IPNAME:plbv46_2_wb_enconder INSTANCE:plbv46_2_wb_enconder_0 -
   /home/aalonso/workspace/ppc44x/xilinx-ml507-updated/pcores/plbv46_2_wb_encond
   er_v1_01_a/data/plbv46_2_wb_enconder_v2_1_0.mpd line 26 - tool is overriding
   PARAMETER C_SPLB_NUM_MASTERS value to 2
INFO:EDK:1560 - IPNAME:plbv46_2_wb_enconder INSTANCE:plbv46_2_wb_enconder_0 -
   /home/aalonso/workspace/ppc44x/xilinx-ml507-updated/pcores/plbv46_2_wb_encond
   er_v1_01_a/data/plbv46_2_wb_enconder_v2_1_0.mpd line 27 - tool is overriding
   PARAMETER C_SPLB_MID_WIDTH value to 1
INFO:EDK:1560 - IPNAME:plbv46_2_wb_enconder INSTANCE:plbv46_2_wb_enconder_0 -
   /home/aalonso/workspace/ppc44x/xilinx-ml507-updated/pcores/plbv46_2_wb_encond
   er_v1_01_a/data/plbv46_2_wb_enconder_v2_1_0.mpd line 31 - tool is overriding
   PARAMETER C_SPLB_SMALLEST_MASTER value to 64
Checking platform address map ...
Initializing Memory...
Running Data2Mem with the following command:
data2mem -bm implementation/system_bd -bt implementation/system.bit  -bd
bootloops/ppc440_0.elf tag ppc440_0  -o b implementation/download.bit 
Memory Initialization completed successfully.
*********************************************
Downloading Bitstream onto the target board
*********************************************
impact -batch etc/download.cmd
Release 12.1 - iMPACT M.53d (lin64)
Copyright (c) 1995-2010 Xilinx, Inc.  All rights reserved.
Preference Table
Name                 Setting             
StartupClock         Auto_Correction     
AutoSignature        False               
KeepSVF              False               
ConcurrentMode       False               
UseHighz             False               
ConfigOnFailure      Stop                
UserLevel            Novice              
MessageLevel         Detailed            
svfUseTime           false               
SpiByteSwap          Auto_Correction     
AutoInfer            false               
SvfPlayDisplayComments false               
AutoDetecting cable. Please wait.
Connecting to cable (Usb Port - USB21).
Checking cable driver.
File version of /opt/Xilinx/12.1/ISE_DS/ISE/bin/lin64/xusbdfwu.hex = 1030.
File version of /usr/share/xusbdfwu.hex = 1030.
 Using libusb.
 Kernel release = 2.6.33.4-95.fc13.x86_64.
Cable connection failed.
Connecting to cable (Parallel Port - parport0).
 Linux release = 2.6.33.4-95.fc13.x86_64.
Cable connection failed.
Connecting to cable (Parallel Port - parport1).
 Linux release = 2.6.33.4-95.fc13.x86_64.
Cable connection failed.
Connecting to cable (Parallel Port - parport2).
 Linux release = 2.6.33.4-95.fc13.x86_64.
Cable connection failed.
Connecting to cable (Parallel Port - parport3).
 Linux release = 2.6.33.4-95.fc13.x86_64.
Cable connection failed.
Cable autodetection failed.
WARNING:iMPACT -  Module windrvr6 is not loaded. Please reinstall the cable
   drivers. See Answer Record 22648.
WARNING:iMPACT -  Module windrvr6 is not loaded. Please reinstall the cable
   drivers. See Answer Record 22648.
WARNING:iMPACT -  Module windrvr6 is not loaded. Please reinstall the cable
   drivers. See Answer Record 22648.
WARNING:iMPACT -  Module windrvr6 is not loaded. Please reinstall the cable
   drivers. See Answer Record 22648.

make: *** [download] Error 1



Done!

Writing filter settings....

Done writing filter settings to:
	/home/aalonso/workspace/ppc44x/xilinx-ml507-updated/__xps/system.filters

Done writing Tab View settings to:
	/home/aalonso/workspace/ppc44x/xilinx-ml507-updated/__xps/system.gui

Xilinx Platform Studio (XPS)
Xilinx EDK 12.1 Build EDK_MS1.53d

Copyright (c) 1995-2010 Xilinx, Inc.  All rights reserved.

Generating Block Diagram to Buffer 

/opt/Xilinx/12.1/ISE_DS/EDK/data/xml/xslscripts/ConvertEdwardVersion.xsl

Generated Block Diagram SVG

At Local date and time: Mon Jun  7 09:52:06 2010
 make -f system.make download started...

*********************************************
Downloading Bitstream onto the target board
*********************************************
impact -batch etc/download.cmd
Release 12.1 - iMPACT M.53d (lin64)
Copyright (c) 1995-2010 Xilinx, Inc.  All rights reserved.
Preference Table
Name                 Setting             
StartupClock         Auto_Correction     
AutoSignature        False               
KeepSVF              False               
ConcurrentMode       False               
UseHighz             False               
ConfigOnFailure      Stop                
UserLevel            Novice              
MessageLevel         Detailed            
svfUseTime           false               
SpiByteSwap          Auto_Correction     
AutoInfer            false               
SvfPlayDisplayComments false               
AutoDetecting cable. Please wait.
Connecting to cable (Usb Port - USB21).
Checking cable driver.
File version of /opt/Xilinx/12.1/ISE_DS/ISE/bin/lin64/xusbdfwu.hex = 1030.
File version of /usr/share/xusbdfwu.hex = 1030.
 Using libusb.
 Kernel release = 2.6.33.5-112.fc13.x86_64.
 Max current requested during enumeration is 300 mA.
Type = 0x0005.
control tranfer failed.
write (count, cmdBuffer, dataBuffer) failed 20000020.
 Cable Type = 3, Revision = 0.
 Setting cable speed to 6 MHz.
Cable connection established.
Firmware version = 2300.
File version of /opt/Xilinx/12.1/ISE_DS/ISE/data/xusb_xp2.hex = 2401.
Firmware hex file version = 2401.
Downloading /opt/Xilinx/12.1/ISE_DS/ISE/data/xusb_xp2.hex.
Downloaded firmware version = 2401.
PLD file version = 200Dh.
 PLD version = 200Dh.
Type = 0x0005.
ESN option: 000012924FDE01.
Identifying chain contents...
'0': : Manufacturer's ID = Xilinx xc5vfx70t, Version : 6
I
NFO:iMPACT:1777 - 
   Reading /opt/Xilinx/12.1/ISE_DS/ISE/virtex5/data/xc5vfx70t.bsd...

INFO:iMPACT:501 - '1': Added Device xc5vfx70t successfully.

----------------------------------------------------------------------
----------------------------------------------------------------------
'1': : Manufacturer's ID = Xilinx xccace, Version : 0
I
NFO:iMPACT:1777 - 
   Reading /opt/Xilinx/12.1/ISE_DS/ISE/acecf/data/xccace.bsd...

I
N
----------------------------------------------------------------------
----------------------------------------------------------------------
FO:iMPACT:501 - '1': Added Device xccace successfully.

'2': : Manufacturer's ID = Xilinx xc95144xl, Version : 5
I
NFO:iMPACT:1777 - 
   Reading /opt/Xilinx/12.1/ISE_DS/ISE/xc9500xl/data/xc95144xl.bsd...

I
N
----------------------------------------------------------------------
----------------------------------------------------------------------
FO:iMPACT:501 - '1': Added Device xc95144xl successfully.

'3': : Manufacturer's ID = Xilinx xcf32p, Version : 15
INFO:iMPACT:1777 - 
   Reading /opt/Xilinx/12.1/ISE_DS/ISE/xcfp/data/xcf32p.bsd...

I
----------------------------------------------------------------------
----------------------------------------------------------------------
NFO:iMPACT:501 - '1': Added Device xcf32p successfully.

'4': : Manufacturer's ID = Xilinx xcf32p, Version : 15
INFO:iMPACT:501 - '1': Added
----------------------------------------------------------------------
----------------------------------------------------------------------
 Device xcf32p successfully.

done.
Elapsed time =     17 sec.
Elapsed time =      0 sec.
'5': Loading file 'implementation/download.bit' ...
done.
UserID read from the bitstream file = 0xFFFFFFFF.
----------------------------------------------------------------------
----------------------------------------------------------------------
INFO:iMPACT:501 - '5': Added Device xc5vfx70t successfully.

----------------------------------------------------------------------
Maximum TCK operating frequency for this device chain: 10000000.
Validating chain...
Boundary-scan chain validated successfully.
5: Device Temperature: Current Reading:   33.64 C, Min. Reading:   26.26 C, Max.
Reading:   33.64 C
5: VCCINT Supply: Current Reading:   0.999 V, Min. Reading:   0.999 V, Max.
Reading:   1.002 V
5: VCCAUX Supply: Current Reading:   2.490 V, Min. Reading:   2.487 V, Max.
Reading:   2.493 V
'5': Programming device...
 Match_cycle = 2.
 LCK_cycle = NoWait.
LCK cycle: NoWait
done.
 Match_cycle = 2.
 LCK_cycle = NoWait.
LCK cycle: NoWait
INFO:iMPACT:2219 - Status register values:
INFO:iMPACT - 0011 1111 1011 1110 0000 1011 1000 0000 
INFO:iMPACT:579 - '5': Completed downloading bit file to device.
INFO:iMPACT:188 - '5': Programming completed successfully.

I
'5': Programmed successfully.
NFO:iMPACT - '5': Checking done pin....done.

Elapsed time =     22 sec.
----------------------------------------------------------------------
----------------------------------------------------------------------
----------------------------------------------------------------------
----------------------------------------------------------------------
----------------------------------------------------------------------
----------------------------------------------------------------------
----------------------------------------------------------------------
----------------------------------------------------------------------


Done!

xterm -e xmd -xmp system.xmp -opt etc/xmd_ppc440_0.opt&

At Local date and time: Mon Jun  7 09:55:41 2010
 make -f system.make program started...

powerpc-eabi-gcc -O2 TestApp_Memory_ppc440_0/src/TestApp_Memory.c  -o TestApp_Memory_ppc440_0/executable.elf \
	    -mcpu=440  -Wl,-T -Wl,TestApp_Memory_ppc440_0/src/TestApp_Memory_LinkScr.ld  -g    -I./ppc440_0/include/  -L./ppc440_0/lib/  \
	  
powerpc-eabi-size TestApp_Memory_ppc440_0/executable.elf 
   text	   data	    bss	    dec	    hex	filename
   5758	    316	   6192	  12266	   2fea	TestApp_Memory_ppc440_0/executable.elf
powerpc-eabi-gcc -O2 TestApp_Peripheral_ppc440_0/src/TestApp_Peripheral.c TestApp_Peripheral_ppc440_0/src/xintc_tapp_example.c TestApp_Peripheral_ppc440_0/src/xgpio_tapp_example.c TestApp_Peripheral_ppc440_0/src/xgpio_intr_tapp_example.c TestApp_Peripheral_ppc440_0/src/xiic_selftest_example.c TestApp_Peripheral_ppc440_0/src/xemaclite_polled_example.c TestApp_Peripheral_ppc440_0/src/xemaclite_intr_example.c TestApp_Peripheral_ppc440_0/src/xemaclite_example_util.c TestApp_Peripheral_ppc440_0/src/xsysace_selftest_example.c TestApp_Peripheral_ppc440_0/src/xwdttb_selftest_example.c TestApp_Peripheral_ppc440_0/src/xwdttb_intr_example.c TestApp_Peripheral_ppc440_0/src/xtmrctr_selftest_example.c TestApp_Peripheral_ppc440_0/src/xtmrctr_intr_example.c  -o TestApp_Peripheral_ppc440_0/executable.elf \
	    -mcpu=440  -Wl,-T -Wl,TestApp_Peripheral_ppc440_0/src/TestApp_Peripheral_LinkScr.ld  -g    -I./ppc440_0/include/  -ITestApp_Peripheral_ppc440_0/src/  -L./ppc440_0/lib/  \
	  
powerpc-eabi-size TestApp_Peripheral_ppc440_0/executable.elf 
   text	   data	    bss	    dec	    hex	filename
  41270	    580	  20208	  62058	   f26a	TestApp_Peripheral_ppc440_0/executable.elf
powerpc-eabi-gcc -O2 TestApp_Peripheral_ppc440_0_tft/src/xps-tft-colorbar.c  -o TestApp_Peripheral_ppc440_0_tft/executable.elf \
	    -mcpu=440   -g    -I./ppc440_0/include/  -L./ppc440_0/lib/  \
	  
powerpc-eabi-size TestApp_Peripheral_ppc440_0_tft/executable.elf 
   text	   data	    bss	    dec	    hex	filename
  12434	   1492	   8276	  22202	   56ba	TestApp_Peripheral_ppc440_0_tft/executable.elf
Sw App TestApp_Peripheral_wb_encoder: Neither C-sources specified, nor marked for BRAM initialization. Not compiling elf file


Done!

Writing filter settings....

Done writing filter settings to:
	/home/aalonso/workspace/ppc44x/xilinx-ml507-updated/__xps/system.filters

Done writing Tab View settings to:
	/home/aalonso/workspace/ppc44x/xilinx-ml507-updated/__xps/system.gui

Xilinx Platform Studio (XPS)
Xilinx EDK 12.1 Build EDK_MS1.53d

Copyright (c) 1995-2010 Xilinx, Inc.  All rights reserved.

Generating Block Diagram to Buffer 

/opt/Xilinx/12.1/ISE_DS/EDK/data/xml/xslscripts/ConvertEdwardVersion.xsl

Generated Block Diagram SVG

At Local date and time: Tue Jun  8 00:34:25 2010
 make -f system.make TestApp_Peripheral_ppc440_0_programclean started...

rm -f TestApp_Peripheral_ppc440_0/executable.elf 


Done!

At Local date and time: Tue Jun  8 00:34:37 2010
 make -f system.make TestApp_Peripheral_ppc440_0_program started...

powerpc-eabi-gcc -O2 TestApp_Peripheral_ppc440_0/src/TestApp_Peripheral.c TestApp_Peripheral_ppc440_0/src/xintc_tapp_example.c TestApp_Peripheral_ppc440_0/src/xgpio_tapp_example.c TestApp_Peripheral_ppc440_0/src/xgpio_intr_tapp_example.c TestApp_Peripheral_ppc440_0/src/xiic_selftest_example.c TestApp_Peripheral_ppc440_0/src/xemaclite_polled_example.c TestApp_Peripheral_ppc440_0/src/xemaclite_intr_example.c TestApp_Peripheral_ppc440_0/src/xemaclite_example_util.c TestApp_Peripheral_ppc440_0/src/xsysace_selftest_example.c TestApp_Peripheral_ppc440_0/src/xwdttb_selftest_example.c TestApp_Peripheral_ppc440_0/src/xwdttb_intr_example.c TestApp_Peripheral_ppc440_0/src/xtmrctr_selftest_example.c TestApp_Peripheral_ppc440_0/src/xtmrctr_intr_example.c TestApp_Peripheral_ppc440_0/src/wbEncoder_intc.c TestApp_Peripheral_ppc440_0/src/wbEncoder_tapp_example.c TestApp_Peripheral_ppc440_0/src/wbEncoder.c  -o TestApp_Peripheral_ppc440_0/executable.elf \
	    -mcpu=440  -Wl,-T -Wl,TestApp_Peripheral_ppc440_0/src/TestApp_Peripheral_LinkScr.ld  -g    -I./ppc440_0/include/  -ITestApp_Peripheral_ppc440_0/src/  -L./ppc440_0/lib/  \
	  
In file included from TestApp_Peripheral_ppc440_0/src/wbEncoder.h:29,
                 from TestApp_Peripheral_ppc440_0/src/TestApp_Peripheral.c:61:
TestApp_Peripheral_ppc440_0/src/wbEncoder_intc.h:45: error: expected ‘)’ before ‘*’ token
TestApp_Peripheral_ppc440_0/src/wbEncoder_intc.h:46: error: expected ‘)’ before ‘*’ token
TestApp_Peripheral_ppc440_0/src/wbEncoder_intc.h:47: error: expected ‘)’ before ‘*’ token
TestApp_Peripheral_ppc440_0/src/wbEncoder_intc.h:48: error: expected ‘)’ before ‘*’ token
TestApp_Peripheral_ppc440_0/src/wbEncoder_intc.h:49: error: expected ‘)’ before ‘*’ token

TestApp_Peripheral_ppc440_0/src/wbEncoder_intc.h:50: error: expected ‘)’ before ‘*’ token
TestApp_Peripheral_ppc440_0/src/wbEncoder_intc.h:51: error: expected ‘)’ before ‘*’ token
In file included from TestApp_Peripheral_ppc440_0/src/TestApp_Peripheral.c:61:
TestApp_Peripheral_ppc440_0/src/wbEncoder.h:81: error: ‘XPAR_PLBV46_2_WB_ENCONDER_0_INTERRUPT_PRESENT’ undeclared here (not in a function)
TestApp_Peripheral_ppc440_0/src/TestApp_Peripheral.c: In function ‘main’:
TestApp_Peripheral_ppc440_0/src/TestApp_Peripheral.c:343: error: ‘WB_ENCODER_DEVICE_ID’ undeclared (first use in this function)
TestApp_Peripheral_ppc440_0/src/TestApp_Peripheral.c:343: error: (Each undeclared identifier is reported only once
TestApp_Peripheral_ppc440_0/src/TestApp_Peripheral.c:343: error: for each function it appears in.)

In file included from TestApp_Peripheral_ppc440_0/src/wbEncoder.h:29,
                 from TestApp_Peripheral_ppc440_0/src/wbEncoder_intc.c:23:
TestApp_Peripheral_ppc440_0/src/wbEncoder_intc.h:45: error: expected ‘)’ before ‘*’ token
TestApp_Peripheral_ppc440_0/src/wbEncoder_intc.h:46: error: expected ‘)’ before ‘*’ token
TestApp_Peripheral_ppc440_0/src/wbEncoder_intc.h:47: error: expected ‘)’ before ‘*’ token
TestApp_Peripheral_ppc440_0/src/wbEncoder_intc.h:48: error: expected ‘)’ before ‘*’ token
TestApp_Peripheral_ppc440_0/src/wbEncoder_intc.h:49: error: expected ‘)’ before ‘*’ token

TestApp_Peripheral_ppc440_0/src/wbEncoder_intc.h:50: error: expected ‘)’ before ‘*’ token
TestApp_Peripheral_ppc440_0/src/wbEncoder_intc.h:51: error: expected ‘)’ before ‘*’ token
In file included from TestApp_Peripheral_ppc440_0/src/wbEncoder_intc.c:23:
TestApp_Peripheral_ppc440_0/src/wbEncoder.h:81: error: ‘XPAR_PLBV46_2_WB_ENCONDER_0_INTERRUPT_PRESENT’ undeclared here (not in a function)
TestApp_Peripheral_ppc440_0/src/wbEncoder_intc.c: In function ‘wbEncoder_InterruptGlobalEnable’:
TestApp_Peripheral_ppc440_0/src/wbEncoder_intc.c:44: error: expected ‘)’ before ‘->’ token
TestApp_Peripheral_ppc440_0/src/wbEncoder_intc.c:44: error: ‘PLBV46_2_WB_ENCONDER_INTR_IPIER_OFFSET’ undeclared (first use in this function)
TestApp_Peripheral_ppc440_0/src/wbEncoder_intc.c:44: error: (Each undeclared identifier is reported only once
TestApp_Peripheral_ppc440_0/src/wbEncoder_intc.c:44: error: for each function it appears in.)
TestApp_Peripheral_ppc440_0/src/wbEncoder_intc.c:44: error: wrong type argument to unary plus
TestApp_Peripheral_ppc440_0/src/wbEncoder_intc.c:44: error: conversion to non-scalar type requested
TestApp_Peripheral_ppc440_0/src/wbEncoder_intc.c:44: warning: passing argument 1 of ‘Xil_Out32’ makes integer from pointer without a cast
TestApp_Peripheral_ppc440_0/src/wbEncoder_intc.c:48: error: expected ‘)’ before ‘->’ token
TestApp_Peripheral_ppc440_0/src/wbEncoder_intc.c:48: error: ‘PLBV46_2_WB_ENCONDER_INTR_DIER_OFFSET’ undeclared (first use in this function)
TestApp_Peripheral_ppc440_0/src/wbEncoder_intc.c:48: error: wrong type argument to unary plus
TestApp_Peripheral_ppc440_0/src/wbEncoder_intc.c:48: error: conversion to non-scalar type requested
TestApp_Peripheral_ppc440_0/src/wbEncoder_intc.c:48: error: ‘INTR_TERR_MASK’ undeclared (first use in this function)
TestApp_Peripheral_ppc440_0/src/wbEncoder_intc.c:48: error: ‘INTR_DPTO_MASK’ undeclared (first use in this function)
TestApp_Peripheral_ppc440_0/src/wbEncoder_intc.c:48: error: invalid operands to binary |
TestApp_Peripheral_ppc440_0/src/wbEncoder_intc.c:48: error: ‘INTR_IPIR_MASK’ undeclared (first use in this function)
TestApp_Peripheral_ppc440_0/src/wbEncoder_intc.c:48: error: invalid operands to binary |
TestApp_Peripheral_ppc440_0/src/wbEncoder_intc.c:48: warning: passing argument 1 of ‘Xil_Out32’ makes integer from pointer without a cast
TestApp_Peripheral_ppc440_0/src/wbEncoder_intc.c:52: error: expected ‘)’ before ‘->’ token
TestApp_Peripheral_ppc440_0/src/wbEncoder_intc.c:52: error: ‘PLBV46_2_WB_ENCONDER_INTR_DGIER_OFFSET’ undeclared (first use in this function)
TestApp_Peripheral_ppc440_0/src/wbEncoder_intc.c:52: error: wrong type argument to unary plus
TestApp_Peripheral_ppc440_0/src/wbEncoder_intc.c:52: error: conversion to non-scalar type requested
TestApp_Peripheral_ppc440_0/src/wbEncoder_intc.c:52: error: ‘INTR_GIE_MASK’ undeclared (first use in this function)
TestApp_Peripheral_ppc440_0/src/wbEncoder_intc.c:52: warning: passing argument 1 of ‘Xil_Out32’ makes integer from pointer without a cast
TestApp_Peripheral_ppc440_0/src/wbEncoder_intc.c: In function ‘wbEncoder_InterruptGlobalDisable’:
TestApp_Peripheral_ppc440_0/src/wbEncoder_intc.c:64: error: expected ‘)’ before ‘->’ token
TestApp_Peripheral_ppc440_0/src/wbEncoder_intc.c:64: error: ‘PLBV46_2_WB_ENCONDER_INTR_DGIER_OFFSET’ undeclared (first use in this function)
TestApp_Peripheral_ppc440_0/src/wbEncoder_intc.c:64: error: wrong type argument to unary plus
TestApp_Peripheral_ppc440_0/src/wbEncoder_intc.c:64: error: conversion to non-scalar type requested
TestApp_Peripheral_ppc440_0/src/wbEncoder_intc.c:64: warning: passing argument 1 of ‘Xil_Out32’ makes integer from pointer without a cast
TestApp_Peripheral_ppc440_0/src/wbEncoder_intc.c:78:47: error: macro "wbEncoder_ReadReg" requires 3 arguments, but only 2 given
TestApp_Peripheral_ppc440_0/src/wbEncoder_intc.c: In function ‘wbEncoder_InterruptEnable’:
TestApp_Peripheral_ppc440_0/src/wbEncoder_intc.c:77: error: ‘wbEncoder_ReadReg’ undeclared (first use in this function)
TestApp_Peripheral_ppc440_0/src/wbEncoder_intc.c:77: warning: assignment makes integer from pointer without a cast
TestApp_Peripheral_ppc440_0/src/wbEncoder_intc.c:79: error: ‘PLBV46_2_WB_ENCONDER_INTR_IPIER_OFFSET’ undeclared (first use in this function)
TestApp_Peripheral_ppc440_0/src/wbEncoder_intc.c:79: warning: passing argument 1 of ‘Xil_Out32’ makes integer from pointer without a cast
TestApp_Peripheral_ppc440_0/src/wbEncoder_intc.c:93:47: error: macro "wbEncoder_ReadReg" requires 3 arguments, but only 2 given
TestApp_Peripheral_ppc440_0/src/wbEncoder_intc.c: In function ‘wbEncoder_InterruptDisable’:
TestApp_Peripheral_ppc440_0/src/wbEncoder_intc.c:92: error: ‘wbEncoder_ReadReg’ undeclared (first use in this function)
TestApp_Peripheral_ppc440_0/src/wbEncoder_intc.c:92: warning: assignment makes integer from pointer without a cast
TestApp_Peripheral_ppc440_0/src/wbEncoder_intc.c:94: error: ‘PLBV46_2_WB_ENCONDER_INTR_IPIER_OFFSET’ undeclared (first use in this function)
TestApp_Peripheral_ppc440_0/src/wbEncoder_intc.c:94: warning: passing argument 1 of ‘Xil_Out32’ makes integer from pointer without a cast
TestApp_Peripheral_ppc440_0/src/wbEncoder_intc.c:108:47: error: macro "wbEncoder_ReadReg" requires 3 arguments, but only 2 given
TestApp_Peripheral_ppc440_0/src/wbEncoder_intc.c: In function ‘wbEncoder_InterruptClear’:
TestApp_Peripheral_ppc440_0/src/wbEncoder_intc.c:107: error: ‘wbEncoder_ReadReg’ undeclared (first use in this function)
TestApp_Peripheral_ppc440_0/src/wbEncoder_intc.c:107: warning: assignment makes integer from pointer without a cast
TestApp_Peripheral_ppc440_0/src/wbEncoder_intc.c:109: error: ‘PLBV46_2_WB_ENCONDER_INTR_IPISR_OFFSET’ undeclared (first use in this function)
TestApp_Peripheral_ppc440_0/src/wbEncoder_intc.c:109: warning: passing argument 1 of ‘Xil_Out32’ makes integer from pointer without a cast
TestApp_Peripheral_ppc440_0/src/wbEncoder_intc.c:122:47: error: macro "wbEncoder_ReadReg" requires 3 arguments, but only 2 given
TestApp_Peripheral_ppc440_0/src/wbEncoder_intc.c: In function ‘wbEncoder_InterruptGetEnabled’:
TestApp_Peripheral_ppc440_0/src/wbEncoder_intc.c:121: error: ‘wbEncoder_ReadReg’ undeclared (first use in this function)
TestApp_Peripheral_ppc440_0/src/wbEncoder_intc.c:121: warning: return makes integer from pointer without a cast
TestApp_Peripheral_ppc440_0/src/wbEncoder_intc.c:132:47: error: macro "wbEncoder_ReadReg" requires 3 arguments, but only 2 given
TestApp_Peripheral_ppc440_0/src/wbEncoder_intc.c: In function ‘wbEncoder_InterruptGetStatus’:
TestApp_Peripheral_ppc440_0/src/wbEncoder_intc.c:131: error: ‘wbEncoder_ReadReg’ undeclared (first use in this function)
TestApp_Peripheral_ppc440_0/src/wbEncoder_intc.c:131: warning: return makes integer from pointer without a cast

In file included from TestApp_Peripheral_ppc440_0/src/wbEncoder.h:29,
                 from TestApp_Peripheral_ppc440_0/src/wbEncoder_tapp_example.c:26:
TestApp_Peripheral_ppc440_0/src/wbEncoder_intc.h:45: error: expected ‘)’ before ‘*’ token
TestApp_Peripheral_ppc440_0/src/wbEncoder_intc.h:46: error: expected ‘)’ before ‘*’ token
TestApp_Peripheral_ppc440_0/src/wbEncoder_intc.h:47: error: expected ‘)’ before ‘*’ token
TestApp_Peripheral_ppc440_0/src/wbEncoder_intc.h:48: error: expected ‘)’ before ‘*’ token
TestApp_Peripheral_ppc440_0/src/wbEncoder_intc.h:49: error: expected ‘)’ before ‘*’ token
TestApp_Peripheral_ppc440_0/src/wbEncoder_intc.h:50: error: expected ‘)’ before ‘*’ token
TestApp_Peripheral_ppc440_0/src/wbEncoder_intc.h:51: error: expected ‘)’ before ‘*’ token
In file included from TestApp_Peripheral_ppc440_0/src/wbEncoder_tapp_example.c:26:
TestApp_Peripheral_ppc440_0/src/wbEncoder.h:81: error: ‘XPAR_PLBV46_2_WB_ENCONDER_0_INTERRUPT_PRESENT’ undeclared here (not in a function)
TestApp_Peripheral_ppc440_0/src/wbEncoder_tapp_example.c: In function ‘wbEncoderExample’:
TestApp_Peripheral_ppc440_0/src/wbEncoder_tapp_example.c:74: error: ‘instPtr’ undeclared (first use in this function)
TestApp_Peripheral_ppc440_0/src/wbEncoder_tapp_example.c:74: error: (Each undeclared identifier is reported only once
TestApp_Peripheral_ppc440_0/src/wbEncoder_tapp_example.c:74: error: for each function it appears in.)
TestApp_Peripheral_ppc440_0/src/wbEncoder_tapp_example.c:74: warning: passing argument 1 of ‘wbEncoder_Initialize’ from incompatible pointer type
TestApp_Peripheral_ppc440_0/src/wbEncoder_tapp_example.c:80: warning: passing argument 1 of ‘wbEncoder_IntSetup’ from incompatible pointer type
TestApp_Peripheral_ppc440_0/src/wbEncoder_tapp_example.c:80: warning: passing argument 2 of ‘wbEncoder_IntSetup’ makes pointer from integer without a cast
TestApp_Peripheral_ppc440_0/src/wbEncoder_tapp_example.c:80: warning: passing argument 3 of ‘wbEncoder_IntSetup’ makes integer from pointer without a cast
TestApp_Peripheral_ppc440_0/src/wbEncoder_tapp_example.c: In function ‘wbEncoderIntHandler’:
TestApp_Peripheral_ppc440_0/src/wbEncoder_tapp_example.c:160: error: ‘PLBV46_2_WB_ENCONDER_SLV_REG0_OFFSET’ undeclared (first use in this function)
TestApp_Peripheral_ppc440_0/src/wbEncoder_tapp_example.c:160: warning: passing argument 1 of ‘Xil_In32’ makes integer from pointer without a cast
TestApp_Peripheral_ppc440_0/src/wbEncoder_tapp_example.c:160: error: too many arguments to function ‘Xil_In32’
TestApp_Peripheral_ppc440_0/src/wbEncoder_tapp_example.c: In function ‘wbEncoder_IntSetup’:
TestApp_Peripheral_ppc440_0/src/wbEncoder_tapp_example.c:180: error: ‘XST_SUCESS’ undeclared (first use in this function)
TestApp_Peripheral_ppc440_0/src/wbEncoder_tapp_example.c:180: warning: comparison between pointer and integer
TestApp_Peripheral_ppc440_0/src/wbEncoder_tapp_example.c:185: error: ‘instPrt’ undeclared (first use in this function)
TestApp_Peripheral_ppc440_0/src/wbEncoder_tapp_example.c:187: warning: comparison between pointer and integer
TestApp_Peripheral_ppc440_0/src/wbEncoder_tapp_example.c:199: error: ‘XIL_EXCEPTION_ID_INT’ undeclared (first use in this function)
TestApp_Peripheral_ppc440_0/src/wbEncoder_tapp_example.c:200: error: ‘Xil_ExceptionHandler’ undeclared (first use in this function)
TestApp_Peripheral_ppc440_0/src/wbEncoder_tapp_example.c:200: error: expected ‘)’ before ‘XIntc_InterruptHandler’
TestApp_Peripheral_ppc440_0/src/wbEncoder_tapp_example.c:208: warning: comparison between pointer and integer

In file included from TestApp_Peripheral_ppc440_0/src/wbEncoder.h:29,
                 from TestApp_Peripheral_ppc440_0/src/wbEncoder.c:23:
TestApp_Peripheral_ppc440_0/src/wbEncoder_intc.h:45: error: expected ‘)’ before ‘*’ token
TestApp_Peripheral_ppc440_0/src/wbEncoder_intc.h:46: error: expected ‘)’ before ‘*’ token
TestApp_Peripheral_ppc440_0/src/wbEncoder_intc.h:47: error: expected ‘)’ before ‘*’ token
TestApp_Peripheral_ppc440_0/src/wbEncoder_intc.h:48: error: expected ‘)’ before ‘*’ token
TestApp_Peripheral_ppc440_0/src/wbEncoder_intc.h:49: error: expected ‘)’ before ‘*’ token
TestApp_Peripheral_ppc440_0/src/wbEncoder_intc.h:50: error: expected ‘)’ before ‘*’ token
TestApp_Peripheral_ppc440_0/src/wbEncoder_intc.h:51: error: expected ‘)’ before ‘*’ token
In file included from TestApp_Peripheral_ppc440_0/src/wbEncoder.c:23:
TestApp_Peripheral_ppc440_0/src/wbEncoder.h:81: error: ‘XPAR_PLBV46_2_WB_ENCONDER_0_INTERRUPT_PRESENT’ undeclared here (not in a function)
TestApp_Peripheral_ppc440_0/src/wbEncoder.c: In function ‘wbEncoder_CfgInitialize’:
TestApp_Peripheral_ppc440_0/src/wbEncoder.c:46: error: ‘instPtr’ undeclared (first use in this function)
TestApp_Peripheral_ppc440_0/src/wbEncoder.c:46: error: (Each undeclared identifier is reported only once
TestApp_Peripheral_ppc440_0/src/wbEncoder.c:46: error: for each function it appears in.)
TestApp_Peripheral_ppc440_0/src/wbEncoder.c:46: error: ‘wbEncoder_Config’ has no member named ‘readData’
TestApp_Peripheral_ppc440_0/src/wbEncoder.c: In function ‘wbEncoder_LookupConfig’:
TestApp_Peripheral_ppc440_0/src/wbEncoder.c:61: error: ‘XPAR_PLBV46_2_WB_ENCODER_NUM_INSTANCES’ undeclared (first use in this function)
TestApp_Peripheral_ppc440_0/src/wbEncoder.c:61: warning: comparison between pointer and integer
TestApp_Peripheral_ppc440_0/src/wbEncoder.c:62: error: ‘deviceId’ undeclared (first use in this function)
TestApp_Peripheral_ppc440_0/src/wbEncoder.c:62: warning: comparison between pointer and integer
TestApp_Peripheral_ppc440_0/src/wbEncoder.c:63: error: ‘configPtr’ undeclared (first use in this function)
TestApp_Peripheral_ppc440_0/src/wbEncoder.c: In function ‘wbEncoder_Initialize’:
TestApp_Peripheral_ppc440_0/src/wbEncoder.c:79: error: ‘instPtr’ undeclared (first use in this function)
TestApp_Peripheral_ppc440_0/src/wbEncoder.c:81: error: ‘configPtr’ undeclared (first use in this function)
TestApp_Peripheral_ppc440_0/src/wbEncoder.c:83: error: ‘wbEncoder_Config’ has no member named ‘isReady’
TestApp_Peripheral_ppc440_0/src/wbEncoder.c:84: error: ‘wbEncoder_Config’ has no member named ‘readData’
TestApp_Peripheral_ppc440_0/src/wbEncoder.c:90: warning: passing argument 1 of ‘wbEncoder_CfgInitialize’ from incompatible pointer type
make: *** [TestApp_Peripheral_ppc440_0/executable.elf] Error 1



Done!

At Local date and time: Tue Jun  8 00:38:13 2010
 make -f system.make TestApp_Peripheral_ppc440_0_tft_program started...

make: Nothing to be done for `TestApp_Peripheral_ppc440_0_tft_program'.


Done!

At Local date and time: Tue Jun  8 00:38:27 2010
 make -f system.make TestApp_Peripheral_ppc440_0_program started...

powerpc-eabi-gcc -O2 TestApp_Peripheral_ppc440_0/src/TestApp_Peripheral.c TestApp_Peripheral_ppc440_0/src/xintc_tapp_example.c TestApp_Peripheral_ppc440_0/src/xgpio_tapp_example.c TestApp_Peripheral_ppc440_0/src/xgpio_intr_tapp_example.c TestApp_Peripheral_ppc440_0/src/xiic_selftest_example.c TestApp_Peripheral_ppc440_0/src/xemaclite_polled_example.c TestApp_Peripheral_ppc440_0/src/xemaclite_intr_example.c TestApp_Peripheral_ppc440_0/src/xemaclite_example_util.c TestApp_Peripheral_ppc440_0/src/xsysace_selftest_example.c TestApp_Peripheral_ppc440_0/src/xwdttb_selftest_example.c TestApp_Peripheral_ppc440_0/src/xwdttb_intr_example.c TestApp_Peripheral_ppc440_0/src/xtmrctr_selftest_example.c TestApp_Peripheral_ppc440_0/src/xtmrctr_intr_example.c TestApp_Peripheral_ppc440_0/src/wbEncoder_intc.c TestApp_Peripheral_ppc440_0/src/wbEncoder_tapp_example.c TestApp_Peripheral_ppc440_0/src/wbEncoder.c  -o TestApp_Peripheral_ppc440_0/executable.elf \
	    -mcpu=440  -Wl,-T -Wl,TestApp_Peripheral_ppc440_0/src/TestApp_Peripheral_LinkScr.ld  -g    -I./ppc440_0/include/  -ITestApp_Peripheral_ppc440_0/src/  -L./ppc440_0/lib/  \
	  
In file included from TestApp_Peripheral_ppc440_0/src/wbEncoder.h:29,
                 from TestApp_Peripheral_ppc440_0/src/TestApp_Peripheral.c:61:
TestApp_Peripheral_ppc440_0/src/wbEncoder_intc.h:45: error: expected ‘)’ before ‘*’ token
TestApp_Peripheral_ppc440_0/src/wbEncoder_intc.h:46: error: expected ‘)’ before ‘*’ token
TestApp_Peripheral_ppc440_0/src/wbEncoder_intc.h:47: error: expected ‘)’ before ‘*’ token
TestApp_Peripheral_ppc440_0/src/wbEncoder_intc.h:48: error: expected ‘)’ before ‘*’ token
TestApp_Peripheral_ppc440_0/src/wbEncoder_intc.h:49: error: expected ‘)’ before ‘*’ token
TestApp_Peripheral_ppc440_0/src/wbEncoder_intc.h:50: error: expected ‘)’ before ‘*’ token
TestApp_Peripheral_ppc440_0/src/wbEncoder_intc.h:51: error: expected ‘)’ before ‘*’ token
TestApp_Peripheral_ppc440_0/src/TestApp_Peripheral.c: In function ‘main’:
TestApp_Peripheral_ppc440_0/src/TestApp_Peripheral.c:343: error: ‘WB_ENCODER_DEVICE_ID’ undeclared (first use in this function)
TestApp_Peripheral_ppc440_0/src/TestApp_Peripheral.c:343: error: (Each undeclared identifier is reported only once
TestApp_Peripheral_ppc440_0/src/TestApp_Peripheral.c:343: error: for each function it appears in.)

In file included from TestApp_Peripheral_ppc440_0/src/wbEncoder.h:29,
                 from TestApp_Peripheral_ppc440_0/src/wbEncoder_intc.c:23:
TestApp_Peripheral_ppc440_0/src/wbEncoder_intc.h:45: error: expected ‘)’ before ‘*’ token
TestApp_Peripheral_ppc440_0/src/wbEncoder_intc.h:46: error: expected ‘)’ before ‘*’ token
TestApp_Peripheral_ppc440_0/src/wbEncoder_intc.h:47: error: expected ‘)’ before ‘*’ token

TestApp_Peripheral_ppc440_0/src/wbEncoder_intc.h:48: error: expected ‘)’ before ‘*’ token
TestApp_Peripheral_ppc440_0/src/wbEncoder_intc.h:49: error: expected ‘)’ before ‘*’ token
TestApp_Peripheral_ppc440_0/src/wbEncoder_intc.h:50: error: expected ‘)’ before ‘*’ token
TestApp_Peripheral_ppc440_0/src/wbEncoder_intc.h:51: error: expected ‘)’ before ‘*’ token
TestApp_Peripheral_ppc440_0/src/wbEncoder_intc.c: In function ‘wbEncoder_InterruptGlobalEnable’:
TestApp_Peripheral_ppc440_0/src/wbEncoder_intc.c:44: error: expected ‘)’ before ‘->’ token
TestApp_Peripheral_ppc440_0/src/wbEncoder_intc.c:44: error: ‘PLBV46_2_WB_ENCONDER_INTR_IPIER_OFFSET’ undeclared (first use in this function)
TestApp_Peripheral_ppc440_0/src/wbEncoder_intc.c:44: error: (Each undeclared identifier is reported only once
TestApp_Peripheral_ppc440_0/src/wbEncoder_intc.c:44: error: for each function it appears in.)
TestApp_Peripheral_ppc440_0/src/wbEncoder_intc.c:48: error: expected ‘)’ before ‘->’ token
TestApp_Peripheral_ppc440_0/src/wbEncoder_intc.c:48: error: ‘PLBV46_2_WB_ENCONDER_INTR_DIER_OFFSET’ undeclared (first use in this function)
TestApp_Peripheral_ppc440_0/src/wbEncoder_intc.c:48: error: ‘INTR_TERR_MASK’ undeclared (first use in this function)
TestApp_Peripheral_ppc440_0/src/wbEncoder_intc.c:48: error: ‘INTR_DPTO_MASK’ undeclared (first use in this function)
TestApp_Peripheral_ppc440_0/src/wbEncoder_intc.c:48: error: ‘INTR_IPIR_MASK’ undeclared (first use in this function)
TestApp_Peripheral_ppc440_0/src/wbEncoder_intc.c:52: error: expected ‘)’ before ‘->’ token
TestApp_Peripheral_ppc440_0/src/wbEncoder_intc.c:52: error: ‘PLBV46_2_WB_ENCONDER_INTR_DGIER_OFFSET’ undeclared (first use in this function)
TestApp_Peripheral_ppc440_0/src/wbEncoder_intc.c:52: error: ‘INTR_GIE_MASK’ undeclared (first use in this function)
TestApp_Peripheral_ppc440_0/src/wbEncoder_intc.c: In function ‘wbEncoder_InterruptGlobalDisable’:
TestApp_Peripheral_ppc440_0/src/wbEncoder_intc.c:64: error: expected ‘)’ before ‘->’ token
TestApp_Peripheral_ppc440_0/src/wbEncoder_intc.c:64: error: ‘PLBV46_2_WB_ENCONDER_INTR_DGIER_OFFSET’ undeclared (first use in this function)
TestApp_Peripheral_ppc440_0/src/wbEncoder_intc.c:78:47: error: macro "wbEncoder_ReadReg" requires 3 arguments, but only 2 given
TestApp_Peripheral_ppc440_0/src/wbEncoder_intc.c: In function ‘wbEncoder_InterruptEnable’:
TestApp_Peripheral_ppc440_0/src/wbEncoder_intc.c:77: error: ‘wbEncoder_ReadReg’ undeclared (first use in this function)
TestApp_Peripheral_ppc440_0/src/wbEncoder_intc.c:79: error: ‘PLBV46_2_WB_ENCONDER_INTR_IPIER_OFFSET’ undeclared (first use in this function)
TestApp_Peripheral_ppc440_0/src/wbEncoder_intc.c:93:47: error: macro "wbEncoder_ReadReg" requires 3 arguments, but only 2 given
TestApp_Peripheral_ppc440_0/src/wbEncoder_intc.c: In function ‘wbEncoder_InterruptDisable’:
TestApp_Peripheral_ppc440_0/src/wbEncoder_intc.c:92: error: ‘wbEncoder_ReadReg’ undeclared (first use in this function)
TestApp_Peripheral_ppc440_0/src/wbEncoder_intc.c:94: error: ‘PLBV46_2_WB_ENCONDER_INTR_IPIER_OFFSET’ undeclared (first use in this function)
TestApp_Peripheral_ppc440_0/src/wbEncoder_intc.c:108:47: error: macro "wbEncoder_ReadReg" requires 3 arguments, but only 2 given
TestApp_Peripheral_ppc440_0/src/wbEncoder_intc.c: In function ‘wbEncoder_InterruptClear’:
TestApp_Peripheral_ppc440_0/src/wbEncoder_intc.c:107: error: ‘wbEncoder_ReadReg’ undeclared (first use in this function)
TestApp_Peripheral_ppc440_0/src/wbEncoder_intc.c:109: error: ‘PLBV46_2_WB_ENCONDER_INTR_IPISR_OFFSET’ undeclared (first use in this function)
TestApp_Peripheral_ppc440_0/src/wbEncoder_intc.c:122:47: error: macro "wbEncoder_ReadReg" requires 3 arguments, but only 2 given
TestApp_Peripheral_ppc440_0/src/wbEncoder_intc.c: In function ‘wbEncoder_InterruptGetEnabled’:
TestApp_Peripheral_ppc440_0/src/wbEncoder_intc.c:121: error: ‘wbEncoder_ReadReg’ undeclared (first use in this function)
TestApp_Peripheral_ppc440_0/src/wbEncoder_intc.c:132:47: error: macro "wbEncoder_ReadReg" requires 3 arguments, but only 2 given
TestApp_Peripheral_ppc440_0/src/wbEncoder_intc.c: In function ‘wbEncoder_InterruptGetStatus’:
TestApp_Peripheral_ppc440_0/src/wbEncoder_intc.c:131: error: ‘wbEncoder_ReadReg’ undeclared (first use in this function)
In file included from TestApp_Peripheral_ppc440_0/src/wbEncoder.h:29,
                 from TestApp_Peripheral_ppc440_0/src/wbEncoder_tapp_example.c:26:
TestApp_Peripheral_ppc440_0/src/wbEncoder_intc.h:45: error: expected ‘)’ before ‘*’ token
TestApp_Peripheral_ppc440_0/src/wbEncoder_intc.h:46: error: expected ‘)’ before ‘*’ token
TestApp_Peripheral_ppc440_0/src/wbEncoder_intc.h:47: error: expected ‘)’ before ‘*’ token
TestApp_Peripheral_ppc440_0/src/wbEncoder_intc.h:48: error: expected ‘)’ before ‘*’ token
TestApp_Peripheral_ppc440_0/src/wbEncoder_intc.h:49: error: expected ‘)’ before ‘*’ token
TestApp_Peripheral_ppc440_0/src/wbEncoder_intc.h:50: error: expected ‘)’ before ‘*’ token
TestApp_Peripheral_ppc440_0/src/wbEncoder_intc.h:51: error: expected ‘)’ before ‘*’ token
TestApp_Peripheral_ppc440_0/src/wbEncoder_tapp_example.c: In function ‘wbEncoderExample’:
TestApp_Peripheral_ppc440_0/src/wbEncoder_tapp_example.c:74: error: ‘instPtr’ undeclared (first use in this function)
TestApp_Peripheral_ppc440_0/src/wbEncoder_tapp_example.c:74: error: (Each undeclared identifier is reported only once
TestApp_Peripheral_ppc440_0/src/wbEncoder_tapp_example.c:74: error: for each function it appears in.)
TestApp_Peripheral_ppc440_0/src/wbEncoder_tapp_example.c:80: warning: passing argument 2 of ‘wbEncoder_IntSetup’ makes pointer from integer without a cast
TestApp_Peripheral_ppc440_0/src/wbEncoder_tapp_example.c:80: warning: passing argument 3 of ‘wbEncoder_IntSetup’ makes integer from pointer without a cast

TestApp_Peripheral_ppc440_0/src/wbEncoder_tapp_example.c: In function ‘wbEncoderIntHandler’:
TestApp_Peripheral_ppc440_0/src/wbEncoder_tapp_example.c:160: error: ‘PLBV46_2_WB_ENCONDER_SLV_REG0_OFFSET’ undeclared (first use in this function)
TestApp_Peripheral_ppc440_0/src/wbEncoder_tapp_example.c:160: error: too many arguments to function ‘Xil_In32’
TestApp_Peripheral_ppc440_0/src/wbEncoder_tapp_example.c: In function ‘wbEncoder_IntSetup’:
TestApp_Peripheral_ppc440_0/src/wbEncoder_tapp_example.c:180: error: ‘XST_SUCESS’ undeclared (first use in this function)
TestApp_Peripheral_ppc440_0/src/wbEncoder_tapp_example.c:185: error: ‘instPrt’ undeclared (first use in this function)
TestApp_Peripheral_ppc440_0/src/wbEncoder_tapp_example.c:199: error: ‘XIL_EXCEPTION_ID_INT’ undeclared (first use in this function)
TestApp_Peripheral_ppc440_0/src/wbEncoder_tapp_example.c:200: error: ‘Xil_ExceptionHandler’ undeclared (first use in this function)
TestApp_Peripheral_ppc440_0/src/wbEncoder_tapp_example.c:200: error: expected ‘)’ before ‘XIntc_InterruptHandler’
In file included from TestApp_Peripheral_ppc440_0/src/wbEncoder.h:29,
                 from TestApp_Peripheral_ppc440_0/src/wbEncoder.c:23:
TestApp_Peripheral_ppc440_0/src/wbEncoder_intc.h:45: error: expected ‘)’ before ‘*’ token
TestApp_Peripheral_ppc440_0/src/wbEncoder_intc.h:46: error: expected ‘)’ before ‘*’ token
TestApp_Peripheral_ppc440_0/src/wbEncoder_intc.h:47: error: expected ‘)’ before ‘*’ token
TestApp_Peripheral_ppc440_0/src/wbEncoder_intc.h:48: error: expected ‘)’ before ‘*’ token
TestApp_Peripheral_ppc440_0/src/wbEncoder_intc.h:49: error: expected ‘)’ before ‘*’ token
TestApp_Peripheral_ppc440_0/src/wbEncoder_intc.h:50: error: expected ‘)’ before ‘*’ token
TestApp_Peripheral_ppc440_0/src/wbEncoder_intc.h:51: error: expected ‘)’ before ‘*’ token
TestApp_Peripheral_ppc440_0/src/wbEncoder.c: In function ‘wbEncoder_CfgInitialize’:
TestApp_Peripheral_ppc440_0/src/wbEncoder.c:46: error: ‘instPtr’ undeclared (first use in this function)
TestApp_Peripheral_ppc440_0/src/wbEncoder.c:46: error: (Each undeclared identifier is reported only once
TestApp_Peripheral_ppc440_0/src/wbEncoder.c:46: error: for each function it appears in.)
TestApp_Peripheral_ppc440_0/src/wbEncoder.c: In function ‘wbEncoder_LookupConfig’:
TestApp_Peripheral_ppc440_0/src/wbEncoder.c:61: error: ‘XPAR_PLBV46_2_WB_ENCODER_NUM_INSTANCES’ undeclared (first use in this function)
TestApp_Peripheral_ppc440_0/src/wbEncoder.c:62: error: ‘deviceId’ undeclared (first use in this function)
TestApp_Peripheral_ppc440_0/src/wbEncoder.c:63: error: ‘configPtr’ undeclared (first use in this function)
TestApp_Peripheral_ppc440_0/src/wbEncoder.c: In function ‘wbEncoder_Initialize’:
TestApp_Peripheral_ppc440_0/src/wbEncoder.c:79: error: ‘instPtr’ undeclared (first use in this function)
TestApp_Peripheral_ppc440_0/src/wbEncoder.c:81: error: ‘configPtr’ undeclared (first use in this function)
make: *** [TestApp_Peripheral_ppc440_0/executable.elf] Error 1



Done!

At Local date and time: Tue Jun  8 00:40:05 2010
 make -f system.make TestApp_Peripheral_ppc440_0_programclean started...

rm -f TestApp_Peripheral_ppc440_0/executable.elf 


Done!

At Local date and time: Tue Jun  8 00:40:09 2010
 make -f system.make TestApp_Peripheral_ppc440_0_program started...

powerpc-eabi-gcc -O2 TestApp_Peripheral_ppc440_0/src/TestApp_Peripheral.c TestApp_Peripheral_ppc440_0/src/xintc_tapp_example.c TestApp_Peripheral_ppc440_0/src/xgpio_tapp_example.c TestApp_Peripheral_ppc440_0/src/xgpio_intr_tapp_example.c TestApp_Peripheral_ppc440_0/src/xiic_selftest_example.c TestApp_Peripheral_ppc440_0/src/xemaclite_polled_example.c TestApp_Peripheral_ppc440_0/src/xemaclite_intr_example.c TestApp_Peripheral_ppc440_0/src/xemaclite_example_util.c TestApp_Peripheral_ppc440_0/src/xsysace_selftest_example.c TestApp_Peripheral_ppc440_0/src/xwdttb_selftest_example.c TestApp_Peripheral_ppc440_0/src/xwdttb_intr_example.c TestApp_Peripheral_ppc440_0/src/xtmrctr_selftest_example.c TestApp_Peripheral_ppc440_0/src/xtmrctr_intr_example.c TestApp_Peripheral_ppc440_0/src/wbEncoder_intc.c TestApp_Peripheral_ppc440_0/src/wbEncoder_tapp_example.c TestApp_Peripheral_ppc440_0/src/wbEncoder.c  -o TestApp_Peripheral_ppc440_0/executable.elf \
	    -mcpu=440  -Wl,-T -Wl,TestApp_Peripheral_ppc440_0/src/TestApp_Peripheral_LinkScr.ld  -g    -I./ppc440_0/include/  -ITestApp_Peripheral_ppc440_0/src/  -L./ppc440_0/lib/  \
	  
In file included from TestApp_Peripheral_ppc440_0/src/wbEncoder.h:29,
                 from TestApp_Peripheral_ppc440_0/src/TestApp_Peripheral.c:61:
TestApp_Peripheral_ppc440_0/src/wbEncoder_intc.h:45: error: expected ‘)’ before ‘*’ token
TestApp_Peripheral_ppc440_0/src/wbEncoder_intc.h:46: error: expected ‘)’ before ‘*’ token
TestApp_Peripheral_ppc440_0/src/wbEncoder_intc.h:47: error: expected ‘)’ before ‘*’ token
TestApp_Peripheral_ppc440_0/src/wbEncoder_intc.h:48: error: expected ‘)’ before ‘*’ token
TestApp_Peripheral_ppc440_0/src/wbEncoder_intc.h:49: error: expected ‘)’ before ‘*’ token
TestApp_Peripheral_ppc440_0/src/wbEncoder_intc.h:50: error: expected ‘)’ before ‘*’ token
TestApp_Peripheral_ppc440_0/src/wbEncoder_intc.h:51: error: expected ‘)’ before ‘*’ token
TestApp_Peripheral_ppc440_0/src/TestApp_Peripheral.c: In function ‘main’:
TestApp_Peripheral_ppc440_0/src/TestApp_Peripheral.c:344: error: ‘WB_ENCODER_DEVICE_ID’ undeclared (first use in this function)
TestApp_Peripheral_ppc440_0/src/TestApp_Peripheral.c:344: error: (Each undeclared identifier is reported only once
TestApp_Peripheral_ppc440_0/src/TestApp_Peripheral.c:344: error: for each function it appears in.)

In file included from TestApp_Peripheral_ppc440_0/src/wbEncoder.h:29,
                 from TestApp_Peripheral_ppc440_0/src/wbEncoder_intc.c:23:
TestApp_Peripheral_ppc440_0/src/wbEncoder_intc.h:45: error: expected ‘)’ before ‘*’ token
TestApp_Peripheral_ppc440_0/src/wbEncoder_intc.h:46: error: expected ‘)’ before ‘*’ token

TestApp_Peripheral_ppc440_0/src/wbEncoder_intc.h:47: error: expected ‘)’ before ‘*’ token
TestApp_Peripheral_ppc440_0/src/wbEncoder_intc.h:48: error: expected ‘)’ before ‘*’ token
TestApp_Peripheral_ppc440_0/src/wbEncoder_intc.h:49: error: expected ‘)’ before ‘*’ token
TestApp_Peripheral_ppc440_0/src/wbEncoder_intc.h:50: error: expected ‘)’ before ‘*’ token
TestApp_Peripheral_ppc440_0/src/wbEncoder_intc.h:51: error: expected ‘)’ before ‘*’ token
TestApp_Peripheral_ppc440_0/src/wbEncoder_intc.c: In function ‘wbEncoder_InterruptGlobalEnable’:
TestApp_Peripheral_ppc440_0/src/wbEncoder_intc.c:44: error: expected ‘)’ before ‘->’ token
TestApp_Peripheral_ppc440_0/src/wbEncoder_intc.c:44: error: ‘PLBV46_2_WB_ENCONDER_INTR_IPIER_OFFSET’ undeclared (first use in this function)
TestApp_Peripheral_ppc440_0/src/wbEncoder_intc.c:44: error: (Each undeclared identifier is reported only once
TestApp_Peripheral_ppc440_0/src/wbEncoder_intc.c:44: error: for each function it appears in.)
TestApp_Peripheral_ppc440_0/src/wbEncoder_intc.c:48: error: expected ‘)’ before ‘->’ token
TestApp_Peripheral_ppc440_0/src/wbEncoder_intc.c:48: error: ‘PLBV46_2_WB_ENCONDER_INTR_DIER_OFFSET’ undeclared (first use in this function)
TestApp_Peripheral_ppc440_0/src/wbEncoder_intc.c:48: error: ‘INTR_TERR_MASK’ undeclared (first use in this function)
TestApp_Peripheral_ppc440_0/src/wbEncoder_intc.c:48: error: ‘INTR_DPTO_MASK’ undeclared (first use in this function)
TestApp_Peripheral_ppc440_0/src/wbEncoder_intc.c:48: error: ‘INTR_IPIR_MASK’ undeclared (first use in this function)
TestApp_Peripheral_ppc440_0/src/wbEncoder_intc.c:52: error: expected ‘)’ before ‘->’ token
TestApp_Peripheral_ppc440_0/src/wbEncoder_intc.c:52: error: ‘PLBV46_2_WB_ENCONDER_INTR_DGIER_OFFSET’ undeclared (first use in this function)
TestApp_Peripheral_ppc440_0/src/wbEncoder_intc.c:52: error: ‘INTR_GIE_MASK’ undeclared (first use in this function)
TestApp_Peripheral_ppc440_0/src/wbEncoder_intc.c: In function ‘wbEncoder_InterruptGlobalDisable’:
TestApp_Peripheral_ppc440_0/src/wbEncoder_intc.c:64: error: expected ‘)’ before ‘->’ token
TestApp_Peripheral_ppc440_0/src/wbEncoder_intc.c:64: error: ‘PLBV46_2_WB_ENCONDER_INTR_DGIER_OFFSET’ undeclared (first use in this function)
TestApp_Peripheral_ppc440_0/src/wbEncoder_intc.c:78:47: error: macro "wbEncoder_ReadReg" requires 3 arguments, but only 2 given
TestApp_Peripheral_ppc440_0/src/wbEncoder_intc.c: In function ‘wbEncoder_InterruptEnable’:
TestApp_Peripheral_ppc440_0/src/wbEncoder_intc.c:77: error: ‘wbEncoder_ReadReg’ undeclared (first use in this function)
TestApp_Peripheral_ppc440_0/src/wbEncoder_intc.c:79: error: ‘PLBV46_2_WB_ENCONDER_INTR_IPIER_OFFSET’ undeclared (first use in this function)
TestApp_Peripheral_ppc440_0/src/wbEncoder_intc.c:93:47: error: macro "wbEncoder_ReadReg" requires 3 arguments, but only 2 given
TestApp_Peripheral_ppc440_0/src/wbEncoder_intc.c: In function ‘wbEncoder_InterruptDisable’:
TestApp_Peripheral_ppc440_0/src/wbEncoder_intc.c:92: error: ‘wbEncoder_ReadReg’ undeclared (first use in this function)
TestApp_Peripheral_ppc440_0/src/wbEncoder_intc.c:94: error: ‘PLBV46_2_WB_ENCONDER_INTR_IPIER_OFFSET’ undeclared (first use in this function)
TestApp_Peripheral_ppc440_0/src/wbEncoder_intc.c:108:47: error: macro "wbEncoder_ReadReg" requires 3 arguments, but only 2 given
TestApp_Peripheral_ppc440_0/src/wbEncoder_intc.c: In function ‘wbEncoder_InterruptClear’:
TestApp_Peripheral_ppc440_0/src/wbEncoder_intc.c:107: error: ‘wbEncoder_ReadReg’ undeclared (first use in this function)
TestApp_Peripheral_ppc440_0/src/wbEncoder_intc.c:109: error: ‘PLBV46_2_WB_ENCONDER_INTR_IPISR_OFFSET’ undeclared (first use in this function)
TestApp_Peripheral_ppc440_0/src/wbEncoder_intc.c:122:47: error: macro "wbEncoder_ReadReg" requires 3 arguments, but only 2 given
TestApp_Peripheral_ppc440_0/src/wbEncoder_intc.c: In function ‘wbEncoder_InterruptGetEnabled’:
TestApp_Peripheral_ppc440_0/src/wbEncoder_intc.c:121: error: ‘wbEncoder_ReadReg’ undeclared (first use in this function)
TestApp_Peripheral_ppc440_0/src/wbEncoder_intc.c:132:47: error: macro "wbEncoder_ReadReg" requires 3 arguments, but only 2 given
TestApp_Peripheral_ppc440_0/src/wbEncoder_intc.c: In function ‘wbEncoder_InterruptGetStatus’:
TestApp_Peripheral_ppc440_0/src/wbEncoder_intc.c:131: error: ‘wbEncoder_ReadReg’ undeclared (first use in this function)

In file included from TestApp_Peripheral_ppc440_0/src/wbEncoder.h:29,
                 from TestApp_Peripheral_ppc440_0/src/wbEncoder_tapp_example.c:26:
TestApp_Peripheral_ppc440_0/src/wbEncoder_intc.h:45: error: expected ‘)’ before ‘*’ token
TestApp_Peripheral_ppc440_0/src/wbEncoder_intc.h:46: error: expected ‘)’ before ‘*’ token
TestApp_Peripheral_ppc440_0/src/wbEncoder_intc.h:47: error: expected ‘)’ before ‘*’ token
TestApp_Peripheral_ppc440_0/src/wbEncoder_intc.h:48: error: expected ‘)’ before ‘*’ token
TestApp_Peripheral_ppc440_0/src/wbEncoder_intc.h:49: error: expected ‘)’ before ‘*’ token
TestApp_Peripheral_ppc440_0/src/wbEncoder_intc.h:50: error: expected ‘)’ before ‘*’ token
TestApp_Peripheral_ppc440_0/src/wbEncoder_intc.h:51: error: expected ‘)’ before ‘*’ token
TestApp_Peripheral_ppc440_0/src/wbEncoder_tapp_example.c: In function ‘wbEncoderExample’:
TestApp_Peripheral_ppc440_0/src/wbEncoder_tapp_example.c:74: error: ‘instPtr’ undeclared (first use in this function)
TestApp_Peripheral_ppc440_0/src/wbEncoder_tapp_example.c:74: error: (Each undeclared identifier is reported only once
TestApp_Peripheral_ppc440_0/src/wbEncoder_tapp_example.c:74: error: for each function it appears in.)
TestApp_Peripheral_ppc440_0/src/wbEncoder_tapp_example.c:80: warning: passing argument 2 of ‘wbEncoder_IntSetup’ makes pointer from integer without a cast
TestApp_Peripheral_ppc440_0/src/wbEncoder_tapp_example.c:80: warning: passing argument 3 of ‘wbEncoder_IntSetup’ makes integer from pointer without a cast
TestApp_Peripheral_ppc440_0/src/wbEncoder_tapp_example.c: In function ‘wbEncoderIntHandler’:
TestApp_Peripheral_ppc440_0/src/wbEncoder_tapp_example.c:160: error: ‘PLBV46_2_WB_ENCONDER_SLV_REG0_OFFSET’ undeclared (first use in this function)
TestApp_Peripheral_ppc440_0/src/wbEncoder_tapp_example.c:160: error: too many arguments to function ‘Xil_In32’
TestApp_Peripheral_ppc440_0/src/wbEncoder_tapp_example.c: In function ‘wbEncoder_IntSetup’:
TestApp_Peripheral_ppc440_0/src/wbEncoder_tapp_example.c:180: error: ‘XST_SUCESS’ undeclared (first use in this function)
TestApp_Peripheral_ppc440_0/src/wbEncoder_tapp_example.c:185: error: ‘instPrt’ undeclared (first use in this function)
TestApp_Peripheral_ppc440_0/src/wbEncoder_tapp_example.c:199: error: ‘XIL_EXCEPTION_ID_INT’ undeclared (first use in this function)
TestApp_Peripheral_ppc440_0/src/wbEncoder_tapp_example.c:200: error: ‘Xil_ExceptionHandler’ undeclared (first use in this function)
TestApp_Peripheral_ppc440_0/src/wbEncoder_tapp_example.c:200: error: expected ‘)’ before ‘XIntc_InterruptHandler’
In file included from TestApp_Peripheral_ppc440_0/src/wbEncoder.h:29,
                 from TestApp_Peripheral_ppc440_0/src/wbEncoder.c:23:
TestApp_Peripheral_ppc440_0/src/wbEncoder_intc.h:45: error: expected ‘)’ before ‘*’ token
TestApp_Peripheral_ppc440_0/src/wbEncoder_intc.h:46: error: expected ‘)’ before ‘*’ token
TestApp_Peripheral_ppc440_0/src/wbEncoder_intc.h:47: error: expected ‘)’ before ‘*’ token
TestApp_Peripheral_ppc440_0/src/wbEncoder_intc.h:48: error: expected ‘)’ before ‘*’ token
TestApp_Peripheral_ppc440_0/src/wbEncoder_intc.h:49: error: expected ‘)’ before ‘*’ token
TestApp_Peripheral_ppc440_0/src/wbEncoder_intc.h:50: error: expected ‘)’ before ‘*’ token
TestApp_Peripheral_ppc440_0/src/wbEncoder_intc.h:51: error: expected ‘)’ before ‘*’ token
TestApp_Peripheral_ppc440_0/src/wbEncoder.c: In function ‘wbEncoder_CfgInitialize’:
TestApp_Peripheral_ppc440_0/src/wbEncoder.c:46: error: ‘instPtr’ undeclared (first use in this function)
TestApp_Peripheral_ppc440_0/src/wbEncoder.c:46: error: (Each undeclared identifier is reported only once
TestApp_Peripheral_ppc440_0/src/wbEncoder.c:46: error: for each function it appears in.)
TestApp_Peripheral_ppc440_0/src/wbEncoder.c: In function ‘wbEncoder_LookupConfig’:
TestApp_Peripheral_ppc440_0/src/wbEncoder.c:61: error: ‘XPAR_PLBV46_2_WB_ENCODER_NUM_INSTANCES’ undeclared (first use in this function)
TestApp_Peripheral_ppc440_0/src/wbEncoder.c:62: error: ‘deviceId’ undeclared (first use in this function)
TestApp_Peripheral_ppc440_0/src/wbEncoder.c:63: error: ‘configPtr’ undeclared (first use in this function)
TestApp_Peripheral_ppc440_0/src/wbEncoder.c: In function ‘wbEncoder_Initialize’:
TestApp_Peripheral_ppc440_0/src/wbEncoder.c:79: error: ‘instPtr’ undeclared (first use in this function)
TestApp_Peripheral_ppc440_0/src/wbEncoder.c:81: error: ‘configPtr’ undeclared (first use in this function)
make: *** [TestApp_Peripheral_ppc440_0/executable.elf] Error 1



Done!

At Local date and time: Tue Jun  8 00:41:49 2010
 make -f system.make TestApp_Peripheral_ppc440_0_program started...

powerpc-eabi-gcc -O2 TestApp_Peripheral_ppc440_0/src/TestApp_Peripheral.c TestApp_Peripheral_ppc440_0/src/xintc_tapp_example.c TestApp_Peripheral_ppc440_0/src/xgpio_tapp_example.c TestApp_Peripheral_ppc440_0/src/xgpio_intr_tapp_example.c TestApp_Peripheral_ppc440_0/src/xiic_selftest_example.c TestApp_Peripheral_ppc440_0/src/xemaclite_polled_example.c TestApp_Peripheral_ppc440_0/src/xemaclite_intr_example.c TestApp_Peripheral_ppc440_0/src/xemaclite_example_util.c TestApp_Peripheral_ppc440_0/src/xsysace_selftest_example.c TestApp_Peripheral_ppc440_0/src/xwdttb_selftest_example.c TestApp_Peripheral_ppc440_0/src/xwdttb_intr_example.c TestApp_Peripheral_ppc440_0/src/xtmrctr_selftest_example.c TestApp_Peripheral_ppc440_0/src/xtmrctr_intr_example.c TestApp_Peripheral_ppc440_0/src/wbEncoder_intc.c TestApp_Peripheral_ppc440_0/src/wbEncoder_tapp_example.c TestApp_Peripheral_ppc440_0/src/wbEncoder.c  -o TestApp_Peripheral_ppc440_0/executable.elf \
	    -mcpu=440  -Wl,-T -Wl,TestApp_Peripheral_ppc440_0/src/TestApp_Peripheral_LinkScr.ld  -g    -I./ppc440_0/include/  -ITestApp_Peripheral_ppc440_0/src/  -L./ppc440_0/lib/  \
	  
In file included from TestApp_Peripheral_ppc440_0/src/wbEncoder.h:29,
                 from TestApp_Peripheral_ppc440_0/src/TestApp_Peripheral.c:61:
TestApp_Peripheral_ppc440_0/src/wbEncoder_intc.h:46: error: expected ‘)’ before ‘*’ token
TestApp_Peripheral_ppc440_0/src/wbEncoder_intc.h:47: error: expected ‘)’ before ‘*’ token
TestApp_Peripheral_ppc440_0/src/wbEncoder_intc.h:48: error: expected ‘)’ before ‘*’ token
TestApp_Peripheral_ppc440_0/src/wbEncoder_intc.h:49: error: expected ‘)’ before ‘*’ token
TestApp_Peripheral_ppc440_0/src/wbEncoder_intc.h:50: error: expected ‘)’ before ‘*’ token
TestApp_Peripheral_ppc440_0/src/wbEncoder_intc.h:51: error: expected ‘)’ before ‘*’ token
TestApp_Peripheral_ppc440_0/src/wbEncoder_intc.h:52: error: expected ‘)’ before ‘*’ token
TestApp_Peripheral_ppc440_0/src/TestApp_Peripheral.c: In function ‘main’:
TestApp_Peripheral_ppc440_0/src/TestApp_Peripheral.c:344: error: ‘WB_ENCODER_DEVICE_ID’ undeclared (first use in this function)
TestApp_Peripheral_ppc440_0/src/TestApp_Peripheral.c:344: error: (Each undeclared identifier is reported only once
TestApp_Peripheral_ppc440_0/src/TestApp_Peripheral.c:344: error: for each function it appears in.)

In file included from TestApp_Peripheral_ppc440_0/src/wbEncoder.h:29,
                 from TestApp_Peripheral_ppc440_0/src/wbEncoder_intc.c:23:
TestApp_Peripheral_ppc440_0/src/wbEncoder_intc.h:46: error: expected ‘)’ before ‘*’ token
TestApp_Peripheral_ppc440_0/src/wbEncoder_intc.h:47: error: expected ‘)’ before ‘*’ token

TestApp_Peripheral_ppc440_0/src/wbEncoder_intc.h:48: error: expected ‘)’ before ‘*’ token
TestApp_Peripheral_ppc440_0/src/wbEncoder_intc.h:49: error: expected ‘)’ before ‘*’ token
TestApp_Peripheral_ppc440_0/src/wbEncoder_intc.h:50: error: expected ‘)’ before ‘*’ token
TestApp_Peripheral_ppc440_0/src/wbEncoder_intc.h:51: error: expected ‘)’ before ‘*’ token
TestApp_Peripheral_ppc440_0/src/wbEncoder_intc.h:52: error: expected ‘)’ before ‘*’ token
TestApp_Peripheral_ppc440_0/src/wbEncoder_intc.c: In function ‘wbEncoder_InterruptGlobalEnable’:
TestApp_Peripheral_ppc440_0/src/wbEncoder_intc.c:44: error: expected ‘)’ before ‘->’ token
TestApp_Peripheral_ppc440_0/src/wbEncoder_intc.c:44: error: ‘PLBV46_2_WB_ENCONDER_INTR_IPIER_OFFSET’ undeclared (first use in this function)
TestApp_Peripheral_ppc440_0/src/wbEncoder_intc.c:44: error: (Each undeclared identifier is reported only once
TestApp_Peripheral_ppc440_0/src/wbEncoder_intc.c:44: error: for each function it appears in.)
TestApp_Peripheral_ppc440_0/src/wbEncoder_intc.c:48: error: expected ‘)’ before ‘->’ token
TestApp_Peripheral_ppc440_0/src/wbEncoder_intc.c:48: error: ‘PLBV46_2_WB_ENCONDER_INTR_DIER_OFFSET’ undeclared (first use in this function)
TestApp_Peripheral_ppc440_0/src/wbEncoder_intc.c:48: error: ‘INTR_TERR_MASK’ undeclared (first use in this function)
TestApp_Peripheral_ppc440_0/src/wbEncoder_intc.c:48: error: ‘INTR_DPTO_MASK’ undeclared (first use in this function)
TestApp_Peripheral_ppc440_0/src/wbEncoder_intc.c:48: error: ‘INTR_IPIR_MASK’ undeclared (first use in this function)
TestApp_Peripheral_ppc440_0/src/wbEncoder_intc.c:52: error: expected ‘)’ before ‘->’ token
TestApp_Peripheral_ppc440_0/src/wbEncoder_intc.c:52: error: ‘PLBV46_2_WB_ENCONDER_INTR_DGIER_OFFSET’ undeclared (first use in this function)
TestApp_Peripheral_ppc440_0/src/wbEncoder_intc.c:52: error: ‘INTR_GIE_MASK’ undeclared (first use in this function)
TestApp_Peripheral_ppc440_0/src/wbEncoder_intc.c: In function ‘wbEncoder_InterruptGlobalDisable’:
TestApp_Peripheral_ppc440_0/src/wbEncoder_intc.c:64: error: expected ‘)’ before ‘->’ token
TestApp_Peripheral_ppc440_0/src/wbEncoder_intc.c:64: error: ‘PLBV46_2_WB_ENCONDER_INTR_DGIER_OFFSET’ undeclared (first use in this function)
TestApp_Peripheral_ppc440_0/src/wbEncoder_intc.c:78:47: error: macro "wbEncoder_ReadReg" requires 3 arguments, but only 2 given
TestApp_Peripheral_ppc440_0/src/wbEncoder_intc.c: In function ‘wbEncoder_InterruptEnable’:
TestApp_Peripheral_ppc440_0/src/wbEncoder_intc.c:77: error: ‘wbEncoder_ReadReg’ undeclared (first use in this function)
TestApp_Peripheral_ppc440_0/src/wbEncoder_intc.c:79: error: ‘PLBV46_2_WB_ENCONDER_INTR_IPIER_OFFSET’ undeclared (first use in this function)
TestApp_Peripheral_ppc440_0/src/wbEncoder_intc.c:93:47: error: macro "wbEncoder_ReadReg" requires 3 arguments, but only 2 given
TestApp_Peripheral_ppc440_0/src/wbEncoder_intc.c: In function ‘wbEncoder_InterruptDisable’:
TestApp_Peripheral_ppc440_0/src/wbEncoder_intc.c:92: error: ‘wbEncoder_ReadReg’ undeclared (first use in this function)
TestApp_Peripheral_ppc440_0/src/wbEncoder_intc.c:94: error: ‘PLBV46_2_WB_ENCONDER_INTR_IPIER_OFFSET’ undeclared (first use in this function)
TestApp_Peripheral_ppc440_0/src/wbEncoder_intc.c:108:47: error: macro "wbEncoder_ReadReg" requires 3 arguments, but only 2 given
TestApp_Peripheral_ppc440_0/src/wbEncoder_intc.c: In function ‘wbEncoder_InterruptClear’:
TestApp_Peripheral_ppc440_0/src/wbEncoder_intc.c:107: error: ‘wbEncoder_ReadReg’ undeclared (first use in this function)
TestApp_Peripheral_ppc440_0/src/wbEncoder_intc.c:109: error: ‘PLBV46_2_WB_ENCONDER_INTR_IPISR_OFFSET’ undeclared (first use in this function)
TestApp_Peripheral_ppc440_0/src/wbEncoder_intc.c:122:47: error: macro "wbEncoder_ReadReg" requires 3 arguments, but only 2 given
TestApp_Peripheral_ppc440_0/src/wbEncoder_intc.c: In function ‘wbEncoder_InterruptGetEnabled’:
TestApp_Peripheral_ppc440_0/src/wbEncoder_intc.c:121: error: ‘wbEncoder_ReadReg’ undeclared (first use in this function)
TestApp_Peripheral_ppc440_0/src/wbEncoder_intc.c:132:47: error: macro "wbEncoder_ReadReg" requires 3 arguments, but only 2 given
TestApp_Peripheral_ppc440_0/src/wbEncoder_intc.c: In function ‘wbEncoder_InterruptGetStatus’:
TestApp_Peripheral_ppc440_0/src/wbEncoder_intc.c:131: error: ‘wbEncoder_ReadReg’ undeclared (first use in this function)

In file included from TestApp_Peripheral_ppc440_0/src/wbEncoder.h:29,
                 from TestApp_Peripheral_ppc440_0/src/wbEncoder_tapp_example.c:26:
TestApp_Peripheral_ppc440_0/src/wbEncoder_intc.h:46: error: expected ‘)’ before ‘*’ token
TestApp_Peripheral_ppc440_0/src/wbEncoder_intc.h:47: error: expected ‘)’ before ‘*’ token
TestApp_Peripheral_ppc440_0/src/wbEncoder_intc.h:48: error: expected ‘)’ before ‘*’ token
TestApp_Peripheral_ppc440_0/src/wbEncoder_intc.h:49: error: expected ‘)’ before ‘*’ token
TestApp_Peripheral_ppc440_0/src/wbEncoder_intc.h:50: error: expected ‘)’ before ‘*’ token
TestApp_Peripheral_ppc440_0/src/wbEncoder_intc.h:51: error: expected ‘)’ before ‘*’ token
TestApp_Peripheral_ppc440_0/src/wbEncoder_intc.h:52: error: expected ‘)’ before ‘*’ token
TestApp_Peripheral_ppc440_0/src/wbEncoder_tapp_example.c: In function ‘wbEncoderExample’:
TestApp_Peripheral_ppc440_0/src/wbEncoder_tapp_example.c:74: error: ‘instPtr’ undeclared (first use in this function)
TestApp_Peripheral_ppc440_0/src/wbEncoder_tapp_example.c:74: error: (Each undeclared identifier is reported only once
TestApp_Peripheral_ppc440_0/src/wbEncoder_tapp_example.c:74: error: for each function it appears in.)
TestApp_Peripheral_ppc440_0/src/wbEncoder_tapp_example.c:80: warning: passing argument 2 of ‘wbEncoder_IntSetup’ makes pointer from integer without a cast
TestApp_Peripheral_ppc440_0/src/wbEncoder_tapp_example.c:80: warning: passing argument 3 of ‘wbEncoder_IntSetup’ makes integer from pointer without a cast
TestApp_Peripheral_ppc440_0/src/wbEncoder_tapp_example.c: In function ‘wbEncoderIntHandler’:
TestApp_Peripheral_ppc440_0/src/wbEncoder_tapp_example.c:160: error: ‘PLBV46_2_WB_ENCONDER_SLV_REG0_OFFSET’ undeclared (first use in this function)
TestApp_Peripheral_ppc440_0/src/wbEncoder_tapp_example.c:160: error: too many arguments to function ‘Xil_In32’
TestApp_Peripheral_ppc440_0/src/wbEncoder_tapp_example.c: In function ‘wbEncoder_IntSetup’:
TestApp_Peripheral_ppc440_0/src/wbEncoder_tapp_example.c:180: error: ‘XST_SUCESS’ undeclared (first use in this function)
TestApp_Peripheral_ppc440_0/src/wbEncoder_tapp_example.c:185: error: ‘instPrt’ undeclared (first use in this function)
TestApp_Peripheral_ppc440_0/src/wbEncoder_tapp_example.c:199: error: ‘XIL_EXCEPTION_ID_INT’ undeclared (first use in this function)
TestApp_Peripheral_ppc440_0/src/wbEncoder_tapp_example.c:200: error: ‘Xil_ExceptionHandler’ undeclared (first use in this function)
TestApp_Peripheral_ppc440_0/src/wbEncoder_tapp_example.c:200: error: expected ‘)’ before ‘XIntc_InterruptHandler’
In file included from TestApp_Peripheral_ppc440_0/src/wbEncoder.h:29,
                 from TestApp_Peripheral_ppc440_0/src/wbEncoder.c:23:
TestApp_Peripheral_ppc440_0/src/wbEncoder_intc.h:46: error: expected ‘)’ before ‘*’ token
TestApp_Peripheral_ppc440_0/src/wbEncoder_intc.h:47: error: expected ‘)’ before ‘*’ token
TestApp_Peripheral_ppc440_0/src/wbEncoder_intc.h:48: error: expected ‘)’ before ‘*’ token
TestApp_Peripheral_ppc440_0/src/wbEncoder_intc.h:49: error: expected ‘)’ before ‘*’ token
TestApp_Peripheral_ppc440_0/src/wbEncoder_intc.h:50: error: expected ‘)’ before ‘*’ token
TestApp_Peripheral_ppc440_0/src/wbEncoder_intc.h:51: error: expected ‘)’ before ‘*’ token
TestApp_Peripheral_ppc440_0/src/wbEncoder_intc.h:52: error: expected ‘)’ before ‘*’ token
TestApp_Peripheral_ppc440_0/src/wbEncoder.c: In function ‘wbEncoder_CfgInitialize’:
TestApp_Peripheral_ppc440_0/src/wbEncoder.c:46: error: ‘instPtr’ undeclared (first use in this function)
TestApp_Peripheral_ppc440_0/src/wbEncoder.c:46: error: (Each undeclared identifier is reported only once
TestApp_Peripheral_ppc440_0/src/wbEncoder.c:46: error: for each function it appears in.)
TestApp_Peripheral_ppc440_0/src/wbEncoder.c: In function ‘wbEncoder_LookupConfig’:
TestApp_Peripheral_ppc440_0/src/wbEncoder.c:61: error: ‘XPAR_PLBV46_2_WB_ENCODER_NUM_INSTANCES’ undeclared (first use in this function)
TestApp_Peripheral_ppc440_0/src/wbEncoder.c:62: error: ‘deviceId’ undeclared (first use in this function)
TestApp_Peripheral_ppc440_0/src/wbEncoder.c:63: error: ‘configPtr’ undeclared (first use in this function)
TestApp_Peripheral_ppc440_0/src/wbEncoder.c: In function ‘wbEncoder_Initialize’:
TestApp_Peripheral_ppc440_0/src/wbEncoder.c:79: error: ‘instPtr’ undeclared (first use in this function)
TestApp_Peripheral_ppc440_0/src/wbEncoder.c:81: error: ‘configPtr’ undeclared (first use in this function)
make: *** [TestApp_Peripheral_ppc440_0/executable.elf] Error 1



Done!

At Local date and time: Tue Jun  8 00:45:50 2010
 make -f system.make TestApp_Peripheral_ppc440_0_programclean started...

rm -f TestApp_Peripheral_ppc440_0/executable.elf 


Done!

Writing filter settings....

Done writing filter settings to:
	/home/aalonso/workspace/ppc44x/xilinx-ml507-updated/__xps/system.filters

Done writing Tab View settings to:
	/home/aalonso/workspace/ppc44x/xilinx-ml507-updated/__xps/system.gui

Xilinx Platform Studio (XPS)
Xilinx EDK 12.1 Build EDK_MS1.53d

Copyright (c) 1995-2010 Xilinx, Inc.  All rights reserved.

Generating Block Diagram to Buffer 

/opt/Xilinx/12.1/ISE_DS/EDK/data/xml/xslscripts/ConvertEdwardVersion.xsl

Generated Block Diagram SVG

At Local date and time: Tue Jun  8 16:20:56 2010
 make -f system.make TestApp_Peripheral_wb_encoder_program started...

*********************************************
Creating software libraries...
*********************************************
libgen -mhs system.mhs -p xc5vfx70tff1136-1   -msg __xps/ise/xmsgprops.lst system.mss
W
libgen
Xilinx EDK 12.1 Build EDK_MS1.53d
Copyright (c) 1995-2010 Xilinx, Inc.  All rights reserved.
Command Line: libgen -mhs system.mhs -p xc5vfx70tff1136-1 -msg
__xps/ise/xmsgprops.lst system.mss 
ARNING:EDK - INFO:Security:67 - XILINXD_LICENSE_FILE is set to
   '/opt/Xilinx/11.4/EDK/data/core_licenses' in /home/aalonso/.flexlmrc.
   INFO:Security:66 - Your license for 'SDK' is for evaluation use only.
   WARNING:Security:42 - Your license support version '2010.06' for SDK expires
   in 21 days after which you will not qualify for Xilinx software updates or
   new releases.



Release 12.1 - psf2Edward EDK_MS1.53d (lin64)
Copyright (c) 1995-2010 Xilinx, Inc.  All rights reserved.
Checking platform configuration ...
IPNAME:plb_v46 INSTANCE:plb_v46_0 -
/home/aalonso/workspace/xlnx/xilinx-ml507-updated/system.mhs line 111 - 2
master(s) : 17 slave(s)
Checking port drivers...
WARNING:EDK:2099 - PORT:Peripheral_Reset CONNECTOR:sys_periph_reset -
   /home/aalonso/workspace/xlnx/xilinx-ml507-updated/system.mhs line 416 -
   floating connection!
Performing Clock DRCs...
Performing Reset DRCs...
Overriding system level properties...
Running system level update procedures...
Running UPDATE Tcl procedures for OPTION SYSLEVEL_UPDATE_PROC...
Running system level DRCs...
Performing System level DRCs on properties...
Running DRC Tcl procedures for OPTION SYSLEVEL_DRC_PROC...
Port present in Ethernet_MAC
I'm now in proc syslevel_check_micontrol
/home/aalonso/workspace/xlnx/xilinx-ml507-updated/synthesis/plbv46_2_wb_enconder
_0_wrapper_xst.srp not found
WARNING:EDK:1027 - Device utilization and timing not added for
   plbv46_2_wb_enconder_0
Conversion to XML complete.
-- Generating libraries for processor: ppc440_0 --
Staging source files.
Running DRCs.
Running generate.
Running post_generate.
Running include - 'gmake -s include "COMPILER=powerpc-eabi-gcc"
"ARCHIVER=powerpc-eabi-ar" "COMPILER_FLAGS=-mcpu=440  -O2 -c"
"EXTRA_COMPILER_FLAGS=-g"'.
Running libs - 'gmake -s libs "COMPILER=powerpc-eabi-gcc"
"ARCHIVER=powerpc-eabi-ar" "COMPILER_FLAGS=-mcpu=440  -O2 -c"
"EXTRA_COMPILER_FLAGS=-g"'.
Compiling common
powerpc-eabi-ar: creating ../../../lib/libxil.a

Compiling lldma
Compiling standalone
Compiling gpio
Compiling emaclite
Compiling iic
Compiling uartlite
Compiling sysace
Compiling plbv46_2_wb_enconder
Compiling intc
Compiling ps2
Compiling tft
Compiling wdttb
Compiling tmrctr
Compiling cpu_ppc440
Running execs_generate.
powerpc-eabi-gcc -O2 TestApp_Peripheral_ppc440_0_wbEncoder/src/TespApp_wbEncoder.c TestApp_Peripheral_ppc440_0_wbEncoder/src/wbEncoder_intc.c TestApp_Peripheral_ppc440_0_wbEncoder/src/wbEncoder.c  -o TestApp_Peripheral_wb_encoder/executable.elf \
	    -mcpu=440   -g    -I./ppc440_0/include/  -ITestApp_Peripheral_ppc440_0_wbEncoder/src/  -L./ppc440_0/lib/  \
	  
TestApp_Peripheral_ppc440_0_wbEncoder/src/TespApp_wbEncoder.c:28:25: error: intc_header.h: No such file or directory

TestApp_Peripheral_ppc440_0_wbEncoder/src/TespApp_wbEncoder.c: In function ‘wbEncoderExample’:
TestApp_Peripheral_ppc440_0_wbEncoder/src/TespApp_wbEncoder.c:75: error: ‘instPtr’ undeclared (first use in this function)
TestApp_Peripheral_ppc440_0_wbEncoder/src/TespApp_wbEncoder.c:75: error: (Each undeclared identifier is reported only once
TestApp_Peripheral_ppc440_0_wbEncoder/src/TespApp_wbEncoder.c:75: error: for each function it appears in.)
TestApp_Peripheral_ppc440_0_wbEncoder/src/TespApp_wbEncoder.c:81: warning: passing argument 2 of ‘wbEncoder_IntSetup’ makes pointer from integer without a cast
TestApp_Peripheral_ppc440_0_wbEncoder/src/TespApp_wbEncoder.c:81: warning: passing argument 3 of ‘wbEncoder_IntSetup’ makes integer from pointer without a cast
TestApp_Peripheral_ppc440_0_wbEncoder/src/TespApp_wbEncoder.c: In function ‘wbEncoderIntHandler’:
TestApp_Peripheral_ppc440_0_wbEncoder/src/TespApp_wbEncoder.c:161: error: ‘PLBV46_2_WB_ENCONDER_SLV_REG0_OFFSET’ undeclared (first use in this function)
TestApp_Peripheral_ppc440_0_wbEncoder/src/TespApp_wbEncoder.c:161: error: too many arguments to function ‘Xil_In32’
TestApp_Peripheral_ppc440_0_wbEncoder/src/TespApp_wbEncoder.c: In function ‘wbEncoder_IntSetup’:
TestApp_Peripheral_ppc440_0_wbEncoder/src/TespApp_wbEncoder.c:181: error: ‘XST_SUCESS’ undeclared (first use in this function)
TestApp_Peripheral_ppc440_0_wbEncoder/src/TespApp_wbEncoder.c:186: error: ‘instPrt’ undeclared (first use in this function)
TestApp_Peripheral_ppc440_0_wbEncoder/src/TespApp_wbEncoder.c:192: error: too few arguments to function ‘wbEncoder_InterruptEnable’
TestApp_Peripheral_ppc440_0_wbEncoder/src/TespApp_wbEncoder.c:200: error: ‘XIL_EXCEPTION_ID_INT’ undeclared (first use in this function)
TestApp_Peripheral_ppc440_0_wbEncoder/src/TespApp_wbEncoder.c:201: error: ‘Xil_ExceptionHandler’ undeclared (first use in this function)
TestApp_Peripheral_ppc440_0_wbEncoder/src/TespApp_wbEncoder.c:201: error: expected ‘)’ before ‘XIntc_InterruptHandler’
In file included from TestApp_Peripheral_ppc440_0_wbEncoder/src/wbEncoder_intc.c:23:
TestApp_Peripheral_ppc440_0_wbEncoder/src/wbEncoder.h:78: error: ‘XPAR_PLBV46_2_WB_ENCONDER_0_DEVICE_ID’ undeclared here (not in a function)
TestApp_Peripheral_ppc440_0_wbEncoder/src/wbEncoder.h:79: error: ‘XPAR_PLBV46_2_WB_ENCONDER_0_BASEADDR’ undeclared here (not in a function)
TestApp_Peripheral_ppc440_0_wbEncoder/src/wbEncoder_intc.c: In function ‘wbEncoder_InterruptGlobalEnable’:
TestApp_Peripheral_ppc440_0_wbEncoder/src/wbEncoder_intc.c:43: error: expected ‘)’ before ‘->’ token
TestApp_Peripheral_ppc440_0_wbEncoder/src/wbEncoder_intc.c:43: error: ‘PLBV46_2_WB_ENCONDER_INTR_IPIER_OFFSET’ undeclared (first use in this function)
TestApp_Peripheral_ppc440_0_wbEncoder/src/wbEncoder_intc.c:43: error: (Each undeclared identifier is reported only once
TestApp_Peripheral_ppc440_0_wbEncoder/src/wbEncoder_intc.c:43: error: for each function it appears in.)
TestApp_Peripheral_ppc440_0_wbEncoder/src/wbEncoder_intc.c:43: error: wrong type argument to unary plus
TestApp_Peripheral_ppc440_0_wbEncoder/src/wbEncoder_intc.c:43: error: conversion to non-scalar type requested
TestApp_Peripheral_ppc440_0_wbEncoder/src/wbEncoder_intc.c:47: error: expected ‘)’ before ‘->’ token
TestApp_Peripheral_ppc440_0_wbEncoder/src/wbEncoder_intc.c:47: error: ‘PLBV46_2_WB_ENCONDER_INTR_DIER_OFFSET’ undeclared (first use in this function)
TestApp_Peripheral_ppc440_0_wbEncoder/src/wbEncoder_intc.c:47: error: wrong type argument to unary plus
TestApp_Peripheral_ppc440_0_wbEncoder/src/wbEncoder_intc.c:47: error: conversion to non-scalar type requested
TestApp_Peripheral_ppc440_0_wbEncoder/src/wbEncoder_intc.c:47: error: ‘INTR_TERR_MASK’ undeclared (first use in this function)
TestApp_Peripheral_ppc440_0_wbEncoder/src/wbEncoder_intc.c:47: error: ‘INTR_DPTO_MASK’ undeclared (first use in this function)
TestApp_Peripheral_ppc440_0_wbEncoder/src/wbEncoder_intc.c:47: error: invalid operands to binary |
TestApp_Peripheral_ppc440_0_wbEncoder/src/wbEncoder_intc.c:47: error: ‘INTR_IPIR_MASK’ undeclared (first use in this function)
TestApp_Peripheral_ppc440_0_wbEncoder/src/wbEncoder_intc.c:47: error: invalid operands to binary |
TestApp_Peripheral_ppc440_0_wbEncoder/src/wbEncoder_intc.c:51: error: expected ‘)’ before ‘->’ token
TestApp_Peripheral_ppc440_0_wbEncoder/src/wbEncoder_intc.c:51: error: ‘PLBV46_2_WB_ENCONDER_INTR_DGIER_OFFSET’ undeclared (first use in this function)
TestApp_Peripheral_ppc440_0_wbEncoder/src/wbEncoder_intc.c:51: error: wrong type argument to unary plus
TestApp_Peripheral_ppc440_0_wbEncoder/src/wbEncoder_intc.c:51: error: conversion to non-scalar type requested
TestApp_Peripheral_ppc440_0_wbEncoder/src/wbEncoder_intc.c:51: error: ‘INTR_GIE_MASK’ undeclared (first use in this function)
TestApp_Peripheral_ppc440_0_wbEncoder/src/wbEncoder_intc.c: In function ‘wbEncoder_InterruptGlobalDisable’:
TestApp_Peripheral_ppc440_0_wbEncoder/src/wbEncoder_intc.c:62: error: expected ‘)’ before ‘->’ token
TestApp_Peripheral_ppc440_0_wbEncoder/src/wbEncoder_intc.c:62: error: ‘PLBV46_2_WB_ENCONDER_INTR_DGIER_OFFSET’ undeclared (first use in this function)
TestApp_Peripheral_ppc440_0_wbEncoder/src/wbEncoder_intc.c:62: error: wrong type argument to unary plus
TestApp_Peripheral_ppc440_0_wbEncoder/src/wbEncoder_intc.c:62: error: conversion to non-scalar type requested
TestApp_Peripheral_ppc440_0_wbEncoder/src/wbEncoder_intc.c:75:47: error: macro "wbEncoder_ReadReg" requires 3 arguments, but only 2 given

TestApp_Peripheral_ppc440_0_wbEncoder/src/wbEncoder_intc.c: In function ‘wbEncoder_InterruptEnable’:
TestApp_Peripheral_ppc440_0_wbEncoder/src/wbEncoder_intc.c:74: error: ‘wbEncoder_ReadReg’ undeclared (first use in this function)
TestApp_Peripheral_ppc440_0_wbEncoder/src/wbEncoder_intc.c:74: warning: assignment makes integer from pointer without a cast
TestApp_Peripheral_ppc440_0_wbEncoder/src/wbEncoder_intc.c:76: error: ‘PLBV46_2_WB_ENCONDER_INTR_IPIER_OFFSET’ undeclared (first use in this function)
TestApp_Peripheral_ppc440_0_wbEncoder/src/wbEncoder_intc.c:89:47: error: macro "wbEncoder_ReadReg" requires 3 arguments, but only 2 given
TestApp_Peripheral_ppc440_0_wbEncoder/src/wbEncoder_intc.c: In function ‘wbEncoder_InterruptDisable’:
TestApp_Peripheral_ppc440_0_wbEncoder/src/wbEncoder_intc.c:88: error: ‘wbEncoder_ReadReg’ undeclared (first use in this function)
TestApp_Peripheral_ppc440_0_wbEncoder/src/wbEncoder_intc.c:88: warning: assignment makes integer from pointer without a cast
TestApp_Peripheral_ppc440_0_wbEncoder/src/wbEncoder_intc.c:90: error: ‘PLBV46_2_WB_ENCONDER_INTR_IPIER_OFFSET’ undeclared (first use in this function)
TestApp_Peripheral_ppc440_0_wbEncoder/src/wbEncoder_intc.c:103:47: error: macro "wbEncoder_ReadReg" requires 3 arguments, but only 2 given
TestApp_Peripheral_ppc440_0_wbEncoder/src/wbEncoder_intc.c: In function ‘wbEncoder_InterruptClear’:
TestApp_Peripheral_ppc440_0_wbEncoder/src/wbEncoder_intc.c:102: error: ‘wbEncoder_ReadReg’ undeclared (first use in this function)
TestApp_Peripheral_ppc440_0_wbEncoder/src/wbEncoder_intc.c:102: warning: assignment makes integer from pointer without a cast
TestApp_Peripheral_ppc440_0_wbEncoder/src/wbEncoder_intc.c:104: error: ‘PLBV46_2_WB_ENCONDER_INTR_IPISR_OFFSET’ undeclared (first use in this function)
TestApp_Peripheral_ppc440_0_wbEncoder/src/wbEncoder_intc.c:116:47: error: macro "wbEncoder_ReadReg" requires 3 arguments, but only 2 given
TestApp_Peripheral_ppc440_0_wbEncoder/src/wbEncoder_intc.c: In function ‘wbEncoder_InterruptGetEnabled’:
TestApp_Peripheral_ppc440_0_wbEncoder/src/wbEncoder_intc.c:115: error: ‘wbEncoder_ReadReg’ undeclared (first use in this function)
TestApp_Peripheral_ppc440_0_wbEncoder/src/wbEncoder_intc.c:115: warning: return makes integer from pointer without a cast
TestApp_Peripheral_ppc440_0_wbEncoder/src/wbEncoder_intc.c:125:47: error: macro "wbEncoder_ReadReg" requires 3 arguments, but only 2 given
TestApp_Peripheral_ppc440_0_wbEncoder/src/wbEncoder_intc.c: In function ‘wbEncoder_InterruptGetStatus’:
TestApp_Peripheral_ppc440_0_wbEncoder/src/wbEncoder_intc.c:124: error: ‘wbEncoder_ReadReg’ undeclared (first use in this function)
TestApp_Peripheral_ppc440_0_wbEncoder/src/wbEncoder_intc.c:124: warning: return makes integer from pointer without a cast
In file included from TestApp_Peripheral_ppc440_0_wbEncoder/src/wbEncoder.c:23:
TestApp_Peripheral_ppc440_0_wbEncoder/src/wbEncoder.h:78: error: ‘XPAR_PLBV46_2_WB_ENCONDER_0_DEVICE_ID’ undeclared here (not in a function)
TestApp_Peripheral_ppc440_0_wbEncoder/src/wbEncoder.h:79: error: ‘XPAR_PLBV46_2_WB_ENCONDER_0_BASEADDR’ undeclared here (not in a function)
TestApp_Peripheral_ppc440_0_wbEncoder/src/wbEncoder.c: In function ‘wbEncoder_CfgInitialize’:
TestApp_Peripheral_ppc440_0_wbEncoder/src/wbEncoder.c:45: error: ‘instPtr’ undeclared (first use in this function)
TestApp_Peripheral_ppc440_0_wbEncoder/src/wbEncoder.c:45: error: (Each undeclared identifier is reported only once
TestApp_Peripheral_ppc440_0_wbEncoder/src/wbEncoder.c:45: error: for each function it appears in.)
TestApp_Peripheral_ppc440_0_wbEncoder/src/wbEncoder.c:45: error: ‘wbEncoder_Config’ has no member named ‘readData’
TestApp_Peripheral_ppc440_0_wbEncoder/src/wbEncoder.c: In function ‘wbEncoder_LookupConfig’:
TestApp_Peripheral_ppc440_0_wbEncoder/src/wbEncoder.c:60: error: ‘XPAR_PLBV46_2_WB_ENCODER_NUM_INSTANCES’ undeclared (first use in this function)
TestApp_Peripheral_ppc440_0_wbEncoder/src/wbEncoder.c:60: warning: comparison between pointer and integer
TestApp_Peripheral_ppc440_0_wbEncoder/src/wbEncoder.c:61: error: ‘deviceId’ undeclared (first use in this function)
TestApp_Peripheral_ppc440_0_wbEncoder/src/wbEncoder.c:61: warning: comparison between pointer and integer
TestApp_Peripheral_ppc440_0_wbEncoder/src/wbEncoder.c:62: error: ‘configPtr’ undeclared (first use in this function)
TestApp_Peripheral_ppc440_0_wbEncoder/src/wbEncoder.c: In function ‘wbEncoder_Initialize’:
TestApp_Peripheral_ppc440_0_wbEncoder/src/wbEncoder.c:78: error: ‘instPtr’ undeclared (first use in this function)
TestApp_Peripheral_ppc440_0_wbEncoder/src/wbEncoder.c:80: error: ‘configPtr’ undeclared (first use in this function)
TestApp_Peripheral_ppc440_0_wbEncoder/src/wbEncoder.c:82: error: ‘wbEncoder_Config’ has no member named ‘isReady’
TestApp_Peripheral_ppc440_0_wbEncoder/src/wbEncoder.c:83: error: ‘wbEncoder_Config’ has no member named ‘readData’
TestApp_Peripheral_ppc440_0_wbEncoder/src/wbEncoder.c:89: warning: passing argument 1 of ‘wbEncoder_CfgInitialize’ from incompatible pointer type
make: *** [TestApp_Peripheral_wb_encoder/executable.elf] Error 1



Done!

At Local date and time: Tue Jun  8 16:24:44 2010
 make -f system.make swclean started...

rm -rf ppc440_0/
rm -f libgen.log
rm -f __xps/ise/_xmsgs/libgen.xmsgs
rm -f TestApp_Memory_ppc440_0/executable.elf 
rm -f TestApp_Peripheral_ppc440_0/executable.elf 
rm -f TestApp_Peripheral_ppc440_0_tft/executable.elf 
rm -f TestApp_Peripheral_wb_encoder/executable.elf 


Done!

Saved MSS File.

At Local date and time: Tue Jun  8 16:25:25 2010
 make -f system.make libs started...

*********************************************
Creating software libraries...
*********************************************
libgen -mhs system.mhs -p xc5vfx70tff1136-1   -msg __xps/ise/xmsgprops.lst system.mss
WARNING:EDK - INFO:Security:67 - XILINXD_LICENSE_FILE is set to
libgen
Xilinx EDK 12.1 Build EDK_MS1.53d
Copyright (c) 1995-2010 Xilinx, Inc.  All rights reserved.
Command Line: libgen -mhs system.mhs -p xc5vfx70tff1136-1 -msg
__xps/ise/xmsgprops.lst system.mss 

   '/opt/Xilinx/11.4/EDK/data/core_licenses' in /home/aalonso/.flexlmrc.
   INFO:Security:66 - Your license for 'SDK' is for evaluation use only.
   WARNING:Security:42 - Your license support version '2010.06' for SDK expires
   in 21 days after which you will not qualify for Xilinx software updates or
   new releases.



Release 12.1 - psf2Edward EDK_MS1.53d (lin64)
Copyright (c) 1995-2010 Xilinx, Inc.  All rights reserved.
Checking platform configuration ...
IPNAME:plb_v46 INSTANCE:plb_v46_0 -
/home/aalonso/workspace/xlnx/xilinx-ml507-updated/system.mhs line 111 - 2
master(s) : 17 slave(s)
Checking port drivers...
WARNING:EDK:2099 - PORT:Peripheral_Reset CONNECTOR:sys_periph_reset -
   /home/aalonso/workspace/xlnx/xilinx-ml507-updated/system.mhs line 416 -
   floating connection!
Performing Clock DRCs...
Performing Reset DRCs...
Overriding system level properties...
Running system level update procedures...
Running UPDATE Tcl procedures for OPTION SYSLEVEL_UPDATE_PROC...
Running system level DRCs...
Performing System level DRCs on properties...
Running DRC Tcl procedures for OPTION SYSLEVEL_DRC_PROC...
Port present in Ethernet_MAC
I'm now in proc syslevel_check_micontrol
/home/aalonso/workspace/xlnx/xilinx-ml507-updated/synthesis/plbv46_2_wb_enconder
_0_wrapper_xst.srp not found
WARNING:EDK:1027 - Device utilization and timing not added for
   plbv46_2_wb_enconder_0
Conversion to XML complete.
-- Generating libraries for processor: ppc440_0 --
Staging source files.
Running DRCs.
Running generate.
Running post_generate.
Running include - 'gmake -s include "COMPILER=powerpc-eabi-gcc"
"ARCHIVER=powerpc-eabi-ar" "COMPILER_FLAGS=-mcpu=440  -O2 -c"
"EXTRA_COMPILER_FLAGS=-g"'.
Running libs - 'gmake -s libs "COMPILER=powerpc-eabi-gcc"
"ARCHIVER=powerpc-eabi-ar" "COMPILER_FLAGS=-mcpu=440  -O2 -c"
"EXTRA_COMPILER_FLAGS=-g"'.
Compiling common
powerpc-eabi-ar: 
creating ../../../lib/libxil.a

Compiling lldma
Compiling standalone
Compiling gpio
Compiling emaclite
Compiling iic
Compiling uartlite
Compiling sysace
Compiling plbv46_2_wb_enconder
Compiling intc
Compiling ps2
Compiling tft
Compiling wdttb
Compiling tmrctr
Compiling cpu_ppc440
Running execs_generate.


Done!

At Local date and time: Tue Jun  8 16:29:53 2010
 make -f system.make TestApp_Memory_ppc440_0_program started...

powerpc-eabi-gcc -O2 TestApp_Memory_ppc440_0/src/TestApp_Memory.c  -o TestApp_Memory_ppc440_0/executable.elf \
	    -mcpu=440  -Wl,-T -Wl,TestApp_Memory_ppc440_0/src/TestApp_Memory_LinkScr.ld  -g    -I./ppc440_0/include/  -L./ppc440_0/lib/  \
	  
powerpc-eabi-size TestApp_Memory_ppc440_0/executable.elf 
   text	   data	    bss	    dec	    hex	filename
   5758	    316	   6192	  12266	   2fea	TestApp_Memory_ppc440_0/executable.elf


Done!

At Local date and time: Tue Jun  8 16:29:59 2010
 make -f system.make TestApp_Peripheral_ppc440_0_program started...

powerpc-eabi-gcc -O2 TestApp_Peripheral_ppc440_0/src/TestApp_Peripheral.c TestApp_Peripheral_ppc440_0/src/xintc_tapp_example.c TestApp_Peripheral_ppc440_0/src/xgpio_tapp_example.c TestApp_Peripheral_ppc440_0/src/xgpio_intr_tapp_example.c TestApp_Peripheral_ppc440_0/src/xiic_selftest_example.c TestApp_Peripheral_ppc440_0/src/xemaclite_polled_example.c TestApp_Peripheral_ppc440_0/src/xemaclite_intr_example.c TestApp_Peripheral_ppc440_0/src/xemaclite_example_util.c TestApp_Peripheral_ppc440_0/src/xsysace_selftest_example.c TestApp_Peripheral_ppc440_0/src/xwdttb_selftest_example.c TestApp_Peripheral_ppc440_0/src/xwdttb_intr_example.c TestApp_Peripheral_ppc440_0/src/xtmrctr_selftest_example.c TestApp_Peripheral_ppc440_0/src/xtmrctr_intr_example.c  -o TestApp_Peripheral_ppc440_0/executable.elf \
	    -mcpu=440  -Wl,-T -Wl,TestApp_Peripheral_ppc440_0/src/TestApp_Peripheral_LinkScr.ld  -g    -I./ppc440_0/include/  -ITestApp_Peripheral_ppc440_0/src/  -L./ppc440_0/lib/  \
	  
powerpc-eabi-size TestApp_Peripheral_ppc440_0/executable.elf 
   text	   data	    bss	    dec	    hex	filename
  41270	    580	  20208	  62058	   f26a	TestApp_Peripheral_ppc440_0/executable.elf


Done!

At Local date and time: Tue Jun  8 16:30:08 2010
 make -f system.make TestApp_Peripheral_ppc440_0_tft_program started...

powerpc-eabi-gcc -O2 TestApp_Peripheral_ppc440_0_tft/src/xps-tft-colorbar.c  -o TestApp_Peripheral_ppc440_0_tft/executable.elf \
	    -mcpu=440   -g    -I./ppc440_0/include/  -L./ppc440_0/lib/  \
	  
powerpc-eabi-size TestApp_Peripheral_ppc440_0_tft/executable.elf 
   text	   data	    bss	    dec	    hex	filename
  12434	   1492	   8276	  22202	   56ba	TestApp_Peripheral_ppc440_0_tft/executable.elf


Done!

At Local date and time: Tue Jun  8 16:30:19 2010
 make -f system.make TestApp_Peripheral_wb_encoder_program started...

powerpc-eabi-gcc -O2 TestApp_Peripheral_ppc440_0_wbEncoder/src/TespApp_wbEncoder.c TestApp_Peripheral_ppc440_0_wbEncoder/src/wbEncoder_intc.c TestApp_Peripheral_ppc440_0_wbEncoder/src/wbEncoder.c  -o TestApp_Peripheral_wb_encoder/executable.elf \
	    -mcpu=440   -g    -I./ppc440_0/include/  -ITestApp_Peripheral_ppc440_0_wbEncoder/src/  -L./ppc440_0/lib/  \
	  
TestApp_Peripheral_ppc440_0_wbEncoder/src/TespApp_wbEncoder.c:28:25: error: intc_header.h: No such file or directory
TestApp_Peripheral_ppc440_0_wbEncoder/src/TespApp_wbEncoder.c: In function ‘wbEncoderExample’:
TestApp_Peripheral_ppc440_0_wbEncoder/src/TespApp_wbEncoder.c:75: error: ‘instPtr’ undeclared (first use in this function)
TestApp_Peripheral_ppc440_0_wbEncoder/src/TespApp_wbEncoder.c:75: error: (Each undeclared identifier is reported only once
TestApp_Peripheral_ppc440_0_wbEncoder/src/TespApp_wbEncoder.c:75: error: for each function it appears in.)
TestApp_Peripheral_ppc440_0_wbEncoder/src/TespApp_wbEncoder.c:81: warning: passing argument 2 of ‘wbEncoder_IntSetup’ makes pointer from integer without a cast
TestApp_Peripheral_ppc440_0_wbEncoder/src/TespApp_wbEncoder.c:81: warning: passing argument 3 of ‘wbEncoder_IntSetup’ makes integer from pointer without a cast
TestApp_Peripheral_ppc440_0_wbEncoder/src/TespApp_wbEncoder.c: In function ‘wbEncoderIntHandler’:
TestApp_Peripheral_ppc440_0_wbEncoder/src/TespApp_wbEncoder.c:161: error: ‘PLBV46_2_WB_ENCONDER_SLV_REG0_OFFSET’ undeclared (first use in this function)
TestApp_Peripheral_ppc440_0_wbEncoder/src/TespApp_wbEncoder.c:161: error: too many arguments to function ‘Xil_In32’
TestApp_Peripheral_ppc440_0_wbEncoder/src/TespApp_wbEncoder.c: In function ‘wbEncoder_IntSetup’:
TestApp_Peripheral_ppc440_0_wbEncoder/src/TespApp_wbEncoder.c:181: error: ‘XST_SUCESS’ undeclared (first use in this function)
TestApp_Peripheral_ppc440_0_wbEncoder/src/TespApp_wbEncoder.c:186: error: ‘instPrt’ undeclared (first use in this function)
TestApp_Peripheral_ppc440_0_wbEncoder/src/TespApp_wbEncoder.c:192: error: too few arguments to function ‘wbEncoder_InterruptEnable’
TestApp_Peripheral_ppc440_0_wbEncoder/src/TespApp_wbEncoder.c:200: error: ‘XIL_EXCEPTION_ID_INT’ undeclared (first use in this function)
TestApp_Peripheral_ppc440_0_wbEncoder/src/TespApp_wbEncoder.c:201: error: ‘Xil_ExceptionHandler’ undeclared (first use in this function)
TestApp_Peripheral_ppc440_0_wbEncoder/src/TespApp_wbEncoder.c:201: error: expected ‘)’ before ‘XIntc_InterruptHandler’

In file included from TestApp_Peripheral_ppc440_0_wbEncoder/src/wbEncoder_intc.c:23:
TestApp_Peripheral_ppc440_0_wbEncoder/src/wbEncoder.h:78: error: ‘XPAR_PLBV46_2_WB_ENCONDER_0_DEVICE_ID’ undeclared here (not in a function)
TestApp_Peripheral_ppc440_0_wbEncoder/src/wbEncoder.h:79: error: ‘XPAR_PLBV46_2_WB_ENCONDER_0_BASEADDR’ undeclared here (not in a function)
TestApp_Peripheral_ppc440_0_wbEncoder/src/wbEncoder_intc.c: In function ‘wbEncoder_InterruptGlobalEnable’:
TestApp_Peripheral_ppc440_0_wbEncoder/src/wbEncoder_intc.c:43: error: expected ‘)’ before ‘->’ token
TestApp_Peripheral_ppc440_0_wbEncoder/src/wbEncoder_intc.c:43: error: ‘PLBV46_2_WB_ENCONDER_INTR_IPIER_OFFSET’ undeclared (first use in this function)
TestApp_Peripheral_ppc440_0_wbEncoder/src/wbEncoder_intc.c:43: error: (Each undeclared identifier is reported only once
TestApp_Peripheral_ppc440_0_wbEncoder/src/wbEncoder_intc.c:43: error: for each function it appears in.)
TestApp_Peripheral_ppc440_0_wbEncoder/src/wbEncoder_intc.c:43: error: wrong type argument to unary plus
TestApp_Peripheral_ppc440_0_wbEncoder/src/wbEncoder_intc.c:43: error: conversion to non-scalar type requested
TestApp_Peripheral_ppc440_0_wbEncoder/src/wbEncoder_intc.c:47: error: expected ‘)’ before ‘->’ token
TestApp_Peripheral_ppc440_0_wbEncoder/src/wbEncoder_intc.c:47: error: ‘PLBV46_2_WB_ENCONDER_INTR_DIER_OFFSET’ undeclared (first use in this function)
TestApp_Peripheral_ppc440_0_wbEncoder/src/wbEncoder_intc.c:47: error: wrong type argument to unary plus
TestApp_Peripheral_ppc440_0_wbEncoder/src/wbEncoder_intc.c:47: error: conversion to non-scalar type requested
TestApp_Peripheral_ppc440_0_wbEncoder/src/wbEncoder_intc.c:47: error: ‘INTR_TERR_MASK’ undeclared (first use in this function)
TestApp_Peripheral_ppc440_0_wbEncoder/src/wbEncoder_intc.c:47: error: ‘INTR_DPTO_MASK’ undeclared (first use in this function)
TestApp_Peripheral_ppc440_0_wbEncoder/src/wbEncoder_intc.c:47: error: invalid operands to binary |
TestApp_Peripheral_ppc440_0_wbEncoder/src/wbEncoder_intc.c:47: error: ‘INTR_IPIR_MASK’ undeclared (first use in this function)
TestApp_Peripheral_ppc440_0_wbEncoder/src/wbEncoder_intc.c:47: error: invalid operands to binary |
TestApp_Peripheral_ppc440_0_wbEncoder/src/wbEncoder_intc.c:51: error: expected ‘)’ before ‘->’ token
TestApp_Peripheral_ppc440_0_wbEncoder/src/wbEncoder_intc.c:51: error: ‘PLBV46_2_WB_ENCONDER_INTR_DGIER_OFFSET’ undeclared (first use in this function)
TestApp_Peripheral_ppc440_0_wbEncoder/src/wbEncoder_intc.c:51: error: wrong type argument to unary plus
TestApp_Peripheral_ppc440_0_wbEncoder/src/wbEncoder_intc.c:51: error: conversion to non-scalar type requested
TestApp_Peripheral_ppc440_0_wbEncoder/src/wbEncoder_intc.c:51: error: ‘INTR_GIE_MASK’ undeclared (first use in this function)
TestApp_Peripheral_ppc440_0_wbEncoder/src/wbEncoder_intc.c: In function ‘wbEncoder_InterruptGlobalDisable’:
TestApp_Peripheral_ppc440_0_wbEncoder/src/wbEncoder_intc.c:62: error: expected ‘)’ before ‘->’ token
TestApp_Peripheral_ppc440_0_wbEncoder/src/wbEncoder_intc.c:62: error: ‘PLBV46_2_WB_ENCONDER_INTR_DGIER_OFFSET’ undeclared (first use in this function)
TestApp_Peripheral_ppc440_0_wbEncoder/src/wbEncoder_intc.c:62: error: wrong type argument to unary plus
TestApp_Peripheral_ppc440_0_wbEncoder/src/wbEncoder_intc.c:62: error: conversion to non-scalar type requested
TestApp_Peripheral_ppc440_0_wbEncoder/src/wbEncoder_intc.c:75:47: error: macro "wbEncoder_ReadReg" requires 3 arguments, but only 2 given
TestApp_Peripheral_ppc440_0_wbEncoder/src/wbEncoder_intc.c: In function ‘wbEncoder_InterruptEnable’:
TestApp_Peripheral_ppc440_0_wbEncoder/src/wbEncoder_intc.c:74: error: ‘wbEncoder_ReadReg’ undeclared (first use in this function)
TestApp_Peripheral_ppc440_0_wbEncoder/src/wbEncoder_intc.c:74: warning: assignment makes integer from pointer without a cast
TestApp_Peripheral_ppc440_0_wbEncoder/src/wbEncoder_intc.c:76: error: ‘PLBV46_2_WB_ENCONDER_INTR_IPIER_OFFSET’ undeclared (first use in this function)
TestApp_Peripheral_ppc440_0_wbEncoder/src/wbEncoder_intc.c:89:47: error: macro "wbEncoder_ReadReg" requires 3 arguments, but only 2 given
TestApp_Peripheral_ppc440_0_wbEncoder/src/wbEncoder_intc.c: In function ‘wbEncoder_InterruptDisable’:
TestApp_Peripheral_ppc440_0_wbEncoder/src/wbEncoder_intc.c:88: error: ‘wbEncoder_ReadReg’ undeclared (first use in this function)
TestApp_Peripheral_ppc440_0_wbEncoder/src/wbEncoder_intc.c:88: warning: assignment makes integer from pointer without a cast
TestApp_Peripheral_ppc440_0_wbEncoder/src/wbEncoder_intc.c:90: error: ‘PLBV46_2_WB_ENCONDER_INTR_IPIER_OFFSET’ undeclared (first use in this function)
TestApp_Peripheral_ppc440_0_wbEncoder/src/wbEncoder_intc.c:103:47: error: macro "wbEncoder_ReadReg" requires 3 arguments, but only 2 given
TestApp_Peripheral_ppc440_0_wbEncoder/src/wbEncoder_intc.c: In function ‘wbEncoder_InterruptClear’:
TestApp_Peripheral_ppc440_0_wbEncoder/src/wbEncoder_intc.c:102: error: ‘wbEncoder_ReadReg’ undeclared (first use in this function)
TestApp_Peripheral_ppc440_0_wbEncoder/src/wbEncoder_intc.c:102: warning: assignment makes integer from pointer without a cast
TestApp_Peripheral_ppc440_0_wbEncoder/src/wbEncoder_intc.c:104: error: ‘PLBV46_2_WB_ENCONDER_INTR_IPISR_OFFSET’ undeclared (first use in this function)
TestApp_Peripheral_ppc440_0_wbEncoder/src/wbEncoder_intc.c:116:47: error: macro "wbEncoder_ReadReg" requires 3 arguments, but only 2 given
TestApp_Peripheral_ppc440_0_wbEncoder/src/wbEncoder_intc.c: In function ‘wbEncoder_InterruptGetEnabled’:
TestApp_Peripheral_ppc440_0_wbEncoder/src/wbEncoder_intc.c:115: error: ‘wbEncoder_ReadReg’ undeclared (first use in this function)
TestApp_Peripheral_ppc440_0_wbEncoder/src/wbEncoder_intc.c:115: warning: return makes integer from pointer without a cast
TestApp_Peripheral_ppc440_0_wbEncoder/src/wbEncoder_intc.c:125:47: error: macro "wbEncoder_ReadReg" requires 3 arguments, but only 2 given
TestApp_Peripheral_ppc440_0_wbEncoder/src/wbEncoder_intc.c: In function ‘wbEncoder_InterruptGetStatus’:
TestApp_Peripheral_ppc440_0_wbEncoder/src/wbEncoder_intc.c:124: error: ‘wbEncoder_ReadReg’ undeclared (first use in this function)
TestApp_Peripheral_ppc440_0_wbEncoder/src/wbEncoder_intc.c:124: warning: return makes integer from pointer without a cast
In file included from TestApp_Peripheral_ppc440_0_wbEncoder/src/wbEncoder.c:23:
TestApp_Peripheral_ppc440_0_wbEncoder/src/wbEncoder.h:78: error: ‘XPAR_PLBV46_2_WB_ENCONDER_0_DEVICE_ID’ undeclared here (not in a function)
TestApp_Peripheral_ppc440_0_wbEncoder/src/wbEncoder.h:79: error: ‘XPAR_PLBV46_2_WB_ENCONDER_0_BASEADDR’ undeclared here (not in a function)
TestApp_Peripheral_ppc440_0_wbEncoder/src/wbEncoder.c: In function ‘wbEncoder_CfgInitialize’:
TestApp_Peripheral_ppc440_0_wbEncoder/src/wbEncoder.c:45: error: ‘instPtr’ undeclared (first use in this function)
TestApp_Peripheral_ppc440_0_wbEncoder/src/wbEncoder.c:45: error: (Each undeclared identifier is reported only once
TestApp_Peripheral_ppc440_0_wbEncoder/src/wbEncoder.c:45: error: for each function it appears in.)
TestApp_Peripheral_ppc440_0_wbEncoder/src/wbEncoder.c:45: error: ‘wbEncoder_Config’ has no member named ‘readData’
TestApp_Peripheral_ppc440_0_wbEncoder/src/wbEncoder.c: In function ‘wbEncoder_LookupConfig’:
TestApp_Peripheral_ppc440_0_wbEncoder/src/wbEncoder.c:60: error: ‘XPAR_PLBV46_2_WB_ENCODER_NUM_INSTANCES’ undeclared (first use in this function)
TestApp_Peripheral_ppc440_0_wbEncoder/src/wbEncoder.c:60: warning: comparison between pointer and integer
TestApp_Peripheral_ppc440_0_wbEncoder/src/wbEncoder.c:61: error: ‘deviceId’ undeclared (first use in this function)
TestApp_Peripheral_ppc440_0_wbEncoder/src/wbEncoder.c:61: warning: comparison between pointer and integer
TestApp_Peripheral_ppc440_0_wbEncoder/src/wbEncoder.c:62: error: ‘configPtr’ undeclared (first use in this function)
TestApp_Peripheral_ppc440_0_wbEncoder/src/wbEncoder.c: In function ‘wbEncoder_Initialize’:
TestApp_Peripheral_ppc440_0_wbEncoder/src/wbEncoder.c:78: error: ‘instPtr’ undeclared (first use in this function)
TestApp_Peripheral_ppc440_0_wbEncoder/src/wbEncoder.c:80: error: ‘configPtr’ undeclared (first use in this function)
TestApp_Peripheral_ppc440_0_wbEncoder/src/wbEncoder.c:82: error: ‘wbEncoder_Config’ has no member named ‘isReady’
TestApp_Peripheral_ppc440_0_wbEncoder/src/wbEncoder.c:83: error: ‘wbEncoder_Config’ has no member named ‘readData’
TestApp_Peripheral_ppc440_0_wbEncoder/src/wbEncoder.c:89: warning: passing argument 1 of ‘wbEncoder_CfgInitialize’ from incompatible pointer type
make: *** [TestApp_Peripheral_wb_encoder/executable.elf] Error 1



Done!

At Local date and time: Tue Jun  8 16:31:59 2010
 make -f system.make TestApp_Peripheral_wb_encoder_program started...

powerpc-eabi-gcc -O2 TestApp_Peripheral_ppc440_0_wbEncoder/src/TespApp_wbEncoder.c TestApp_Peripheral_ppc440_0_wbEncoder/src/wbEncoder_intc.c TestApp_Peripheral_ppc440_0_wbEncoder/src/wbEncoder.c  -o TestApp_Peripheral_wb_encoder/executable.elf \
	    -mcpu=440   -g    -I./ppc440_0/include/  -ITestApp_Peripheral_ppc440_0_wbEncoder/src/  -L./ppc440_0/lib/  \
	  
TestApp_Peripheral_ppc440_0_wbEncoder/src/TespApp_wbEncoder.c: In function ‘wbEncoderExample’:
TestApp_Peripheral_ppc440_0_wbEncoder/src/TespApp_wbEncoder.c:74: error: ‘instPtr’ undeclared (first use in this function)
TestApp_Peripheral_ppc440_0_wbEncoder/src/TespApp_wbEncoder.c:74: error: (Each undeclared identifier is reported only once
TestApp_Peripheral_ppc440_0_wbEncoder/src/TespApp_wbEncoder.c:74: error: for each function it appears in.)
TestApp_Peripheral_ppc440_0_wbEncoder/src/TespApp_wbEncoder.c:80: warning: passing argument 2 of ‘wbEncoder_IntSetup’ makes pointer from integer without a cast
TestApp_Peripheral_ppc440_0_wbEncoder/src/TespApp_wbEncoder.c:80: warning: passing argument 3 of ‘wbEncoder_IntSetup’ makes integer from pointer without a cast
TestApp_Peripheral_ppc440_0_wbEncoder/src/TespApp_wbEncoder.c: In function ‘wbEncoderIntHandler’:
TestApp_Peripheral_ppc440_0_wbEncoder/src/TespApp_wbEncoder.c:160: error: ‘PLBV46_2_WB_ENCONDER_SLV_REG0_OFFSET’ undeclared (first use in this function)
TestApp_Peripheral_ppc440_0_wbEncoder/src/TespApp_wbEncoder.c:160: error: too many arguments to function ‘Xil_In32’
TestApp_Peripheral_ppc440_0_wbEncoder/src/TespApp_wbEncoder.c: In function ‘wbEncoder_IntSetup’:
TestApp_Peripheral_ppc440_0_wbEncoder/src/TespApp_wbEncoder.c:180: error: ‘XST_SUCESS’ undeclared (first use in this function)
TestApp_Peripheral_ppc440_0_wbEncoder/src/TespApp_wbEncoder.c:185: error: ‘instPrt’ undeclared (first use in this function)
TestApp_Peripheral_ppc440_0_wbEncoder/src/TespApp_wbEncoder.c:191: error: too few arguments to function ‘wbEncoder_InterruptEnable’
TestApp_Peripheral_ppc440_0_wbEncoder/src/TespApp_wbEncoder.c:199: error: ‘XIL_EXCEPTION_ID_INT’ undeclared (first use in this function)
TestApp_Peripheral_ppc440_0_wbEncoder/src/TespApp_wbEncoder.c:200: error: ‘Xil_ExceptionHandler’ undeclared (first use in this function)
TestApp_Peripheral_ppc440_0_wbEncoder/src/TespApp_wbEncoder.c:200: error: expected ‘)’ before ‘XIntc_InterruptHandler’
In file included from TestApp_Peripheral_ppc440_0_wbEncoder/src/wbEncoder_intc.c:23:
TestApp_Peripheral_ppc440_0_wbEncoder/src/wbEncoder.h:78: error: ‘XPAR_PLBV46_2_WB_ENCONDER_0_DEVICE_ID’ undeclared here (not in a function)
TestApp_Peripheral_ppc440_0_wbEncoder/src/wbEncoder.h:79: error: ‘XPAR_PLBV46_2_WB_ENCONDER_0_BASEADDR’ undeclared here (not in a function)
TestApp_Peripheral_ppc440_0_wbEncoder/src/wbEncoder_intc.c: In function ‘wbEncoder_InterruptGlobalEnable’:
TestApp_Peripheral_ppc440_0_wbEncoder/src/wbEncoder_intc.c:43: error: expected ‘)’ before ‘->’ token
TestApp_Peripheral_ppc440_0_wbEncoder/src/wbEncoder_intc.c:43: error: ‘PLBV46_2_WB_ENCONDER_INTR_IPIER_OFFSET’ undeclared (first use in this function)
TestApp_Peripheral_ppc440_0_wbEncoder/src/wbEncoder_intc.c:43: error: (Each undeclared identifier is reported only once
TestApp_Peripheral_ppc440_0_wbEncoder/src/wbEncoder_intc.c:43: error: for each function it appears in.)
TestApp_Peripheral_ppc440_0_wbEncoder/src/wbEncoder_intc.c:43: error: wrong type argument to unary plus
TestApp_Peripheral_ppc440_0_wbEncoder/src/wbEncoder_intc.c:43: error: conversion to non-scalar type requested
TestApp_Peripheral_ppc440_0_wbEncoder/src/wbEncoder_intc.c:47: error: expected ‘)’ before ‘->’ token
TestApp_Peripheral_ppc440_0_wbEncoder/src/wbEncoder_intc.c:47: error: ‘PLBV46_2_WB_ENCONDER_INTR_DIER_OFFSET’ undeclared (first use in this function)
TestApp_Peripheral_ppc440_0_wbEncoder/src/wbEncoder_intc.c:47: error: wrong type argument to unary plus
TestApp_Peripheral_ppc440_0_wbEncoder/src/wbEncoder_intc.c:47: error: conversion to non-scalar type requested
TestApp_Peripheral_ppc440_0_wbEncoder/src/wbEncoder_intc.c:47: error: ‘INTR_TERR_MASK’ undeclared (first use in this function)
TestApp_Peripheral_ppc440_0_wbEncoder/src/wbEncoder_intc.c:47: error: ‘INTR_DPTO_MASK’ undeclared (first use in this function)
TestApp_Peripheral_ppc440_0_wbEncoder/src/wbEncoder_intc.c:47: error: invalid operands to binary |
TestApp_Peripheral_ppc440_0_wbEncoder/src/wbEncoder_intc.c:47: error: ‘INTR_IPIR_MASK’ undeclared (first use in this function)
TestApp_Peripheral_ppc440_0_wbEncoder/src/wbEncoder_intc.c:47: error: invalid operands to binary |
TestApp_Peripheral_ppc440_0_wbEncoder/src/wbEncoder_intc.c:51: error: expected ‘)’ before ‘->’ token
TestApp_Peripheral_ppc440_0_wbEncoder/src/wbEncoder_intc.c:51: error: ‘PLBV46_2_WB_ENCONDER_INTR_DGIER_OFFSET’ undeclared (first use in this function)
TestApp_Peripheral_ppc440_0_wbEncoder/src/wbEncoder_intc.c:51: error: wrong type argument to unary plus
TestApp_Peripheral_ppc440_0_wbEncoder/src/wbEncoder_intc.c:51: error: conversion to non-scalar type requested
TestApp_Peripheral_ppc440_0_wbEncoder/src/wbEncoder_intc.c:51: error: ‘INTR_GIE_MASK’ undeclared (first use in this function)
TestApp_Peripheral_ppc440_0_wbEncoder/src/wbEncoder_intc.c: In function ‘wbEncoder_InterruptGlobalDisable’:
TestApp_Peripheral_ppc440_0_wbEncoder/src/wbEncoder_intc.c:62: error: expected ‘)’ before ‘->’ token
TestApp_Peripheral_ppc440_0_wbEncoder/src/wbEncoder_intc.c:62: error: ‘PLBV46_2_WB_ENCONDER_INTR_DGIER_OFFSET’ undeclared (first use in this function)
TestApp_Peripheral_ppc440_0_wbEncoder/src/wbEncoder_intc.c:62: error: wrong type argument to unary plus
TestApp_Peripheral_ppc440_0_wbEncoder/src/wbEncoder_intc.c:62: error: conversion to non-scalar type requested
TestApp_Peripheral_ppc440_0_wbEncoder/src/wbEncoder_intc.c:75:47: error: macro "wbEncoder_ReadReg" requires 3 arguments, but only 2 given
TestApp_Peripheral_ppc440_0_wbEncoder/src/wbEncoder_intc.c: In function ‘wbEncoder_InterruptEnable’:
TestApp_Peripheral_ppc440_0_wbEncoder/src/wbEncoder_intc.c:74: error: ‘wbEncoder_ReadReg’ undeclared (first use in this function)
TestApp_Peripheral_ppc440_0_wbEncoder/src/wbEncoder_intc.c:74: warning: assignment makes integer from pointer without a cast
TestApp_Peripheral_ppc440_0_wbEncoder/src/wbEncoder_intc.c:76: error: ‘PLBV46_2_WB_ENCONDER_INTR_IPIER_OFFSET’ undeclared (first use in this function)
TestApp_Peripheral_ppc440_0_wbEncoder/src/wbEncoder_intc.c:89:47: error: macro "wbEncoder_ReadReg" requires 3 arguments, but only 2 given
TestApp_Peripheral_ppc440_0_wbEncoder/src/wbEncoder_intc.c: In function ‘wbEncoder_InterruptDisable’:
TestApp_Peripheral_ppc440_0_wbEncoder/src/wbEncoder_intc.c:88: error: ‘wbEncoder_ReadReg’ undeclared (first use in this function)
TestApp_Peripheral_ppc440_0_wbEncoder/src/wbEncoder_intc.c:88: warning: assignment makes integer from pointer without a cast
TestApp_Peripheral_ppc440_0_wbEncoder/src/wbEncoder_intc.c:90: error: ‘PLBV46_2_WB_ENCONDER_INTR_IPIER_OFFSET’ undeclared (first use in this function)
TestApp_Peripheral_ppc440_0_wbEncoder/src/wbEncoder_intc.c:103:47: error: macro "wbEncoder_ReadReg" requires 3 arguments, but only 2 given
TestApp_Peripheral_ppc440_0_wbEncoder/src/wbEncoder_intc.c: In function ‘wbEncoder_InterruptClear’:
TestApp_Peripheral_ppc440_0_wbEncoder/src/wbEncoder_intc.c:102: error: ‘wbEncoder_ReadReg’ undeclared (first use in this function)
TestApp_Peripheral_ppc440_0_wbEncoder/src/wbEncoder_intc.c:102: warning: assignment makes integer from pointer without a cast
TestApp_Peripheral_ppc440_0_wbEncoder/src/wbEncoder_intc.c:104: error: ‘PLBV46_2_WB_ENCONDER_INTR_IPISR_OFFSET’ undeclared (first use in this function)
TestApp_Peripheral_ppc440_0_wbEncoder/src/wbEncoder_intc.c:116:47: error: macro "wbEncoder_ReadReg" requires 3 arguments, but only 2 given
TestApp_Peripheral_ppc440_0_wbEncoder/src/wbEncoder_intc.c: In function ‘wbEncoder_InterruptGetEnabled’:
TestApp_Peripheral_ppc440_0_wbEncoder/src/wbEncoder_intc.c:115: error: ‘wbEncoder_ReadReg’ undeclared (first use in this function)
TestApp_Peripheral_ppc440_0_wbEncoder/src/wbEncoder_intc.c:115: warning: return makes integer from pointer without a cast
TestApp_Peripheral_ppc440_0_wbEncoder/src/wbEncoder_intc.c:125:47: error: macro "wbEncoder_ReadReg" requires 3 arguments, but only 2 given
TestApp_Peripheral_ppc440_0_wbEncoder/src/wbEncoder_intc.c: In function ‘wbEncoder_InterruptGetStatus’:
TestApp_Peripheral_ppc440_0_wbEncoder/src/wbEncoder_intc.c:124: error: ‘wbEncoder_ReadReg’ undeclared (first use in this function)
TestApp_Peripheral_ppc440_0_wbEncoder/src/wbEncoder_intc.c:124: warning: return makes integer from pointer without a cast

In file included from TestApp_Peripheral_ppc440_0_wbEncoder/src/wbEncoder.c:23:
TestApp_Peripheral_ppc440_0_wbEncoder/src/wbEncoder.h:78: error: ‘XPAR_PLBV46_2_WB_ENCONDER_0_DEVICE_ID’ undeclared here (not in a function)
TestApp_Peripheral_ppc440_0_wbEncoder/src/wbEncoder.h:79: error: ‘XPAR_PLBV46_2_WB_ENCONDER_0_BASEADDR’ undeclared here (not in a function)
TestApp_Peripheral_ppc440_0_wbEncoder/src/wbEncoder.c: In function ‘wbEncoder_CfgInitialize’:
TestApp_Peripheral_ppc440_0_wbEncoder/src/wbEncoder.c:45: error: ‘instPtr’ undeclared (first use in this function)
TestApp_Peripheral_ppc440_0_wbEncoder/src/wbEncoder.c:45: error: (Each undeclared identifier is reported only once
TestApp_Peripheral_ppc440_0_wbEncoder/src/wbEncoder.c:45: error: for each function it appears in.)
TestApp_Peripheral_ppc440_0_wbEncoder/src/wbEncoder.c:45: error: ‘wbEncoder_Config’ has no member named ‘readData’
TestApp_Peripheral_ppc440_0_wbEncoder/src/wbEncoder.c: In function ‘wbEncoder_LookupConfig’:
TestApp_Peripheral_ppc440_0_wbEncoder/src/wbEncoder.c:60: error: ‘XPAR_PLBV46_2_WB_ENCODER_NUM_INSTANCES’ undeclared (first use in this function)
TestApp_Peripheral_ppc440_0_wbEncoder/src/wbEncoder.c:60: warning: comparison between pointer and integer
TestApp_Peripheral_ppc440_0_wbEncoder/src/wbEncoder.c:61: error: ‘deviceId’ undeclared (first use in this function)
TestApp_Peripheral_ppc440_0_wbEncoder/src/wbEncoder.c:61: warning: comparison between pointer and integer
TestApp_Peripheral_ppc440_0_wbEncoder/src/wbEncoder.c:62: error: ‘configPtr’ undeclared (first use in this function)
TestApp_Peripheral_ppc440_0_wbEncoder/src/wbEncoder.c: In function ‘wbEncoder_Initialize’:
TestApp_Peripheral_ppc440_0_wbEncoder/src/wbEncoder.c:78: error: ‘instPtr’ undeclared (first use in this function)
TestApp_Peripheral_ppc440_0_wbEncoder/src/wbEncoder.c:80: error: ‘configPtr’ undeclared (first use in this function)
TestApp_Peripheral_ppc440_0_wbEncoder/src/wbEncoder.c:82: error: ‘wbEncoder_Config’ has no member named ‘isReady’
TestApp_Peripheral_ppc440_0_wbEncoder/src/wbEncoder.c:83: error: ‘wbEncoder_Config’ has no member named ‘readData’
TestApp_Peripheral_ppc440_0_wbEncoder/src/wbEncoder.c:89: warning: passing argument 1 of ‘wbEncoder_CfgInitialize’ from incompatible pointer type
make: *** [TestApp_Peripheral_wb_encoder/executable.elf] Error 1



Done!

At Local date and time: Tue Jun  8 16:35:19 2010
 make -f system.make TestApp_Peripheral_wb_encoder_program started...

powerpc-eabi-gcc -O2 TestApp_Peripheral_ppc440_0_wbEncoder/src/TespApp_wbEncoder.c TestApp_Peripheral_ppc440_0_wbEncoder/src/wbEncoder_intc.c TestApp_Peripheral_ppc440_0_wbEncoder/src/wbEncoder.c  -o TestApp_Peripheral_wb_encoder/executable.elf \
	    -mcpu=440   -g    -I./ppc440_0/include/  -ITestApp_Peripheral_ppc440_0_wbEncoder/src/  -L./ppc440_0/lib/  \
	  
TestApp_Peripheral_ppc440_0_wbEncoder/src/TespApp_wbEncoder.c: In function ‘wbEncoderExample’:
TestApp_Peripheral_ppc440_0_wbEncoder/src/TespApp_wbEncoder.c:80: warning: passing argument 1 of ‘wbEncoder_IntSetup’ from incompatible pointer type
TestApp_Peripheral_ppc440_0_wbEncoder/src/TespApp_wbEncoder.c:80: warning: passing argument 2 of ‘wbEncoder_IntSetup’ makes pointer from integer without a cast
TestApp_Peripheral_ppc440_0_wbEncoder/src/TespApp_wbEncoder.c:80: warning: passing argument 3 of ‘wbEncoder_IntSetup’ makes integer from pointer without a cast
TestApp_Peripheral_ppc440_0_wbEncoder/src/TespApp_wbEncoder.c: In function ‘wbEncoderIntHandler’:
TestApp_Peripheral_ppc440_0_wbEncoder/src/TespApp_wbEncoder.c:160: error: ‘PLBV46_2_WB_ENCONDER_SLV_REG0_OFFSET’ undeclared (first use in this function)
TestApp_Peripheral_ppc440_0_wbEncoder/src/TespApp_wbEncoder.c:160: error: (Each undeclared identifier is reported only once
TestApp_Peripheral_ppc440_0_wbEncoder/src/TespApp_wbEncoder.c:160: error: for each function it appears in.)
TestApp_Peripheral_ppc440_0_wbEncoder/src/TespApp_wbEncoder.c:160: error: too many arguments to function ‘Xil_In32’
TestApp_Peripheral_ppc440_0_wbEncoder/src/TespApp_wbEncoder.c: In function ‘wbEncoder_IntSetup’:
TestApp_Peripheral_ppc440_0_wbEncoder/src/TespApp_wbEncoder.c:180: error: ‘XST_SUCESS’ undeclared (first use in this function)
TestApp_Peripheral_ppc440_0_wbEncoder/src/TespApp_wbEncoder.c:185: error: ‘instPrt’ undeclared (first use in this function)
TestApp_Peripheral_ppc440_0_wbEncoder/src/TespApp_wbEncoder.c:191: error: too few arguments to function ‘wbEncoder_InterruptEnable’
TestApp_Peripheral_ppc440_0_wbEncoder/src/TespApp_wbEncoder.c:199: error: ‘XIL_EXCEPTION_ID_INT’ undeclared (first use in this function)
TestApp_Peripheral_ppc440_0_wbEncoder/src/TespApp_wbEncoder.c:200: error: ‘Xil_ExceptionHandler’ undeclared (first use in this function)
TestApp_Peripheral_ppc440_0_wbEncoder/src/TespApp_wbEncoder.c:200: error: expected ‘)’ before ‘XIntc_InterruptHandler’

In file included from TestApp_Peripheral_ppc440_0_wbEncoder/src/wbEncoder_intc.c:23:
TestApp_Peripheral_ppc440_0_wbEncoder/src/wbEncoder.h:78: error: ‘XPAR_PLBV46_2_WB_ENCONDER_0_DEVICE_ID’ undeclared here (not in a function)
TestApp_Peripheral_ppc440_0_wbEncoder/src/wbEncoder.h:79: error: ‘XPAR_PLBV46_2_WB_ENCONDER_0_BASEADDR’ undeclared here (not in a function)
TestApp_Peripheral_ppc440_0_wbEncoder/src/wbEncoder_intc.c: In function ‘wbEncoder_InterruptGlobalEnable’:
TestApp_Peripheral_ppc440_0_wbEncoder/src/wbEncoder_intc.c:43: error: expected ‘)’ before ‘->’ token
TestApp_Peripheral_ppc440_0_wbEncoder/src/wbEncoder_intc.c:43: error: ‘PLBV46_2_WB_ENCONDER_INTR_IPIER_OFFSET’ undeclared (first use in this function)
TestApp_Peripheral_ppc440_0_wbEncoder/src/wbEncoder_intc.c:43: error: (Each undeclared identifier is reported only once
TestApp_Peripheral_ppc440_0_wbEncoder/src/wbEncoder_intc.c:43: error: for each function it appears in.)
TestApp_Peripheral_ppc440_0_wbEncoder/src/wbEncoder_intc.c:43: error: wrong type argument to unary plus
TestApp_Peripheral_ppc440_0_wbEncoder/src/wbEncoder_intc.c:43: error: conversion to non-scalar type requested
TestApp_Peripheral_ppc440_0_wbEncoder/src/wbEncoder_intc.c:47: error: expected ‘)’ before ‘->’ token
TestApp_Peripheral_ppc440_0_wbEncoder/src/wbEncoder_intc.c:47: error: ‘PLBV46_2_WB_ENCONDER_INTR_DIER_OFFSET’ undeclared (first use in this function)
TestApp_Peripheral_ppc440_0_wbEncoder/src/wbEncoder_intc.c:47: error: wrong type argument to unary plus
TestApp_Peripheral_ppc440_0_wbEncoder/src/wbEncoder_intc.c:47: error: conversion to non-scalar type requested
TestApp_Peripheral_ppc440_0_wbEncoder/src/wbEncoder_intc.c:47: error: ‘INTR_TERR_MASK’ undeclared (first use in this function)
TestApp_Peripheral_ppc440_0_wbEncoder/src/wbEncoder_intc.c:47: error: ‘INTR_DPTO_MASK’ undeclared (first use in this function)
TestApp_Peripheral_ppc440_0_wbEncoder/src/wbEncoder_intc.c:47: error: invalid operands to binary |
TestApp_Peripheral_ppc440_0_wbEncoder/src/wbEncoder_intc.c:47: error: ‘INTR_IPIR_MASK’ undeclared (first use in this function)
TestApp_Peripheral_ppc440_0_wbEncoder/src/wbEncoder_intc.c:47: error: invalid operands to binary |
TestApp_Peripheral_ppc440_0_wbEncoder/src/wbEncoder_intc.c:51: error: expected ‘)’ before ‘->’ token
TestApp_Peripheral_ppc440_0_wbEncoder/src/wbEncoder_intc.c:51: error: ‘PLBV46_2_WB_ENCONDER_INTR_DGIER_OFFSET’ undeclared (first use in this function)
TestApp_Peripheral_ppc440_0_wbEncoder/src/wbEncoder_intc.c:51: error: wrong type argument to unary plus
TestApp_Peripheral_ppc440_0_wbEncoder/src/wbEncoder_intc.c:51: error: conversion to non-scalar type requested
TestApp_Peripheral_ppc440_0_wbEncoder/src/wbEncoder_intc.c:51: error: ‘INTR_GIE_MASK’ undeclared (first use in this function)
TestApp_Peripheral_ppc440_0_wbEncoder/src/wbEncoder_intc.c: In function ‘wbEncoder_InterruptGlobalDisable’:
TestApp_Peripheral_ppc440_0_wbEncoder/src/wbEncoder_intc.c:62: error: expected ‘)’ before ‘->’ token
TestApp_Peripheral_ppc440_0_wbEncoder/src/wbEncoder_intc.c:62: error: ‘PLBV46_2_WB_ENCONDER_INTR_DGIER_OFFSET’ undeclared (first use in this function)
TestApp_Peripheral_ppc440_0_wbEncoder/src/wbEncoder_intc.c:62: error: wrong type argument to unary plus
TestApp_Peripheral_ppc440_0_wbEncoder/src/wbEncoder_intc.c:62: error: conversion to non-scalar type requested
TestApp_Peripheral_ppc440_0_wbEncoder/src/wbEncoder_intc.c:75:47: error: macro "wbEncoder_ReadReg" requires 3 arguments, but only 2 given
TestApp_Peripheral_ppc440_0_wbEncoder/src/wbEncoder_intc.c: In function ‘wbEncoder_InterruptEnable’:
TestApp_Peripheral_ppc440_0_wbEncoder/src/wbEncoder_intc.c:74: error: ‘wbEncoder_ReadReg’ undeclared (first use in this function)
TestApp_Peripheral_ppc440_0_wbEncoder/src/wbEncoder_intc.c:74: warning: assignment makes integer from pointer without a cast
TestApp_Peripheral_ppc440_0_wbEncoder/src/wbEncoder_intc.c:76: error: ‘PLBV46_2_WB_ENCONDER_INTR_IPIER_OFFSET’ undeclared (first use in this function)
TestApp_Peripheral_ppc440_0_wbEncoder/src/wbEncoder_intc.c:89:47: error: macro "wbEncoder_ReadReg" requires 3 arguments, but only 2 given
TestApp_Peripheral_ppc440_0_wbEncoder/src/wbEncoder_intc.c: In function ‘wbEncoder_InterruptDisable’:
TestApp_Peripheral_ppc440_0_wbEncoder/src/wbEncoder_intc.c:88: error: ‘wbEncoder_ReadReg’ undeclared (first use in this function)
TestApp_Peripheral_ppc440_0_wbEncoder/src/wbEncoder_intc.c:88: warning: assignment makes integer from pointer without a cast
TestApp_Peripheral_ppc440_0_wbEncoder/src/wbEncoder_intc.c:90: error: ‘PLBV46_2_WB_ENCONDER_INTR_IPIER_OFFSET’ undeclared (first use in this function)
TestApp_Peripheral_ppc440_0_wbEncoder/src/wbEncoder_intc.c:103:47: error: macro "wbEncoder_ReadReg" requires 3 arguments, but only 2 given
TestApp_Peripheral_ppc440_0_wbEncoder/src/wbEncoder_intc.c: In function ‘wbEncoder_InterruptClear’:
TestApp_Peripheral_ppc440_0_wbEncoder/src/wbEncoder_intc.c:102: error: ‘wbEncoder_ReadReg’ undeclared (first use in this function)
TestApp_Peripheral_ppc440_0_wbEncoder/src/wbEncoder_intc.c:102: warning: assignment makes integer from pointer without a cast
TestApp_Peripheral_ppc440_0_wbEncoder/src/wbEncoder_intc.c:104: error: ‘PLBV46_2_WB_ENCONDER_INTR_IPISR_OFFSET’ undeclared (first use in this function)
TestApp_Peripheral_ppc440_0_wbEncoder/src/wbEncoder_intc.c:116:47: error: macro "wbEncoder_ReadReg" requires 3 arguments, but only 2 given
TestApp_Peripheral_ppc440_0_wbEncoder/src/wbEncoder_intc.c: In function ‘wbEncoder_InterruptGetEnabled’:
TestApp_Peripheral_ppc440_0_wbEncoder/src/wbEncoder_intc.c:115: error: ‘wbEncoder_ReadReg’ undeclared (first use in this function)
TestApp_Peripheral_ppc440_0_wbEncoder/src/wbEncoder_intc.c:115: warning: return makes integer from pointer without a cast
TestApp_Peripheral_ppc440_0_wbEncoder/src/wbEncoder_intc.c:125:47: error: macro "wbEncoder_ReadReg" requires 3 arguments, but only 2 given
TestApp_Peripheral_ppc440_0_wbEncoder/src/wbEncoder_intc.c: In function ‘wbEncoder_InterruptGetStatus’:
TestApp_Peripheral_ppc440_0_wbEncoder/src/wbEncoder_intc.c:124: error: ‘wbEncoder_ReadReg’ undeclared (first use in this function)
TestApp_Peripheral_ppc440_0_wbEncoder/src/wbEncoder_intc.c:124: warning: return makes integer from pointer without a cast
In file included from TestApp_Peripheral_ppc440_0_wbEncoder/src/wbEncoder.c:23:
TestApp_Peripheral_ppc440_0_wbEncoder/src/wbEncoder.h:78: error: ‘XPAR_PLBV46_2_WB_ENCONDER_0_DEVICE_ID’ undeclared here (not in a function)
TestApp_Peripheral_ppc440_0_wbEncoder/src/wbEncoder.h:79: error: ‘XPAR_PLBV46_2_WB_ENCONDER_0_BASEADDR’ undeclared here (not in a function)
TestApp_Peripheral_ppc440_0_wbEncoder/src/wbEncoder.c: In function ‘wbEncoder_CfgInitialize’:
TestApp_Peripheral_ppc440_0_wbEncoder/src/wbEncoder.c:45: error: ‘instPtr’ undeclared (first use in this function)
TestApp_Peripheral_ppc440_0_wbEncoder/src/wbEncoder.c:45: error: (Each undeclared identifier is reported only once
TestApp_Peripheral_ppc440_0_wbEncoder/src/wbEncoder.c:45: error: for each function it appears in.)
TestApp_Peripheral_ppc440_0_wbEncoder/src/wbEncoder.c:45: error: ‘wbEncoder_Config’ has no member named ‘readData’
TestApp_Peripheral_ppc440_0_wbEncoder/src/wbEncoder.c: In function ‘wbEncoder_LookupConfig’:
TestApp_Peripheral_ppc440_0_wbEncoder/src/wbEncoder.c:60: error: ‘XPAR_PLBV46_2_WB_ENCODER_NUM_INSTANCES’ undeclared (first use in this function)
TestApp_Peripheral_ppc440_0_wbEncoder/src/wbEncoder.c:60: warning: comparison between pointer and integer
TestApp_Peripheral_ppc440_0_wbEncoder/src/wbEncoder.c:61: error: ‘deviceId’ undeclared (first use in this function)
TestApp_Peripheral_ppc440_0_wbEncoder/src/wbEncoder.c:61: warning: comparison between pointer and integer
TestApp_Peripheral_ppc440_0_wbEncoder/src/wbEncoder.c:62: error: ‘configPtr’ undeclared (first use in this function)
TestApp_Peripheral_ppc440_0_wbEncoder/src/wbEncoder.c: In function ‘wbEncoder_Initialize’:
TestApp_Peripheral_ppc440_0_wbEncoder/src/wbEncoder.c:78: error: ‘instPtr’ undeclared (first use in this function)
TestApp_Peripheral_ppc440_0_wbEncoder/src/wbEncoder.c:80: error: ‘configPtr’ undeclared (first use in this function)
TestApp_Peripheral_ppc440_0_wbEncoder/src/wbEncoder.c:82: error: ‘wbEncoder_Config’ has no member named ‘isReady’
TestApp_Peripheral_ppc440_0_wbEncoder/src/wbEncoder.c:83: error: ‘wbEncoder_Config’ has no member named ‘readData’
TestApp_Peripheral_ppc440_0_wbEncoder/src/wbEncoder.c:89: warning: passing argument 1 of ‘wbEncoder_CfgInitialize’ from incompatible pointer type
make: *** [TestApp_Peripheral_wb_encoder/executable.elf] Error 1



Done!

At Local date and time: Tue Jun  8 16:37:42 2010
 make -f system.make TestApp_Peripheral_wb_encoder_program started...

powerpc-eabi-gcc -O2 TestApp_Peripheral_ppc440_0_wbEncoder/src/TespApp_wbEncoder.c TestApp_Peripheral_ppc440_0_wbEncoder/src/wbEncoder_intc.c TestApp_Peripheral_ppc440_0_wbEncoder/src/wbEncoder.c  -o TestApp_Peripheral_wb_encoder/executable.elf \
	    -mcpu=440   -g    -I./ppc440_0/include/  -ITestApp_Peripheral_ppc440_0_wbEncoder/src/  -L./ppc440_0/lib/  \
	  
TestApp_Peripheral_ppc440_0_wbEncoder/src/TespApp_wbEncoder.c: In function ‘wbEncoderExample’:
TestApp_Peripheral_ppc440_0_wbEncoder/src/TespApp_wbEncoder.c:81: warning: passing argument 1 of ‘wbEncoder_IntSetup’ from incompatible pointer type
TestApp_Peripheral_ppc440_0_wbEncoder/src/TespApp_wbEncoder.c:81: warning: passing argument 2 of ‘wbEncoder_IntSetup’ makes pointer from integer without a cast
TestApp_Peripheral_ppc440_0_wbEncoder/src/TespApp_wbEncoder.c:81: warning: passing argument 3 of ‘wbEncoder_IntSetup’ makes integer from pointer without a cast
TestApp_Peripheral_ppc440_0_wbEncoder/src/TespApp_wbEncoder.c: In function ‘wbEncoderIntHandler’:
TestApp_Peripheral_ppc440_0_wbEncoder/src/TespApp_wbEncoder.c:161: error: too many arguments to function ‘Xil_In32’
TestApp_Peripheral_ppc440_0_wbEncoder/src/TespApp_wbEncoder.c: In function ‘wbEncoder_IntSetup’:
TestApp_Peripheral_ppc440_0_wbEncoder/src/TespApp_wbEncoder.c:181: error: ‘XST_SUCESS’ undeclared (first use in this function)
TestApp_Peripheral_ppc440_0_wbEncoder/src/TespApp_wbEncoder.c:181: error: (Each undeclared identifier is reported only once
TestApp_Peripheral_ppc440_0_wbEncoder/src/TespApp_wbEncoder.c:181: error: for each function it appears in.)
TestApp_Peripheral_ppc440_0_wbEncoder/src/TespApp_wbEncoder.c:186: error: ‘instPrt’ undeclared (first use in this function)
TestApp_Peripheral_ppc440_0_wbEncoder/src/TespApp_wbEncoder.c:192: error: too few arguments to function ‘wbEncoder_InterruptEnable’
TestApp_Peripheral_ppc440_0_wbEncoder/src/TespApp_wbEncoder.c:200: error: ‘XIL_EXCEPTION_ID_INT’ undeclared (first use in this function)
TestApp_Peripheral_ppc440_0_wbEncoder/src/TespApp_wbEncoder.c:201: error: ‘Xil_ExceptionHandler’ undeclared (first use in this function)
TestApp_Peripheral_ppc440_0_wbEncoder/src/TespApp_wbEncoder.c:201: error: expected ‘)’ before ‘XIntc_InterruptHandler’

In file included from TestApp_Peripheral_ppc440_0_wbEncoder/src/wbEncoder_intc.c:23:
TestApp_Peripheral_ppc440_0_wbEncoder/src/wbEncoder.h:78: error: ‘XPAR_PLBV46_2_WB_ENCONDER_0_DEVICE_ID’ undeclared here (not in a function)
TestApp_Peripheral_ppc440_0_wbEncoder/src/wbEncoder.h:79: error: ‘XPAR_PLBV46_2_WB_ENCONDER_0_BASEADDR’ undeclared here (not in a function)
TestApp_Peripheral_ppc440_0_wbEncoder/src/wbEncoder_intc.c: In function ‘wbEncoder_InterruptGlobalEnable’:
TestApp_Peripheral_ppc440_0_wbEncoder/src/wbEncoder_intc.c:43: error: expected ‘)’ before ‘->’ token
TestApp_Peripheral_ppc440_0_wbEncoder/src/wbEncoder_intc.c:43: error: conversion to non-scalar type requested
TestApp_Peripheral_ppc440_0_wbEncoder/src/wbEncoder_intc.c:47: error: expected ‘)’ before ‘->’ token
TestApp_Peripheral_ppc440_0_wbEncoder/src/wbEncoder_intc.c:47: error: conversion to non-scalar type requested
TestApp_Peripheral_ppc440_0_wbEncoder/src/wbEncoder_intc.c:51: error: expected ‘)’ before ‘->’ token
TestApp_Peripheral_ppc440_0_wbEncoder/src/wbEncoder_intc.c:51: error: conversion to non-scalar type requested
TestApp_Peripheral_ppc440_0_wbEncoder/src/wbEncoder_intc.c: In function ‘wbEncoder_InterruptGlobalDisable’:
TestApp_Peripheral_ppc440_0_wbEncoder/src/wbEncoder_intc.c:62: error: expected ‘)’ before ‘->’ token
TestApp_Peripheral_ppc440_0_wbEncoder/src/wbEncoder_intc.c:62: error: conversion to non-scalar type requested
TestApp_Peripheral_ppc440_0_wbEncoder/src/wbEncoder_intc.c:75:47: error: macro "wbEncoder_ReadReg" requires 3 arguments, but only 2 given
TestApp_Peripheral_ppc440_0_wbEncoder/src/wbEncoder_intc.c: In function ‘wbEncoder_InterruptEnable’:
TestApp_Peripheral_ppc440_0_wbEncoder/src/wbEncoder_intc.c:74: error: ‘wbEncoder_ReadReg’ undeclared (first use in this function)
TestApp_Peripheral_ppc440_0_wbEncoder/src/wbEncoder_intc.c:74: error: (Each undeclared identifier is reported only once
TestApp_Peripheral_ppc440_0_wbEncoder/src/wbEncoder_intc.c:74: error: for each function it appears in.)
TestApp_Peripheral_ppc440_0_wbEncoder/src/wbEncoder_intc.c:74: warning: assignment makes integer from pointer without a cast
TestApp_Peripheral_ppc440_0_wbEncoder/src/wbEncoder_intc.c:89:47: error: macro "wbEncoder_ReadReg" requires 3 arguments, but only 2 given
TestApp_Peripheral_ppc440_0_wbEncoder/src/wbEncoder_intc.c: In function ‘wbEncoder_InterruptDisable’:
TestApp_Peripheral_ppc440_0_wbEncoder/src/wbEncoder_intc.c:88: error: ‘wbEncoder_ReadReg’ undeclared (first use in this function)
TestApp_Peripheral_ppc440_0_wbEncoder/src/wbEncoder_intc.c:88: warning: assignment makes integer from pointer without a cast
TestApp_Peripheral_ppc440_0_wbEncoder/src/wbEncoder_intc.c:103:47: error: macro "wbEncoder_ReadReg" requires 3 arguments, but only 2 given
TestApp_Peripheral_ppc440_0_wbEncoder/src/wbEncoder_intc.c: In function ‘wbEncoder_InterruptClear’:
TestApp_Peripheral_ppc440_0_wbEncoder/src/wbEncoder_intc.c:102: error: ‘wbEncoder_ReadReg’ undeclared (first use in this function)
TestApp_Peripheral_ppc440_0_wbEncoder/src/wbEncoder_intc.c:102: warning: assignment makes integer from pointer without a cast
TestApp_Peripheral_ppc440_0_wbEncoder/src/wbEncoder_intc.c:116:47: error: macro "wbEncoder_ReadReg" requires 3 arguments, but only 2 given
TestApp_Peripheral_ppc440_0_wbEncoder/src/wbEncoder_intc.c: In function ‘wbEncoder_InterruptGetEnabled’:
TestApp_Peripheral_ppc440_0_wbEncoder/src/wbEncoder_intc.c:115: error: ‘wbEncoder_ReadReg’ undeclared (first use in this function)
TestApp_Peripheral_ppc440_0_wbEncoder/src/wbEncoder_intc.c:115: warning: return makes integer from pointer without a cast
TestApp_Peripheral_ppc440_0_wbEncoder/src/wbEncoder_intc.c:125:47: error: macro "wbEncoder_ReadReg" requires 3 arguments, but only 2 given
TestApp_Peripheral_ppc440_0_wbEncoder/src/wbEncoder_intc.c: In function ‘wbEncoder_InterruptGetStatus’:
TestApp_Peripheral_ppc440_0_wbEncoder/src/wbEncoder_intc.c:124: error: ‘wbEncoder_ReadReg’ undeclared (first use in this function)
TestApp_Peripheral_ppc440_0_wbEncoder/src/wbEncoder_intc.c:124: warning: return makes integer from pointer without a cast
In file included from TestApp_Peripheral_ppc440_0_wbEncoder/src/wbEncoder.c:23:
TestApp_Peripheral_ppc440_0_wbEncoder/src/wbEncoder.h:78: error: ‘XPAR_PLBV46_2_WB_ENCONDER_0_DEVICE_ID’ undeclared here (not in a function)
TestApp_Peripheral_ppc440_0_wbEncoder/src/wbEncoder.h:79: error: ‘XPAR_PLBV46_2_WB_ENCONDER_0_BASEADDR’ undeclared here (not in a function)
TestApp_Peripheral_ppc440_0_wbEncoder/src/wbEncoder.c: In function ‘wbEncoder_CfgInitialize’:
TestApp_Peripheral_ppc440_0_wbEncoder/src/wbEncoder.c:45: error: ‘instPtr’ undeclared (first use in this function)
TestApp_Peripheral_ppc440_0_wbEncoder/src/wbEncoder.c:45: error: (Each undeclared identifier is reported only once
TestApp_Peripheral_ppc440_0_wbEncoder/src/wbEncoder.c:45: error: for each function it appears in.)
TestApp_Peripheral_ppc440_0_wbEncoder/src/wbEncoder.c:45: error: ‘wbEncoder_Config’ has no member named ‘readData’
TestApp_Peripheral_ppc440_0_wbEncoder/src/wbEncoder.c: In function ‘wbEncoder_LookupConfig’:
TestApp_Peripheral_ppc440_0_wbEncoder/src/wbEncoder.c:60: error: ‘XPAR_PLBV46_2_WB_ENCODER_NUM_INSTANCES’ undeclared (first use in this function)
TestApp_Peripheral_ppc440_0_wbEncoder/src/wbEncoder.c:60: warning: comparison between pointer and integer
TestApp_Peripheral_ppc440_0_wbEncoder/src/wbEncoder.c:61: error: ‘deviceId’ undeclared (first use in this function)
TestApp_Peripheral_ppc440_0_wbEncoder/src/wbEncoder.c:61: warning: comparison between pointer and integer
TestApp_Peripheral_ppc440_0_wbEncoder/src/wbEncoder.c:62: error: ‘configPtr’ undeclared (first use in this function)
TestApp_Peripheral_ppc440_0_wbEncoder/src/wbEncoder.c: In function ‘wbEncoder_Initialize’:
TestApp_Peripheral_ppc440_0_wbEncoder/src/wbEncoder.c:78: error: ‘instPtr’ undeclared (first use in this function)
TestApp_Peripheral_ppc440_0_wbEncoder/src/wbEncoder.c:80: error: ‘configPtr’ undeclared (first use in this function)
TestApp_Peripheral_ppc440_0_wbEncoder/src/wbEncoder.c:82: error: ‘wbEncoder_Config’ has no member named ‘isReady’
TestApp_Peripheral_ppc440_0_wbEncoder/src/wbEncoder.c:83: error: ‘wbEncoder_Config’ has no member named ‘readData’
TestApp_Peripheral_ppc440_0_wbEncoder/src/wbEncoder.c:89: warning: passing argument 1 of ‘wbEncoder_CfgInitialize’ from incompatible pointer type
make: *** [TestApp_Peripheral_wb_encoder/executable.elf] Error 1



Done!

At Local date and time: Tue Jun  8 16:42:15 2010
 make -f system.make TestApp_Peripheral_wb_encoder_program started...

powerpc-eabi-gcc -O2 TestApp_Peripheral_ppc440_0_wbEncoder/src/TespApp_wbEncoder.c TestApp_Peripheral_ppc440_0_wbEncoder/src/wbEncoder_intc.c TestApp_Peripheral_ppc440_0_wbEncoder/src/wbEncoder.c  -o TestApp_Peripheral_wb_encoder/executable.elf \
	    -mcpu=440   -g    -I./ppc440_0/include/  -ITestApp_Peripheral_ppc440_0_wbEncoder/src/  -L./ppc440_0/lib/  \
	  
TestApp_Peripheral_ppc440_0_wbEncoder/src/TespApp_wbEncoder.c: In function ‘wbEncoderExample’:
TestApp_Peripheral_ppc440_0_wbEncoder/src/TespApp_wbEncoder.c:81: warning: passing argument 1 of ‘wbEncoder_IntSetup’ from incompatible pointer type
TestApp_Peripheral_ppc440_0_wbEncoder/src/TespApp_wbEncoder.c:81: warning: passing argument 2 of ‘wbEncoder_IntSetup’ makes pointer from integer without a cast
TestApp_Peripheral_ppc440_0_wbEncoder/src/TespApp_wbEncoder.c:81: warning: passing argument 3 of ‘wbEncoder_IntSetup’ makes integer from pointer without a cast
TestApp_Peripheral_ppc440_0_wbEncoder/src/TespApp_wbEncoder.c: In function ‘wbEncoderIntHandler’:
TestApp_Peripheral_ppc440_0_wbEncoder/src/TespApp_wbEncoder.c:161: error: too many arguments to function ‘Xil_In32’
TestApp_Peripheral_ppc440_0_wbEncoder/src/TespApp_wbEncoder.c: In function ‘wbEncoder_IntSetup’:
TestApp_Peripheral_ppc440_0_wbEncoder/src/TespApp_wbEncoder.c:181: error: ‘XST_SUCESS’ undeclared (first use in this function)
TestApp_Peripheral_ppc440_0_wbEncoder/src/TespApp_wbEncoder.c:181: error: (Each undeclared identifier is reported only once
TestApp_Peripheral_ppc440_0_wbEncoder/src/TespApp_wbEncoder.c:181: error: for each function it appears in.)
TestApp_Peripheral_ppc440_0_wbEncoder/src/TespApp_wbEncoder.c:186: error: ‘instPrt’ undeclared (first use in this function)
TestApp_Peripheral_ppc440_0_wbEncoder/src/TespApp_wbEncoder.c:192: error: too few arguments to function ‘wbEncoder_InterruptEnable’
TestApp_Peripheral_ppc440_0_wbEncoder/src/TespApp_wbEncoder.c:200: error: ‘XIL_EXCEPTION_ID_INT’ undeclared (first use in this function)
TestApp_Peripheral_ppc440_0_wbEncoder/src/TespApp_wbEncoder.c:201: error: ‘Xil_ExceptionHandler’ undeclared (first use in this function)
TestApp_Peripheral_ppc440_0_wbEncoder/src/TespApp_wbEncoder.c:201: error: expected ‘)’ before ‘XIntc_InterruptHandler’
TestApp_Peripheral_ppc440_0_wbEncoder/src/wbEncoder_intc.c: In function ‘wbEncoder_InterruptGlobalEnable’:
TestApp_Peripheral_ppc440_0_wbEncoder/src/wbEncoder_intc.c:43: error: expected ‘)’ before ‘->’ token
TestApp_Peripheral_ppc440_0_wbEncoder/src/wbEncoder_intc.c:43: error: conversion to non-scalar type requested
TestApp_Peripheral_ppc440_0_wbEncoder/src/wbEncoder_intc.c:47: error: expected ‘)’ before ‘->’ token
TestApp_Peripheral_ppc440_0_wbEncoder/src/wbEncoder_intc.c:47: error: conversion to non-scalar type requested
TestApp_Peripheral_ppc440_0_wbEncoder/src/wbEncoder_intc.c:51: error: expected ‘)’ before ‘->’ token
TestApp_Peripheral_ppc440_0_wbEncoder/src/wbEncoder_intc.c:51: error: conversion to non-scalar type requested
TestApp_Peripheral_ppc440_0_wbEncoder/src/wbEncoder_intc.c: In function ‘wbEncoder_InterruptGlobalDisable’:
TestApp_Peripheral_ppc440_0_wbEncoder/src/wbEncoder_intc.c:62: error: expected ‘)’ before ‘->’ token
TestApp_Peripheral_ppc440_0_wbEncoder/src/wbEncoder_intc.c:62: error: conversion to non-scalar type requested
TestApp_Peripheral_ppc440_0_wbEncoder/src/wbEncoder_intc.c:75:47: error: macro "wbEncoder_ReadReg" requires 3 arguments, but only 2 given
TestApp_Peripheral_ppc440_0_wbEncoder/src/wbEncoder_intc.c: In function ‘wbEncoder_InterruptEnable’:
TestApp_Peripheral_ppc440_0_wbEncoder/src/wbEncoder_intc.c:74: error: ‘wbEncoder_ReadReg’ undeclared (first use in this function)
TestApp_Peripheral_ppc440_0_wbEncoder/src/wbEncoder_intc.c:74: error: (Each undeclared identifier is reported only once
TestApp_Peripheral_ppc440_0_wbEncoder/src/wbEncoder_intc.c:74: error: for each function it appears in.)
TestApp_Peripheral_ppc440_0_wbEncoder/src/wbEncoder_intc.c:89:47: error: macro "wbEncoder_ReadReg" requires 3 arguments, but only 2 given
TestApp_Peripheral_ppc440_0_wbEncoder/src/wbEncoder_intc.c: In function ‘wbEncoder_InterruptDisable’:
TestApp_Peripheral_ppc440_0_wbEncoder/src/wbEncoder_intc.c:88: error: ‘wbEncoder_ReadReg’ undeclared (first use in this function)
TestApp_Peripheral_ppc440_0_wbEncoder/src/wbEncoder_intc.c:103:47: error: macro "wbEncoder_ReadReg" requires 3 arguments, but only 2 given
TestApp_Peripheral_ppc440_0_wbEncoder/src/wbEncoder_intc.c: In function ‘wbEncoder_InterruptClear’:
TestApp_Peripheral_ppc440_0_wbEncoder/src/wbEncoder_intc.c:102: error: ‘wbEncoder_ReadReg’ undeclared (first use in this function)
TestApp_Peripheral_ppc440_0_wbEncoder/src/wbEncoder_intc.c:116:47: error: macro "wbEncoder_ReadReg" requires 3 arguments, but only 2 given
TestApp_Peripheral_ppc440_0_wbEncoder/src/wbEncoder_intc.c: In function ‘wbEncoder_InterruptGetEnabled’:
TestApp_Peripheral_ppc440_0_wbEncoder/src/wbEncoder_intc.c:115: error: ‘wbEncoder_ReadReg’ undeclared (first use in this function)
TestApp_Peripheral_ppc440_0_wbEncoder/src/wbEncoder_intc.c:125:47: error: macro "wbEncoder_ReadReg" requires 3 arguments, but only 2 given
TestApp_Peripheral_ppc440_0_wbEncoder/src/wbEncoder_intc.c: In function ‘wbEncoder_InterruptGetStatus’:
TestApp_Peripheral_ppc440_0_wbEncoder/src/wbEncoder_intc.c:124: error: ‘wbEncoder_ReadReg’ undeclared (first use in this function)
TestApp_Peripheral_ppc440_0_wbEncoder/src/wbEncoder.c: In function ‘wbEncoder_CfgInitialize’:
TestApp_Peripheral_ppc440_0_wbEncoder/src/wbEncoder.c:45: error: ‘instPtr’ undeclared (first use in this function)
TestApp_Peripheral_ppc440_0_wbEncoder/src/wbEncoder.c:45: error: (Each undeclared identifier is reported only once
TestApp_Peripheral_ppc440_0_wbEncoder/src/wbEncoder.c:45: error: for each function it appears in.)
TestApp_Peripheral_ppc440_0_wbEncoder/src/wbEncoder.c: In function ‘wbEncoder_LookupConfig’:
TestApp_Peripheral_ppc440_0_wbEncoder/src/wbEncoder.c:60: error: ‘XPAR_PLBV46_2_WB_ENCODER_NUM_INSTANCES’ undeclared (first use in this function)
TestApp_Peripheral_ppc440_0_wbEncoder/src/wbEncoder.c:61: error: ‘deviceId’ undeclared (first use in this function)
TestApp_Peripheral_ppc440_0_wbEncoder/src/wbEncoder.c:62: error: ‘configPtr’ undeclared (first use in this function)
TestApp_Peripheral_ppc440_0_wbEncoder/src/wbEncoder.c: In function ‘wbEncoder_Initialize’:
TestApp_Peripheral_ppc440_0_wbEncoder/src/wbEncoder.c:78: error: ‘instPtr’ undeclared (first use in this function)
TestApp_Peripheral_ppc440_0_wbEncoder/src/wbEncoder.c:80: error: ‘configPtr’ undeclared (first use in this function)
make: *** [TestApp_Peripheral_wb_encoder/executable.elf] Error 1



Done!

At Local date and time: Tue Jun  8 16:56:56 2010
 make -f system.make TestApp_Peripheral_wb_encoder_program started...

powerpc-eabi-gcc -O2 TestApp_Peripheral_ppc440_0_wbEncoder/src/TespApp_wbEncoder.c TestApp_Peripheral_ppc440_0_wbEncoder/src/wbEncoder_intc.c TestApp_Peripheral_ppc440_0_wbEncoder/src/wbEncoder.c  -o TestApp_Peripheral_wb_encoder/executable.elf \
	    -mcpu=440   -g    -I./ppc440_0/include/  -ITestApp_Peripheral_ppc440_0_wbEncoder/src/  -L./ppc440_0/lib/  \
	  
TestApp_Peripheral_ppc440_0_wbEncoder/src/TespApp_wbEncoder.c: In function ‘wbEncoderExample’:
TestApp_Peripheral_ppc440_0_wbEncoder/src/TespApp_wbEncoder.c:81: warning: passing argument 1 of ‘wbEncoder_IntSetup’ from incompatible pointer type
TestApp_Peripheral_ppc440_0_wbEncoder/src/TespApp_wbEncoder.c:81: warning: passing argument 2 of ‘wbEncoder_IntSetup’ makes pointer from integer without a cast
TestApp_Peripheral_ppc440_0_wbEncoder/src/TespApp_wbEncoder.c:81: warning: passing argument 3 of ‘wbEncoder_IntSetup’ makes integer from pointer without a cast
TestApp_Peripheral_ppc440_0_wbEncoder/src/TespApp_wbEncoder.c:162:39: error: macro "wbEncoder_ReadReg" requires 3 arguments, but only 2 given
TestApp_Peripheral_ppc440_0_wbEncoder/src/TespApp_wbEncoder.c: In function ‘wbEncoderIntHandler’:
TestApp_Peripheral_ppc440_0_wbEncoder/src/TespApp_wbEncoder.c:161: error: ‘wbEncoder_ReadReg’ undeclared (first use in this function)
TestApp_Peripheral_ppc440_0_wbEncoder/src/TespApp_wbEncoder.c:161: error: (Each undeclared identifier is reported only once
TestApp_Peripheral_ppc440_0_wbEncoder/src/TespApp_wbEncoder.c:161: error: for each function it appears in.)
TestApp_Peripheral_ppc440_0_wbEncoder/src/TespApp_wbEncoder.c:164: error: ‘data’ undeclared (first use in this function)
TestApp_Peripheral_ppc440_0_wbEncoder/src/TespApp_wbEncoder.c: In function ‘wbEncoder_IntSetup’:
TestApp_Peripheral_ppc440_0_wbEncoder/src/TespApp_wbEncoder.c:188: error: ‘XST_SUCESS’ undeclared (first use in this function)
TestApp_Peripheral_ppc440_0_wbEncoder/src/TespApp_wbEncoder.c:192: error: too few arguments to function ‘wbEncoder_InterruptEnable’
TestApp_Peripheral_ppc440_0_wbEncoder/src/TespApp_wbEncoder.c:200: error: ‘XIL_EXCEPTION_ID_INT’ undeclared (first use in this function)
TestApp_Peripheral_ppc440_0_wbEncoder/src/TespApp_wbEncoder.c:201: error: ‘Xil_ExceptionHandler’ undeclared (first use in this function)
TestApp_Peripheral_ppc440_0_wbEncoder/src/TespApp_wbEncoder.c:201: error: expected ‘)’ before ‘XIntc_InterruptHandler’

TestApp_Peripheral_ppc440_0_wbEncoder/src/wbEncoder_intc.c: In function ‘wbEncoder_InterruptGlobalEnable’:
TestApp_Peripheral_ppc440_0_wbEncoder/src/wbEncoder_intc.c:43: error: expected ‘)’ before ‘->’ token
TestApp_Peripheral_ppc440_0_wbEncoder/src/wbEncoder_intc.c:43: error: conversion to non-scalar type requested
TestApp_Peripheral_ppc440_0_wbEncoder/src/wbEncoder_intc.c:47: error: expected ‘)’ before ‘->’ token
TestApp_Peripheral_ppc440_0_wbEncoder/src/wbEncoder_intc.c:47: error: conversion to non-scalar type requested
TestApp_Peripheral_ppc440_0_wbEncoder/src/wbEncoder_intc.c:51: error: expected ‘)’ before ‘->’ token
TestApp_Peripheral_ppc440_0_wbEncoder/src/wbEncoder_intc.c:51: error: conversion to non-scalar type requested
TestApp_Peripheral_ppc440_0_wbEncoder/src/wbEncoder_intc.c: In function ‘wbEncoder_InterruptGlobalDisable’:
TestApp_Peripheral_ppc440_0_wbEncoder/src/wbEncoder_intc.c:62: error: expected ‘)’ before ‘->’ token
TestApp_Peripheral_ppc440_0_wbEncoder/src/wbEncoder_intc.c:62: error: conversion to non-scalar type requested
TestApp_Peripheral_ppc440_0_wbEncoder/src/wbEncoder_intc.c:75:47: error: macro "wbEncoder_ReadReg" requires 3 arguments, but only 2 given
TestApp_Peripheral_ppc440_0_wbEncoder/src/wbEncoder_intc.c: In function ‘wbEncoder_InterruptEnable’:
TestApp_Peripheral_ppc440_0_wbEncoder/src/wbEncoder_intc.c:74: error: ‘wbEncoder_ReadReg’ undeclared (first use in this function)
TestApp_Peripheral_ppc440_0_wbEncoder/src/wbEncoder_intc.c:74: error: (Each undeclared identifier is reported only once
TestApp_Peripheral_ppc440_0_wbEncoder/src/wbEncoder_intc.c:74: error: for each function it appears in.)
TestApp_Peripheral_ppc440_0_wbEncoder/src/wbEncoder_intc.c:89:47: error: macro "wbEncoder_ReadReg" requires 3 arguments, but only 2 given
TestApp_Peripheral_ppc440_0_wbEncoder/src/wbEncoder_intc.c: In function ‘wbEncoder_InterruptDisable’:
TestApp_Peripheral_ppc440_0_wbEncoder/src/wbEncoder_intc.c:88: error: ‘wbEncoder_ReadReg’ undeclared (first use in this function)
TestApp_Peripheral_ppc440_0_wbEncoder/src/wbEncoder_intc.c:103:47: error: macro "wbEncoder_ReadReg" requires 3 arguments, but only 2 given
TestApp_Peripheral_ppc440_0_wbEncoder/src/wbEncoder_intc.c: In function ‘wbEncoder_InterruptClear’:
TestApp_Peripheral_ppc440_0_wbEncoder/src/wbEncoder_intc.c:102: error: ‘wbEncoder_ReadReg’ undeclared (first use in this function)
TestApp_Peripheral_ppc440_0_wbEncoder/src/wbEncoder_intc.c:116:47: error: macro "wbEncoder_ReadReg" requires 3 arguments, but only 2 given
TestApp_Peripheral_ppc440_0_wbEncoder/src/wbEncoder_intc.c: In function ‘wbEncoder_InterruptGetEnabled’:
TestApp_Peripheral_ppc440_0_wbEncoder/src/wbEncoder_intc.c:115: error: ‘wbEncoder_ReadReg’ undeclared (first use in this function)
TestApp_Peripheral_ppc440_0_wbEncoder/src/wbEncoder_intc.c:125:47: error: macro "wbEncoder_ReadReg" requires 3 arguments, but only 2 given
TestApp_Peripheral_ppc440_0_wbEncoder/src/wbEncoder_intc.c: In function ‘wbEncoder_InterruptGetStatus’:
TestApp_Peripheral_ppc440_0_wbEncoder/src/wbEncoder_intc.c:124: error: ‘wbEncoder_ReadReg’ undeclared (first use in this function)
TestApp_Peripheral_ppc440_0_wbEncoder/src/wbEncoder.c: In function ‘wbEncoder_CfgInitialize’:
TestApp_Peripheral_ppc440_0_wbEncoder/src/wbEncoder.c:45: error: ‘instPtr’ undeclared (first use in this function)
TestApp_Peripheral_ppc440_0_wbEncoder/src/wbEncoder.c:45: error: (Each undeclared identifier is reported only once
TestApp_Peripheral_ppc440_0_wbEncoder/src/wbEncoder.c:45: error: for each function it appears in.)
TestApp_Peripheral_ppc440_0_wbEncoder/src/wbEncoder.c: In function ‘wbEncoder_LookupConfig’:
TestApp_Peripheral_ppc440_0_wbEncoder/src/wbEncoder.c:60: error: ‘XPAR_PLBV46_2_WB_ENCODER_NUM_INSTANCES’ undeclared (first use in this function)
TestApp_Peripheral_ppc440_0_wbEncoder/src/wbEncoder.c:61: error: ‘deviceId’ undeclared (first use in this function)
TestApp_Peripheral_ppc440_0_wbEncoder/src/wbEncoder.c:62: error: ‘configPtr’ undeclared (first use in this function)
TestApp_Peripheral_ppc440_0_wbEncoder/src/wbEncoder.c: In function ‘wbEncoder_Initialize’:
TestApp_Peripheral_ppc440_0_wbEncoder/src/wbEncoder.c:78: error: ‘instPtr’ undeclared (first use in this function)
TestApp_Peripheral_ppc440_0_wbEncoder/src/wbEncoder.c:80: error: ‘configPtr’ undeclared (first use in this function)
make: *** [TestApp_Peripheral_wb_encoder/executable.elf] Error 1



Done!

At Local date and time: Tue Jun  8 16:58:48 2010
 make -f system.make TestApp_Peripheral_wb_encoder_program started...

powerpc-eabi-gcc -O2 TestApp_Peripheral_ppc440_0_wbEncoder/src/TespApp_wbEncoder.c TestApp_Peripheral_ppc440_0_wbEncoder/src/wbEncoder_intc.c TestApp_Peripheral_ppc440_0_wbEncoder/src/wbEncoder.c  -o TestApp_Peripheral_wb_encoder/executable.elf \
	    -mcpu=440   -g    -I./ppc440_0/include/  -ITestApp_Peripheral_ppc440_0_wbEncoder/src/  -L./ppc440_0/lib/  \
	  
TestApp_Peripheral_ppc440_0_wbEncoder/src/TespApp_wbEncoder.c: In function ‘wbEncoderExample’:
TestApp_Peripheral_ppc440_0_wbEncoder/src/TespApp_wbEncoder.c:83: warning: passing argument 1 of ‘wbEncoder_IntSetup’ from incompatible pointer type
TestApp_Peripheral_ppc440_0_wbEncoder/src/TespApp_wbEncoder.c:83: warning: passing argument 2 of ‘wbEncoder_IntSetup’ makes pointer from integer without a cast
TestApp_Peripheral_ppc440_0_wbEncoder/src/TespApp_wbEncoder.c:83: warning: passing argument 3 of ‘wbEncoder_IntSetup’ makes integer from pointer without a cast
TestApp_Peripheral_ppc440_0_wbEncoder/src/TespApp_wbEncoder.c: In function ‘wbEncoderIntHandler’:
TestApp_Peripheral_ppc440_0_wbEncoder/src/TespApp_wbEncoder.c:163: error: too many arguments to function ‘Xil_In32’
TestApp_Peripheral_ppc440_0_wbEncoder/src/TespApp_wbEncoder.c: In function ‘wbEncoder_IntSetup’:
TestApp_Peripheral_ppc440_0_wbEncoder/src/TespApp_wbEncoder.c:190: error: ‘XST_SUCESS’ undeclared (first use in this function)
TestApp_Peripheral_ppc440_0_wbEncoder/src/TespApp_wbEncoder.c:190: error: (Each undeclared identifier is reported only once
TestApp_Peripheral_ppc440_0_wbEncoder/src/TespApp_wbEncoder.c:190: error: for each function it appears in.)
TestApp_Peripheral_ppc440_0_wbEncoder/src/TespApp_wbEncoder.c:194: error: too few arguments to function ‘wbEncoder_InterruptEnable’
TestApp_Peripheral_ppc440_0_wbEncoder/src/TespApp_wbEncoder.c:202: error: ‘XIL_EXCEPTION_ID_INT’ undeclared (first use in this function)
TestApp_Peripheral_ppc440_0_wbEncoder/src/TespApp_wbEncoder.c:203: error: ‘Xil_ExceptionHandler’ undeclared (first use in this function)
TestApp_Peripheral_ppc440_0_wbEncoder/src/TespApp_wbEncoder.c:203: error: expected ‘)’ before ‘XIntc_InterruptHandler’
TestApp_Peripheral_ppc440_0_wbEncoder/src/wbEncoder_intc.c: In function ‘wbEncoder_InterruptGlobalEnable’:
TestApp_Peripheral_ppc440_0_wbEncoder/src/wbEncoder_intc.c:43: error: expected ‘)’ before ‘->’ token
TestApp_Peripheral_ppc440_0_wbEncoder/src/wbEncoder_intc.c:43: error: conversion to non-scalar type requested
TestApp_Peripheral_ppc440_0_wbEncoder/src/wbEncoder_intc.c:47: error: expected ‘)’ before ‘->’ token
TestApp_Peripheral_ppc440_0_wbEncoder/src/wbEncoder_intc.c:47: error: conversion to non-scalar type requested
TestApp_Peripheral_ppc440_0_wbEncoder/src/wbEncoder_intc.c:51: error: expected ‘)’ before ‘->’ token
TestApp_Peripheral_ppc440_0_wbEncoder/src/wbEncoder_intc.c:51: error: conversion to non-scalar type requested
TestApp_Peripheral_ppc440_0_wbEncoder/src/wbEncoder_intc.c: In function ‘wbEncoder_InterruptGlobalDisable’:
TestApp_Peripheral_ppc440_0_wbEncoder/src/wbEncoder_intc.c:62: error: expected ‘)’ before ‘->’ token
TestApp_Peripheral_ppc440_0_wbEncoder/src/wbEncoder_intc.c:62: error: conversion to non-scalar type requested
TestApp_Peripheral_ppc440_0_wbEncoder/src/wbEncoder.c: In function ‘wbEncoder_CfgInitialize’:
TestApp_Peripheral_ppc440_0_wbEncoder/src/wbEncoder.c:45: error: ‘instPtr’ undeclared (first use in this function)
TestApp_Peripheral_ppc440_0_wbEncoder/src/wbEncoder.c:45: error: (Each undeclared identifier is reported only once
TestApp_Peripheral_ppc440_0_wbEncoder/src/wbEncoder.c:45: error: for each function it appears in.)
TestApp_Peripheral_ppc440_0_wbEncoder/src/wbEncoder.c: In function ‘wbEncoder_LookupConfig’:
TestApp_Peripheral_ppc440_0_wbEncoder/src/wbEncoder.c:60: error: ‘XPAR_PLBV46_2_WB_ENCODER_NUM_INSTANCES’ undeclared (first use in this function)
TestApp_Peripheral_ppc440_0_wbEncoder/src/wbEncoder.c:61: error: ‘deviceId’ undeclared (first use in this function)
TestApp_Peripheral_ppc440_0_wbEncoder/src/wbEncoder.c:62: error: ‘configPtr’ undeclared (first use in this function)
TestApp_Peripheral_ppc440_0_wbEncoder/src/wbEncoder.c: In function ‘wbEncoder_Initialize’:
TestApp_Peripheral_ppc440_0_wbEncoder/src/wbEncoder.c:78: error: ‘instPtr’ undeclared (first use in this function)
TestApp_Peripheral_ppc440_0_wbEncoder/src/wbEncoder.c:80: error: ‘configPtr’ undeclared (first use in this function)
make: *** [TestApp_Peripheral_wb_encoder/executable.elf] Error 1



Done!

At Local date and time: Tue Jun  8 17:05:07 2010
 make -f system.make TestApp_Peripheral_wb_encoder_program started...

powerpc-eabi-gcc -O2 TestApp_Peripheral_ppc440_0_wbEncoder/src/TespApp_wbEncoder.c TestApp_Peripheral_ppc440_0_wbEncoder/src/wbEncoder_intc.c TestApp_Peripheral_ppc440_0_wbEncoder/src/wbEncoder.c  -o TestApp_Peripheral_wb_encoder/executable.elf \
	    -mcpu=440   -g    -I./ppc440_0/include/  -ITestApp_Peripheral_ppc440_0_wbEncoder/src/  -L./ppc440_0/lib/  \
	  
TestApp_Peripheral_ppc440_0_wbEncoder/src/TespApp_wbEncoder.c: In function ‘wbEncoderExample’:
TestApp_Peripheral_ppc440_0_wbEncoder/src/TespApp_wbEncoder.c:83: warning: passing argument 1 of ‘wbEncoder_IntSetup’ from incompatible pointer type
TestApp_Peripheral_ppc440_0_wbEncoder/src/TespApp_wbEncoder.c:83: warning: passing argument 2 of ‘wbEncoder_IntSetup’ makes pointer from integer without a cast
TestApp_Peripheral_ppc440_0_wbEncoder/src/TespApp_wbEncoder.c:83: warning: passing argument 3 of ‘wbEncoder_IntSetup’ makes integer from pointer without a cast
TestApp_Peripheral_ppc440_0_wbEncoder/src/TespApp_wbEncoder.c: In function ‘wbEncoderIntHandler’:
TestApp_Peripheral_ppc440_0_wbEncoder/src/TespApp_wbEncoder.c:163: error: too many arguments to function ‘Xil_In32’
TestApp_Peripheral_ppc440_0_wbEncoder/src/TespApp_wbEncoder.c: In function ‘wbEncoder_IntSetup’:
TestApp_Peripheral_ppc440_0_wbEncoder/src/TespApp_wbEncoder.c:194: error: too few arguments to function ‘wbEncoder_InterruptEnable’
TestApp_Peripheral_ppc440_0_wbEncoder/src/TespApp_wbEncoder.c:211: error: ‘XST_SUCESS’ undeclared (first use in this function)
TestApp_Peripheral_ppc440_0_wbEncoder/src/TespApp_wbEncoder.c:211: error: (Each undeclared identifier is reported only once
TestApp_Peripheral_ppc440_0_wbEncoder/src/TespApp_wbEncoder.c:211: error: for each function it appears in.)

TestApp_Peripheral_ppc440_0_wbEncoder/src/wbEncoder_intc.c: In function ‘wbEncoder_InterruptGlobalEnable’:
TestApp_Peripheral_ppc440_0_wbEncoder/src/wbEncoder_intc.c:44: error: expected ‘)’ before ‘->’ token
TestApp_Peripheral_ppc440_0_wbEncoder/src/wbEncoder_intc.c:44: error: conversion to non-scalar type requested
TestApp_Peripheral_ppc440_0_wbEncoder/src/wbEncoder_intc.c:48: error: expected ‘)’ before ‘->’ token
TestApp_Peripheral_ppc440_0_wbEncoder/src/wbEncoder_intc.c:48: error: conversion to non-scalar type requested
TestApp_Peripheral_ppc440_0_wbEncoder/src/wbEncoder_intc.c:52: error: expected ‘)’ before ‘->’ token
TestApp_Peripheral_ppc440_0_wbEncoder/src/wbEncoder_intc.c:52: error: conversion to non-scalar type requested
TestApp_Peripheral_ppc440_0_wbEncoder/src/wbEncoder_intc.c: In function ‘wbEncoder_InterruptGlobalDisable’:
TestApp_Peripheral_ppc440_0_wbEncoder/src/wbEncoder_intc.c:63: error: expected ‘)’ before ‘->’ token
TestApp_Peripheral_ppc440_0_wbEncoder/src/wbEncoder_intc.c:63: error: conversion to non-scalar type requested
TestApp_Peripheral_ppc440_0_wbEncoder/src/wbEncoder.c: In function ‘wbEncoder_CfgInitialize’:
TestApp_Peripheral_ppc440_0_wbEncoder/src/wbEncoder.c:45: error: ‘instPtr’ undeclared (first use in this function)
TestApp_Peripheral_ppc440_0_wbEncoder/src/wbEncoder.c:45: error: (Each undeclared identifier is reported only once
TestApp_Peripheral_ppc440_0_wbEncoder/src/wbEncoder.c:45: error: for each function it appears in.)
TestApp_Peripheral_ppc440_0_wbEncoder/src/wbEncoder.c: In function ‘wbEncoder_LookupConfig’:
TestApp_Peripheral_ppc440_0_wbEncoder/src/wbEncoder.c:60: error: ‘XPAR_PLBV46_2_WB_ENCODER_NUM_INSTANCES’ undeclared (first use in this function)
TestApp_Peripheral_ppc440_0_wbEncoder/src/wbEncoder.c:61: error: ‘deviceId’ undeclared (first use in this function)
TestApp_Peripheral_ppc440_0_wbEncoder/src/wbEncoder.c:62: error: ‘configPtr’ undeclared (first use in this function)
TestApp_Peripheral_ppc440_0_wbEncoder/src/wbEncoder.c: In function ‘wbEncoder_Initialize’:
TestApp_Peripheral_ppc440_0_wbEncoder/src/wbEncoder.c:78: error: ‘instPtr’ undeclared (first use in this function)
make: *** [TestApp_Peripheral_wb_encoder/executable.elf] Error 1



Done!

At Local date and time: Tue Jun  8 17:09:54 2010
 make -f system.make TestApp_Peripheral_wb_encoder_program started...

powerpc-eabi-gcc -O2 TestApp_Peripheral_ppc440_0_wbEncoder/src/TespApp_wbEncoder.c TestApp_Peripheral_ppc440_0_wbEncoder/src/wbEncoder_intc.c TestApp_Peripheral_ppc440_0_wbEncoder/src/wbEncoder.c  -o TestApp_Peripheral_wb_encoder/executable.elf \
	    -mcpu=440   -g    -I./ppc440_0/include/  -ITestApp_Peripheral_ppc440_0_wbEncoder/src/  -L./ppc440_0/lib/  \
	  
TestApp_Peripheral_ppc440_0_wbEncoder/src/TespApp_wbEncoder.c: In function ‘wbEncoderIntHandler’:
TestApp_Peripheral_ppc440_0_wbEncoder/src/TespApp_wbEncoder.c:162: error: too many arguments to function ‘Xil_In32’
TestApp_Peripheral_ppc440_0_wbEncoder/src/TespApp_wbEncoder.c: In function ‘wbEncoder_IntSetup’:
TestApp_Peripheral_ppc440_0_wbEncoder/src/TespApp_wbEncoder.c:193: error: too few arguments to function ‘wbEncoder_InterruptEnable’
TestApp_Peripheral_ppc440_0_wbEncoder/src/TespApp_wbEncoder.c:210: error: ‘XST_SUCESS’ undeclared (first use in this function)
TestApp_Peripheral_ppc440_0_wbEncoder/src/TespApp_wbEncoder.c:210: error: (Each undeclared identifier is reported only once
TestApp_Peripheral_ppc440_0_wbEncoder/src/TespApp_wbEncoder.c:210: error: for each function it appears in.)

TestApp_Peripheral_ppc440_0_wbEncoder/src/wbEncoder_intc.c: In function ‘wbEncoder_InterruptGlobalEnable’:
TestApp_Peripheral_ppc440_0_wbEncoder/src/wbEncoder_intc.c:44: error: expected ‘)’ before ‘->’ token
TestApp_Peripheral_ppc440_0_wbEncoder/src/wbEncoder_intc.c:44: error: conversion to non-scalar type requested
TestApp_Peripheral_ppc440_0_wbEncoder/src/wbEncoder_intc.c:48: error: expected ‘)’ before ‘->’ token
TestApp_Peripheral_ppc440_0_wbEncoder/src/wbEncoder_intc.c:48: error: conversion to non-scalar type requested
TestApp_Peripheral_ppc440_0_wbEncoder/src/wbEncoder_intc.c:52: error: expected ‘)’ before ‘->’ token
TestApp_Peripheral_ppc440_0_wbEncoder/src/wbEncoder_intc.c:52: error: conversion to non-scalar type requested
TestApp_Peripheral_ppc440_0_wbEncoder/src/wbEncoder_intc.c: In function ‘wbEncoder_InterruptGlobalDisable’:
TestApp_Peripheral_ppc440_0_wbEncoder/src/wbEncoder_intc.c:63: error: expected ‘)’ before ‘->’ token
TestApp_Peripheral_ppc440_0_wbEncoder/src/wbEncoder_intc.c:63: error: conversion to non-scalar type requested
TestApp_Peripheral_ppc440_0_wbEncoder/src/wbEncoder.c: In function ‘wbEncoder_CfgInitialize’:
TestApp_Peripheral_ppc440_0_wbEncoder/src/wbEncoder.c:45: error: ‘instPtr’ undeclared (first use in this function)
TestApp_Peripheral_ppc440_0_wbEncoder/src/wbEncoder.c:45: error: (Each undeclared identifier is reported only once
TestApp_Peripheral_ppc440_0_wbEncoder/src/wbEncoder.c:45: error: for each function it appears in.)
TestApp_Peripheral_ppc440_0_wbEncoder/src/wbEncoder.c: In function ‘wbEncoder_LookupConfig’:
TestApp_Peripheral_ppc440_0_wbEncoder/src/wbEncoder.c:60: error: ‘XPAR_PLBV46_2_WB_ENCODER_NUM_INSTANCES’ undeclared (first use in this function)
TestApp_Peripheral_ppc440_0_wbEncoder/src/wbEncoder.c:61: error: ‘deviceId’ undeclared (first use in this function)
TestApp_Peripheral_ppc440_0_wbEncoder/src/wbEncoder.c:62: error: ‘configPtr’ undeclared (first use in this function)
TestApp_Peripheral_ppc440_0_wbEncoder/src/wbEncoder.c: In function ‘wbEncoder_Initialize’:
TestApp_Peripheral_ppc440_0_wbEncoder/src/wbEncoder.c:78: error: ‘instPtr’ undeclared (first use in this function)
make: *** [TestApp_Peripheral_wb_encoder/executable.elf] Error 1



Done!

At Local date and time: Tue Jun  8 17:15:41 2010
 make -f system.make TestApp_Peripheral_wb_encoder_program started...

powerpc-eabi-gcc -O2 TestApp_Peripheral_ppc440_0_wbEncoder/src/TespApp_wbEncoder.c TestApp_Peripheral_ppc440_0_wbEncoder/src/wbEncoder_intc.c TestApp_Peripheral_ppc440_0_wbEncoder/src/wbEncoder.c  -o TestApp_Peripheral_wb_encoder/executable.elf \
	    -mcpu=440   -g    -I./ppc440_0/include/  -ITestApp_Peripheral_ppc440_0_wbEncoder/src/  -L./ppc440_0/lib/  \
	  
TestApp_Peripheral_ppc440_0_wbEncoder/src/TespApp_wbEncoder.c: In function ‘wbEncoderIntHandler’:
TestApp_Peripheral_ppc440_0_wbEncoder/src/TespApp_wbEncoder.c:162: error: too many arguments to function ‘Xil_In32’

TestApp_Peripheral_ppc440_0_wbEncoder/src/wbEncoder_intc.c: In function ‘wbEncoder_InterruptGlobalEnable’:
TestApp_Peripheral_ppc440_0_wbEncoder/src/wbEncoder_intc.c:45: error: expected ‘)’ before ‘->’ token
TestApp_Peripheral_ppc440_0_wbEncoder/src/wbEncoder_intc.c:45: error: conversion to non-scalar type requested
TestApp_Peripheral_ppc440_0_wbEncoder/src/wbEncoder_intc.c:49: error: expected ‘)’ before ‘->’ token
TestApp_Peripheral_ppc440_0_wbEncoder/src/wbEncoder_intc.c:49: error: conversion to non-scalar type requested
TestApp_Peripheral_ppc440_0_wbEncoder/src/wbEncoder_intc.c:53: error: expected ‘)’ before ‘->’ token
TestApp_Peripheral_ppc440_0_wbEncoder/src/wbEncoder_intc.c:53: error: conversion to non-scalar type requested
TestApp_Peripheral_ppc440_0_wbEncoder/src/wbEncoder_intc.c: In function ‘wbEncoder_InterruptGlobalDisable’:
TestApp_Peripheral_ppc440_0_wbEncoder/src/wbEncoder_intc.c:64: error: expected ‘)’ before ‘->’ token
TestApp_Peripheral_ppc440_0_wbEncoder/src/wbEncoder_intc.c:64: error: conversion to non-scalar type requested
TestApp_Peripheral_ppc440_0_wbEncoder/src/wbEncoder.c: In function ‘wbEncoder_CfgInitialize’:
TestApp_Peripheral_ppc440_0_wbEncoder/src/wbEncoder.c:40: error: ‘instPrt’ undeclared (first use in this function)
TestApp_Peripheral_ppc440_0_wbEncoder/src/wbEncoder.c:40: error: (Each undeclared identifier is reported only once
TestApp_Peripheral_ppc440_0_wbEncoder/src/wbEncoder.c:40: error: for each function it appears in.)
TestApp_Peripheral_ppc440_0_wbEncoder/src/wbEncoder.c: In function ‘wbEncoder_LookupConfig’:
TestApp_Peripheral_ppc440_0_wbEncoder/src/wbEncoder.c:60: error: ‘XPAR_PLBV46_2_WB_ENCODER_NUM_INSTANCES’ undeclared (first use in this function)
TestApp_Peripheral_ppc440_0_wbEncoder/src/wbEncoder.c:62: error: ‘configPtr’ undeclared (first use in this function)
TestApp_Peripheral_ppc440_0_wbEncoder/src/wbEncoder.c: In function ‘wbEncoder_Initialize’:
TestApp_Peripheral_ppc440_0_wbEncoder/src/wbEncoder.c:84: error: ‘instPrt’ undeclared (first use in this function)
make: *** [TestApp_Peripheral_wb_encoder/executable.elf] Error 1



Done!

At Local date and time: Tue Jun  8 17:17:33 2010
 make -f system.make TestApp_Peripheral_wb_encoder_program started...

powerpc-eabi-gcc -O2 TestApp_Peripheral_ppc440_0_wbEncoder/src/TespApp_wbEncoder.c TestApp_Peripheral_ppc440_0_wbEncoder/src/wbEncoder_intc.c TestApp_Peripheral_ppc440_0_wbEncoder/src/wbEncoder.c  -o TestApp_Peripheral_wb_encoder/executable.elf \
	    -mcpu=440   -g    -I./ppc440_0/include/  -ITestApp_Peripheral_ppc440_0_wbEncoder/src/  -L./ppc440_0/lib/  \
	  
TestApp_Peripheral_ppc440_0_wbEncoder/src/TespApp_wbEncoder.c: In function ‘wbEncoderIntHandler’:
TestApp_Peripheral_ppc440_0_wbEncoder/src/TespApp_wbEncoder.c:162: error: too many arguments to function ‘Xil_In32’
TestApp_Peripheral_ppc440_0_wbEncoder/src/wbEncoder_intc.c: In function ‘wbEncoder_InterruptGlobalEnable’:
TestApp_Peripheral_ppc440_0_wbEncoder/src/wbEncoder_intc.c:45: error: ‘instPtr’ undeclared (first use in this function)
TestApp_Peripheral_ppc440_0_wbEncoder/src/wbEncoder_intc.c:45: error: (Each undeclared identifier is reported only once
TestApp_Peripheral_ppc440_0_wbEncoder/src/wbEncoder_intc.c:45: error: for each function it appears in.)
TestApp_Peripheral_ppc440_0_wbEncoder/src/wbEncoder_intc.c:49: error: expected ‘)’ before ‘->’ token
TestApp_Peripheral_ppc440_0_wbEncoder/src/wbEncoder_intc.c:49: error: conversion to non-scalar type requested
TestApp_Peripheral_ppc440_0_wbEncoder/src/wbEncoder_intc.c:53: error: expected ‘)’ before ‘->’ token
TestApp_Peripheral_ppc440_0_wbEncoder/src/wbEncoder_intc.c:53: error: conversion to non-scalar type requested
TestApp_Peripheral_ppc440_0_wbEncoder/src/wbEncoder_intc.c: In function ‘wbEncoder_InterruptGlobalDisable’:
TestApp_Peripheral_ppc440_0_wbEncoder/src/wbEncoder_intc.c:64: error: expected ‘)’ before ‘->’ token
TestApp_Peripheral_ppc440_0_wbEncoder/src/wbEncoder_intc.c:64: error: conversion to non-scalar type requested

TestApp_Peripheral_ppc440_0_wbEncoder/src/wbEncoder.c: In function ‘wbEncoder_LookupConfig’:
TestApp_Peripheral_ppc440_0_wbEncoder/src/wbEncoder.c:61: error: ‘XPAR_PLBV46_2_WB_ENCODER_NUM_INSTANCES’ undeclared (first use in this function)
TestApp_Peripheral_ppc440_0_wbEncoder/src/wbEncoder.c:61: error: (Each undeclared identifier is reported only once
TestApp_Peripheral_ppc440_0_wbEncoder/src/wbEncoder.c:61: error: for each function it appears in.)
TestApp_Peripheral_ppc440_0_wbEncoder/src/wbEncoder.c:63: error: ‘configPtr’ undeclared (first use in this function)
TestApp_Peripheral_ppc440_0_wbEncoder/src/wbEncoder.c: In function ‘wbEncoder_Initialize’:
TestApp_Peripheral_ppc440_0_wbEncoder/src/wbEncoder.c:85: error: ‘instPrt’ undeclared (first use in this function)
make: *** [TestApp_Peripheral_wb_encoder/executable.elf] Error 1



Done!

At Local date and time: Tue Jun  8 17:19:54 2010
 make -f system.make TestApp_Peripheral_wb_encoder_program started...

powerpc-eabi-gcc -O2 TestApp_Peripheral_ppc440_0_wbEncoder/src/TespApp_wbEncoder.c TestApp_Peripheral_ppc440_0_wbEncoder/src/wbEncoder_intc.c TestApp_Peripheral_ppc440_0_wbEncoder/src/wbEncoder.c  -o TestApp_Peripheral_wb_encoder/executable.elf \
	    -mcpu=440   -g    -I./ppc440_0/include/  -ITestApp_Peripheral_ppc440_0_wbEncoder/src/  -L./ppc440_0/lib/  \
	  
TestApp_Peripheral_ppc440_0_wbEncoder/src/TespApp_wbEncoder.c: In function ‘wbEncoderIntHandler’:
TestApp_Peripheral_ppc440_0_wbEncoder/src/TespApp_wbEncoder.c:162: error: too many arguments to function ‘Xil_In32’

TestApp_Peripheral_ppc440_0_wbEncoder/src/wbEncoder_intc.c: In function ‘wbEncoder_InterruptGlobalDisable’:
TestApp_Peripheral_ppc440_0_wbEncoder/src/wbEncoder_intc.c:64: error: expected ‘)’ before ‘->’ token
TestApp_Peripheral_ppc440_0_wbEncoder/src/wbEncoder_intc.c:64: error: conversion to non-scalar type requested
TestApp_Peripheral_ppc440_0_wbEncoder/src/wbEncoder.c: In function ‘wbEncoder_LookupConfig’:
TestApp_Peripheral_ppc440_0_wbEncoder/src/wbEncoder.c:62: error: ‘XPAR_PLBV46_2_WB_ENCODER_NUM_INSTANCES’ undeclared (first use in this function)
TestApp_Peripheral_ppc440_0_wbEncoder/src/wbEncoder.c:62: error: (Each undeclared identifier is reported only once
TestApp_Peripheral_ppc440_0_wbEncoder/src/wbEncoder.c:62: error: for each function it appears in.)
TestApp_Peripheral_ppc440_0_wbEncoder/src/wbEncoder.c:64: error: ‘configPtr’ undeclared (first use in this function)
make: *** [TestApp_Peripheral_wb_encoder/executable.elf] Error 1



Done!

At Local date and time: Tue Jun  8 17:23:01 2010
 make -f system.make TestApp_Peripheral_wb_encoder_program started...

powerpc-eabi-gcc -O2 TestApp_Peripheral_ppc440_0_wbEncoder/src/TespApp_wbEncoder.c TestApp_Peripheral_ppc440_0_wbEncoder/src/wbEncoder_intc.c TestApp_Peripheral_ppc440_0_wbEncoder/src/wbEncoder.c  -o TestApp_Peripheral_wb_encoder/executable.elf \
	    -mcpu=440   -g    -I./ppc440_0/include/  -ITestApp_Peripheral_ppc440_0_wbEncoder/src/  -L./ppc440_0/lib/  \
	  
TestApp_Peripheral_ppc440_0_wbEncoder/src/TespApp_wbEncoder.c: In function ‘wbEncoderIntHandler’:
TestApp_Peripheral_ppc440_0_wbEncoder/src/TespApp_wbEncoder.c:162: error: too many arguments to function ‘Xil_In32’

TestApp_Peripheral_ppc440_0_wbEncoder/src/wbEncoder_intc.c: In function ‘wbEncoder_InterruptGlobalDisable’:
TestApp_Peripheral_ppc440_0_wbEncoder/src/wbEncoder_intc.c:64: error: ‘instPtr’ undeclared (first use in this function)
TestApp_Peripheral_ppc440_0_wbEncoder/src/wbEncoder_intc.c:64: error: (Each undeclared identifier is reported only once
TestApp_Peripheral_ppc440_0_wbEncoder/src/wbEncoder_intc.c:64: error: for each function it appears in.)

make: *** [TestApp_Peripheral_wb_encoder/executable.elf] Error 1



Done!

At Local date and time: Tue Jun  8 17:23:55 2010
 make -f system.make TestApp_Peripheral_wb_encoder_program started...

powerpc-eabi-gcc -O2 TestApp_Peripheral_ppc440_0_wbEncoder/src/TespApp_wbEncoder.c TestApp_Peripheral_ppc440_0_wbEncoder/src/wbEncoder_intc.c TestApp_Peripheral_ppc440_0_wbEncoder/src/wbEncoder.c  -o TestApp_Peripheral_wb_encoder/executable.elf \
	    -mcpu=440   -g    -I./ppc440_0/include/  -ITestApp_Peripheral_ppc440_0_wbEncoder/src/  -L./ppc440_0/lib/  \
	  
TestApp_Peripheral_ppc440_0_wbEncoder/src/TespApp_wbEncoder.c: In function ‘wbEncoderIntHandler’:
TestApp_Peripheral_ppc440_0_wbEncoder/src/TespApp_wbEncoder.c:162: error: too many arguments to function ‘Xil_In32’

make: *** [TestApp_Peripheral_wb_encoder/executable.elf] Error 1



Done!

At Local date and time: Tue Jun  8 17:25:55 2010
 make -f system.make TestApp_Peripheral_wb_encoder_program started...

powerpc-eabi-gcc -O2 TestApp_Peripheral_ppc440_0_wbEncoder/src/TespApp_wbEncoder.c TestApp_Peripheral_ppc440_0_wbEncoder/src/wbEncoder_intc.c TestApp_Peripheral_ppc440_0_wbEncoder/src/wbEncoder.c  -o TestApp_Peripheral_wb_encoder/executable.elf \
	    -mcpu=440   -g    -I./ppc440_0/include/  -ITestApp_Peripheral_ppc440_0_wbEncoder/src/  -L./ppc440_0/lib/  \
	  
TestApp_Peripheral_ppc440_0_wbEncoder/src/TespApp_wbEncoder.c: In function ‘wbEncoderIntHandler’:
TestApp_Peripheral_ppc440_0_wbEncoder/src/TespApp_wbEncoder.c:162: error: too many arguments to function ‘Xil_In32’

make: *** [TestApp_Peripheral_wb_encoder/executable.elf] Error 1



Done!

At Local date and time: Tue Jun  8 17:28:22 2010
 make -f system.make TestApp_Peripheral_wb_encoder_program started...

powerpc-eabi-gcc -O2 TestApp_Peripheral_ppc440_0_wbEncoder/src/TespApp_wbEncoder.c TestApp_Peripheral_ppc440_0_wbEncoder/src/wbEncoder_intc.c TestApp_Peripheral_ppc440_0_wbEncoder/src/wbEncoder.c  -o TestApp_Peripheral_wb_encoder/executable.elf \
	    -mcpu=440   -g    -I./ppc440_0/include/  -ITestApp_Peripheral_ppc440_0_wbEncoder/src/  -L./ppc440_0/lib/  \
	  
TestApp_Peripheral_ppc440_0_wbEncoder/src/TespApp_wbEncoder.c: In function ‘wbEncoderIntHandler’:
TestApp_Peripheral_ppc440_0_wbEncoder/src/TespApp_wbEncoder.c:162: error: too many arguments to function ‘Xil_In32’

make: *** [TestApp_Peripheral_wb_encoder/executable.elf] Error 1



Done!

At Local date and time: Tue Jun  8 17:31:24 2010
 make -f system.make TestApp_Peripheral_wb_encoder_program started...

powerpc-eabi-gcc -O2 TestApp_Peripheral_ppc440_0_wbEncoder/src/TespApp_wbEncoder.c TestApp_Peripheral_ppc440_0_wbEncoder/src/wbEncoder_intc.c TestApp_Peripheral_ppc440_0_wbEncoder/src/wbEncoder.c  -o TestApp_Peripheral_wb_encoder/executable.elf \
	    -mcpu=440   -g    -I./ppc440_0/include/  -ITestApp_Peripheral_ppc440_0_wbEncoder/src/  -L./ppc440_0/lib/  \
	  
TestApp_Peripheral_ppc440_0_wbEncoder/src/TespApp_wbEncoder.c: In function ‘wbEncoderIntHandler’:
TestApp_Peripheral_ppc440_0_wbEncoder/src/TespApp_wbEncoder.c:162: error: too many arguments to function ‘Xil_In32’

make: *** [TestApp_Peripheral_wb_encoder/executable.elf] Error 1



Done!

Save project successfully

Writing filter settings....

Done writing filter settings to:
	/home/aalonso/workspace/xlnx/xilinx-ml507-updated/__xps/system.filters

Done writing Tab View settings to:
	/home/aalonso/workspace/xlnx/xilinx-ml507-updated/__xps/system.gui

